[2024-12-24T18:49:43.940+0000] {local_task_job_runner.py:123} INFO - ::group::Pre task execution logs
[2024-12-24T18:49:43.990+0000] {taskinstance.py:2613} INFO - Dependencies all met for dep_context=non-requeueable deps ti=<TaskInstance: Gold_finance_ETL_pipeline.fetch_max_date manual__2024-12-24T18:49:31.462353+00:00 [queued]>
[2024-12-24T18:49:44.008+0000] {taskinstance.py:2613} INFO - Dependencies all met for dep_context=requeueable deps ti=<TaskInstance: Gold_finance_ETL_pipeline.fetch_max_date manual__2024-12-24T18:49:31.462353+00:00 [queued]>
[2024-12-24T18:49:44.009+0000] {taskinstance.py:2866} INFO - Starting attempt 1 of 3
[2024-12-24T18:49:44.038+0000] {taskinstance.py:2889} INFO - Executing <Task(PythonOperator): fetch_max_date> on 2024-12-24 18:49:31.462353+00:00
[2024-12-24T18:49:44.054+0000] {warnings.py:112} WARNING - /home/***/.local/lib/python3.12/site-packages/***/task/task_runner/standard_task_runner.py:70: DeprecationWarning: This process (pid=488) is multi-threaded, use of fork() may lead to deadlocks in the child.
  pid = os.fork()

[2024-12-24T18:49:44.061+0000] {standard_task_runner.py:72} INFO - Started process 490 to run task
[2024-12-24T18:49:44.058+0000] {standard_task_runner.py:104} INFO - Running: ['***', 'tasks', 'run', 'Gold_finance_ETL_pipeline', 'fetch_max_date', 'manual__2024-12-24T18:49:31.462353+00:00', '--job-id', '9', '--raw', '--subdir', 'DAGS_FOLDER/finance_etl_dags.py', '--cfg-path', '/tmp/tmpdt9b2lrq']
[2024-12-24T18:49:44.066+0000] {standard_task_runner.py:105} INFO - Job 9: Subtask fetch_max_date
[2024-12-24T18:49:44.493+0000] {task_command.py:467} INFO - Running <TaskInstance: Gold_finance_ETL_pipeline.fetch_max_date manual__2024-12-24T18:49:31.462353+00:00 [running]> on host 3dbe838a1c54
[2024-12-24T18:49:44.810+0000] {taskinstance.py:3132} INFO - Exporting env vars: AIRFLOW_CTX_DAG_EMAIL='myemail@domain.com' AIRFLOW_CTX_DAG_OWNER='***' AIRFLOW_CTX_DAG_ID='Gold_finance_ETL_pipeline' AIRFLOW_CTX_TASK_ID='fetch_max_date' AIRFLOW_CTX_EXECUTION_DATE='2024-12-24T18:49:31.462353+00:00' AIRFLOW_CTX_TRY_NUMBER='1' AIRFLOW_CTX_DAG_RUN_ID='manual__2024-12-24T18:49:31.462353+00:00'
[2024-12-24T18:49:44.811+0000] {taskinstance.py:731} INFO - ::endgroup::
[2024-12-24T18:49:44.923+0000] {logging_mixin.py:190} INFO - Error fetching max date: name 'PostgresHook' is not defined
[2024-12-24T18:49:44.924+0000] {python.py:240} INFO - Done. Returned value was: 2000-01-01 00:00:00
[2024-12-24T18:49:45.095+0000] {taskinstance.py:340} INFO - ::group::Post task execution logs
[2024-12-24T18:49:45.096+0000] {taskinstance.py:352} INFO - Marking task as SUCCESS. dag_id=Gold_finance_ETL_pipeline, task_id=fetch_max_date, run_id=manual__2024-12-24T18:49:31.462353+00:00, execution_date=20241224T184931, start_date=20241224T184943, end_date=20241224T184945
[2024-12-24T18:49:45.158+0000] {local_task_job_runner.py:266} INFO - Task exited with return code 0
[2024-12-24T18:49:45.203+0000] {taskinstance.py:3895} INFO - 1 downstream tasks scheduled from follow-on schedule check
[2024-12-24T18:49:45.208+0000] {local_task_job_runner.py:245} INFO - ::endgroup::
