[2025-01-02T14:20:00.306+0000] {local_task_job_runner.py:123} INFO - ::group::Pre task execution logs
[2025-01-02T14:20:00.389+0000] {taskinstance.py:2613} INFO - Dependencies all met for dep_context=non-requeueable deps ti=<TaskInstance: gold_finance_data_pipeline.execute_procedure_task manual__2025-01-02T14:19:46.110395+00:00 [queued]>
[2025-01-02T14:20:00.437+0000] {taskinstance.py:2613} INFO - Dependencies all met for dep_context=requeueable deps ti=<TaskInstance: gold_finance_data_pipeline.execute_procedure_task manual__2025-01-02T14:19:46.110395+00:00 [queued]>
[2025-01-02T14:20:00.438+0000] {taskinstance.py:2866} INFO - Starting attempt 1 of 3
[2025-01-02T14:20:00.535+0000] {taskinstance.py:2889} INFO - Executing <Task(PythonOperator): execute_procedure_task> on 2025-01-02 14:19:46.110395+00:00
[2025-01-02T14:20:00.573+0000] {warnings.py:112} WARNING - /home/***/.local/lib/python3.12/site-packages/***/task/task_runner/standard_task_runner.py:70: DeprecationWarning: This process (pid=183) is multi-threaded, use of fork() may lead to deadlocks in the child.
  pid = os.fork()

[2025-01-02T14:20:00.576+0000] {standard_task_runner.py:72} INFO - Started process 185 to run task
[2025-01-02T14:20:00.581+0000] {standard_task_runner.py:104} INFO - Running: ['***', 'tasks', 'run', 'gold_finance_data_pipeline', 'execute_procedure_task', 'manual__2025-01-02T14:19:46.110395+00:00', '--job-id', '323', '--raw', '--subdir', 'DAGS_FOLDER/Gold_finance_etl_dags.py', '--cfg-path', '/tmp/tmpqg6vbpiq']
[2025-01-02T14:20:00.596+0000] {standard_task_runner.py:105} INFO - Job 323: Subtask execute_procedure_task
[2025-01-02T14:20:00.774+0000] {task_command.py:467} INFO - Running <TaskInstance: gold_finance_data_pipeline.execute_procedure_task manual__2025-01-02T14:19:46.110395+00:00 [running]> on host 77bcd09e75b5
[2025-01-02T14:20:00.949+0000] {taskinstance.py:3132} INFO - Exporting env vars: AIRFLOW_CTX_DAG_OWNER='***' AIRFLOW_CTX_DAG_ID='gold_finance_data_pipeline' AIRFLOW_CTX_TASK_ID='execute_procedure_task' AIRFLOW_CTX_EXECUTION_DATE='2025-01-02T14:19:46.110395+00:00' AIRFLOW_CTX_TRY_NUMBER='1' AIRFLOW_CTX_DAG_RUN_ID='manual__2025-01-02T14:19:46.110395+00:00'
[2025-01-02T14:20:00.951+0000] {taskinstance.py:731} INFO - ::endgroup::
[2025-01-02T14:20:00.984+0000] {base.py:84} INFO - Retrieving connection 'my_postgres_connection'
[2025-01-02T14:20:01.251+0000] {logging_mixin.py:190} INFO - Procedure executed successfully.
[2025-01-02T14:20:01.252+0000] {python.py:240} INFO - Done. Returned value was: None
[2025-01-02T14:20:01.272+0000] {taskinstance.py:340} INFO - ::group::Post task execution logs
[2025-01-02T14:20:01.273+0000] {taskinstance.py:352} INFO - Marking task as SUCCESS. dag_id=gold_finance_data_pipeline, task_id=execute_procedure_task, run_id=manual__2025-01-02T14:19:46.110395+00:00, execution_date=20250102T141946, start_date=20250102T142000, end_date=20250102T142001
[2025-01-02T14:20:01.325+0000] {local_task_job_runner.py:266} INFO - Task exited with return code 0
[2025-01-02T14:20:01.361+0000] {taskinstance.py:3895} INFO - 0 downstream tasks scheduled from follow-on schedule check
[2025-01-02T14:20:01.364+0000] {local_task_job_runner.py:245} INFO - ::endgroup::
