[2024-12-24T18:52:46.536+0000] {local_task_job_runner.py:123} INFO - ::group::Pre task execution logs
[2024-12-24T18:52:46.561+0000] {taskinstance.py:2613} INFO - Dependencies all met for dep_context=non-requeueable deps ti=<TaskInstance: Gold_finance_ETL_pipeline.extract_data manual__2024-12-24T18:52:35.833281+00:00 [queued]>
[2024-12-24T18:52:46.573+0000] {taskinstance.py:2613} INFO - Dependencies all met for dep_context=requeueable deps ti=<TaskInstance: Gold_finance_ETL_pipeline.extract_data manual__2024-12-24T18:52:35.833281+00:00 [queued]>
[2024-12-24T18:52:46.573+0000] {taskinstance.py:2866} INFO - Starting attempt 1 of 3
[2024-12-24T18:52:46.593+0000] {taskinstance.py:2889} INFO - Executing <Task(PythonOperator): extract_data> on 2024-12-24 18:52:35.833281+00:00
[2024-12-24T18:52:46.602+0000] {warnings.py:112} WARNING - /home/***/.local/lib/python3.12/site-packages/***/task/task_runner/standard_task_runner.py:70: DeprecationWarning: This process (pid=580) is multi-threaded, use of fork() may lead to deadlocks in the child.
  pid = os.fork()

[2024-12-24T18:52:46.604+0000] {standard_task_runner.py:72} INFO - Started process 582 to run task
[2024-12-24T18:52:46.604+0000] {standard_task_runner.py:104} INFO - Running: ['***', 'tasks', 'run', 'Gold_finance_ETL_pipeline', 'extract_data', 'manual__2024-12-24T18:52:35.833281+00:00', '--job-id', '19', '--raw', '--subdir', 'DAGS_FOLDER/finance_etl_dags.py', '--cfg-path', '/tmp/tmp_qe8h1v0']
[2024-12-24T18:52:46.609+0000] {standard_task_runner.py:105} INFO - Job 19: Subtask extract_data
[2024-12-24T18:52:46.682+0000] {task_command.py:467} INFO - Running <TaskInstance: Gold_finance_ETL_pipeline.extract_data manual__2024-12-24T18:52:35.833281+00:00 [running]> on host 3dbe838a1c54
[2024-12-24T18:52:46.810+0000] {taskinstance.py:3132} INFO - Exporting env vars: AIRFLOW_CTX_DAG_EMAIL='myemail@domain.com' AIRFLOW_CTX_DAG_OWNER='***' AIRFLOW_CTX_DAG_ID='Gold_finance_ETL_pipeline' AIRFLOW_CTX_TASK_ID='extract_data' AIRFLOW_CTX_EXECUTION_DATE='2024-12-24T18:52:35.833281+00:00' AIRFLOW_CTX_TRY_NUMBER='1' AIRFLOW_CTX_DAG_RUN_ID='manual__2024-12-24T18:52:35.833281+00:00'
[2024-12-24T18:52:46.812+0000] {taskinstance.py:731} INFO - ::endgroup::
[2024-12-24T18:52:50.458+0000] {warnings.py:112} WARNING - /opt/***/dags/finance_etl_dags.py:171: FutureWarning: The behavior of DataFrame concatenation with empty or all-NA entries is deprecated. In a future version, this will no longer exclude empty or all-NA columns when determining the result dtypes. To retain the old behavior, exclude the relevant entries before the concat operation.
  df_combined = pd.concat(df_list, ignore_index=True)

[2024-12-24T18:52:50.480+0000] {python.py:240} INFO - Done. Returned value was: None
[2024-12-24T18:52:50.494+0000] {taskinstance.py:340} INFO - ::group::Post task execution logs
[2024-12-24T18:52:50.495+0000] {taskinstance.py:352} INFO - Marking task as SUCCESS. dag_id=Gold_finance_ETL_pipeline, task_id=extract_data, run_id=manual__2024-12-24T18:52:35.833281+00:00, execution_date=20241224T185235, start_date=20241224T185246, end_date=20241224T185250
[2024-12-24T18:52:50.569+0000] {local_task_job_runner.py:266} INFO - Task exited with return code 0
[2024-12-24T18:52:50.627+0000] {taskinstance.py:3895} INFO - 1 downstream tasks scheduled from follow-on schedule check
[2024-12-24T18:52:50.631+0000] {local_task_job_runner.py:245} INFO - ::endgroup::
