[2024-12-26T19:12:48.872+0000] {local_task_job_runner.py:123} INFO - ::group::Pre task execution logs
[2024-12-26T19:12:48.897+0000] {taskinstance.py:2613} INFO - Dependencies all met for dep_context=non-requeueable deps ti=<TaskInstance: gold_finance_data_pipeline.create_tmp_directories manual__2024-12-26T19:12:39.641412+00:00 [queued]>
[2024-12-26T19:12:48.908+0000] {taskinstance.py:2613} INFO - Dependencies all met for dep_context=requeueable deps ti=<TaskInstance: gold_finance_data_pipeline.create_tmp_directories manual__2024-12-26T19:12:39.641412+00:00 [queued]>
[2024-12-26T19:12:48.908+0000] {taskinstance.py:2866} INFO - Starting attempt 1 of 3
[2024-12-26T19:12:48.928+0000] {taskinstance.py:2889} INFO - Executing <Task(BashOperator): create_tmp_directories> on 2024-12-26 19:12:39.641412+00:00
[2024-12-26T19:12:48.936+0000] {warnings.py:112} WARNING - /home/***/.local/lib/python3.12/site-packages/***/task/task_runner/standard_task_runner.py:70: DeprecationWarning: This process (pid=1465) is multi-threaded, use of fork() may lead to deadlocks in the child.
  pid = os.fork()

[2024-12-26T19:12:48.939+0000] {standard_task_runner.py:72} INFO - Started process 1467 to run task
[2024-12-26T19:12:48.940+0000] {standard_task_runner.py:104} INFO - Running: ['***', 'tasks', 'run', 'gold_finance_data_pipeline', 'create_tmp_directories', 'manual__2024-12-26T19:12:39.641412+00:00', '--job-id', '114', '--raw', '--subdir', 'DAGS_FOLDER/Gold_finance_etl_dags.py', '--cfg-path', '/tmp/tmpcy50j9id']
[2024-12-26T19:12:48.945+0000] {standard_task_runner.py:105} INFO - Job 114: Subtask create_tmp_directories
[2024-12-26T19:12:49.053+0000] {task_command.py:467} INFO - Running <TaskInstance: gold_finance_data_pipeline.create_tmp_directories manual__2024-12-26T19:12:39.641412+00:00 [running]> on host 1719f7511137
[2024-12-26T19:12:49.281+0000] {taskinstance.py:3132} INFO - Exporting env vars: AIRFLOW_CTX_DAG_OWNER='***' AIRFLOW_CTX_DAG_ID='gold_finance_data_pipeline' AIRFLOW_CTX_TASK_ID='create_tmp_directories' AIRFLOW_CTX_EXECUTION_DATE='2024-12-26T19:12:39.641412+00:00' AIRFLOW_CTX_TRY_NUMBER='1' AIRFLOW_CTX_DAG_RUN_ID='manual__2024-12-26T19:12:39.641412+00:00'
[2024-12-26T19:12:49.283+0000] {taskinstance.py:731} INFO - ::endgroup::
[2024-12-26T19:12:49.304+0000] {subprocess.py:78} INFO - Tmp dir root location: /tmp
[2024-12-26T19:12:49.306+0000] {subprocess.py:88} INFO - Running command: ['/usr/bin/bash', '-c', 'mkdir -p /tmp/raw /tmp/transformed_finance_data']
[2024-12-26T19:12:49.319+0000] {subprocess.py:99} INFO - Output:
[2024-12-26T19:12:49.326+0000] {subprocess.py:110} INFO - Command exited with return code 0
[2024-12-26T19:12:49.409+0000] {taskinstance.py:340} INFO - ::group::Post task execution logs
[2024-12-26T19:12:49.411+0000] {taskinstance.py:352} INFO - Marking task as SUCCESS. dag_id=gold_finance_data_pipeline, task_id=create_tmp_directories, run_id=manual__2024-12-26T19:12:39.641412+00:00, execution_date=20241226T191239, start_date=20241226T191248, end_date=20241226T191249
[2024-12-26T19:12:49.481+0000] {local_task_job_runner.py:266} INFO - Task exited with return code 0
[2024-12-26T19:12:49.525+0000] {taskinstance.py:3895} INFO - 1 downstream tasks scheduled from follow-on schedule check
[2024-12-26T19:12:49.529+0000] {local_task_job_runner.py:245} INFO - ::endgroup::
