[2024-12-25T20:31:39.276+0000] {local_task_job_runner.py:123} INFO - ::group::Pre task execution logs
[2024-12-25T20:31:39.299+0000] {taskinstance.py:2613} INFO - Dependencies all met for dep_context=non-requeueable deps ti=<TaskInstance: gold_finance_data_pipeline.pyspark_task manual__2024-12-25T20:31:17.578680+00:00 [queued]>
[2024-12-25T20:31:39.312+0000] {taskinstance.py:2613} INFO - Dependencies all met for dep_context=requeueable deps ti=<TaskInstance: gold_finance_data_pipeline.pyspark_task manual__2024-12-25T20:31:17.578680+00:00 [queued]>
[2024-12-25T20:31:39.313+0000] {taskinstance.py:2866} INFO - Starting attempt 1 of 3
[2024-12-25T20:31:39.336+0000] {taskinstance.py:2889} INFO - Executing <Task(PythonOperator): pyspark_task> on 2024-12-25 20:31:17.578680+00:00
[2024-12-25T20:31:39.346+0000] {warnings.py:112} WARNING - /home/***/.local/lib/python3.12/site-packages/***/task/task_runner/standard_task_runner.py:70: DeprecationWarning: This process (pid=3450) is multi-threaded, use of fork() may lead to deadlocks in the child.
  pid = os.fork()

[2024-12-25T20:31:39.348+0000] {standard_task_runner.py:72} INFO - Started process 3452 to run task
[2024-12-25T20:31:39.349+0000] {standard_task_runner.py:104} INFO - Running: ['***', 'tasks', 'run', 'gold_finance_data_pipeline', 'pyspark_task', 'manual__2024-12-25T20:31:17.578680+00:00', '--job-id', '44', '--raw', '--subdir', 'DAGS_FOLDER/Gold_finance_etl_dags.py', '--cfg-path', '/tmp/tmp9u0np_rn']
[2024-12-25T20:31:39.353+0000] {standard_task_runner.py:105} INFO - Job 44: Subtask pyspark_task
[2024-12-25T20:31:39.414+0000] {task_command.py:467} INFO - Running <TaskInstance: gold_finance_data_pipeline.pyspark_task manual__2024-12-25T20:31:17.578680+00:00 [running]> on host 3dbe838a1c54
[2024-12-25T20:31:39.528+0000] {taskinstance.py:3132} INFO - Exporting env vars: AIRFLOW_CTX_DAG_OWNER='***' AIRFLOW_CTX_DAG_ID='gold_finance_data_pipeline' AIRFLOW_CTX_TASK_ID='pyspark_task' AIRFLOW_CTX_EXECUTION_DATE='2024-12-25T20:31:17.578680+00:00' AIRFLOW_CTX_TRY_NUMBER='1' AIRFLOW_CTX_DAG_RUN_ID='manual__2024-12-25T20:31:17.578680+00:00'
[2024-12-25T20:31:39.530+0000] {taskinstance.py:731} INFO - ::endgroup::
[2024-12-25T20:31:39.734+0000] {logging_mixin.py:190} INFO - An error occurred: [JAVA_GATEWAY_EXITED] Java gateway process exited before sending its port number.
[2024-12-25T20:31:39.736+0000] {python.py:240} INFO - Done. Returned value was: None
[2024-12-25T20:31:39.774+0000] {taskinstance.py:340} INFO - ::group::Post task execution logs
[2024-12-25T20:31:39.774+0000] {taskinstance.py:352} INFO - Marking task as SUCCESS. dag_id=gold_finance_data_pipeline, task_id=pyspark_task, run_id=manual__2024-12-25T20:31:17.578680+00:00, execution_date=20241225T203117, start_date=20241225T203139, end_date=20241225T203139
[2024-12-25T20:31:39.845+0000] {local_task_job_runner.py:266} INFO - Task exited with return code 0
[2024-12-25T20:31:39.897+0000] {taskinstance.py:3895} INFO - 1 downstream tasks scheduled from follow-on schedule check
[2024-12-25T20:31:39.901+0000] {local_task_job_runner.py:245} INFO - ::endgroup::
