[2024-12-25T21:19:47.824+0000] {local_task_job_runner.py:123} INFO - ::group::Pre task execution logs
[2024-12-25T21:19:47.854+0000] {taskinstance.py:2613} INFO - Dependencies all met for dep_context=non-requeueable deps ti=<TaskInstance: gold_finance_data_pipeline.pyspark_task manual__2024-12-25T21:19:26.073561+00:00 [queued]>
[2024-12-25T21:19:47.880+0000] {taskinstance.py:2613} INFO - Dependencies all met for dep_context=requeueable deps ti=<TaskInstance: gold_finance_data_pipeline.pyspark_task manual__2024-12-25T21:19:26.073561+00:00 [queued]>
[2024-12-25T21:19:47.880+0000] {taskinstance.py:2866} INFO - Starting attempt 1 of 3
[2024-12-25T21:19:47.912+0000] {taskinstance.py:2889} INFO - Executing <Task(PythonOperator): pyspark_task> on 2024-12-25 21:19:26.073561+00:00
[2024-12-25T21:19:47.926+0000] {standard_task_runner.py:104} INFO - Running: ['***', 'tasks', 'run', 'gold_finance_data_pipeline', 'pyspark_task', 'manual__2024-12-25T21:19:26.073561+00:00', '--job-id', '64', '--raw', '--subdir', 'DAGS_FOLDER/Gold_finance_etl_dags.py', '--cfg-path', '/tmp/tmpkp1_bl2k']
[2024-12-25T21:19:47.927+0000] {warnings.py:112} WARNING - /home/***/.local/lib/python3.12/site-packages/***/task/task_runner/standard_task_runner.py:70: DeprecationWarning: This process (pid=4065) is multi-threaded, use of fork() may lead to deadlocks in the child.
  pid = os.fork()

[2024-12-25T21:19:47.933+0000] {standard_task_runner.py:72} INFO - Started process 4074 to run task
[2024-12-25T21:19:47.934+0000] {standard_task_runner.py:105} INFO - Job 64: Subtask pyspark_task
[2024-12-25T21:19:48.093+0000] {task_command.py:467} INFO - Running <TaskInstance: gold_finance_data_pipeline.pyspark_task manual__2024-12-25T21:19:26.073561+00:00 [running]> on host 3dbe838a1c54
[2024-12-25T21:19:48.644+0000] {taskinstance.py:3132} INFO - Exporting env vars: AIRFLOW_CTX_DAG_OWNER='***' AIRFLOW_CTX_DAG_ID='gold_finance_data_pipeline' AIRFLOW_CTX_TASK_ID='pyspark_task' AIRFLOW_CTX_EXECUTION_DATE='2024-12-25T21:19:26.073561+00:00' AIRFLOW_CTX_TRY_NUMBER='1' AIRFLOW_CTX_DAG_RUN_ID='manual__2024-12-25T21:19:26.073561+00:00'
[2024-12-25T21:19:48.650+0000] {taskinstance.py:731} INFO - ::endgroup::
[2024-12-25T21:19:48.883+0000] {logging_mixin.py:190} INFO - An error occurred: [JAVA_GATEWAY_EXITED] Java gateway process exited before sending its port number.
[2024-12-25T21:19:48.891+0000] {python.py:240} INFO - Done. Returned value was: None
[2024-12-25T21:19:48.918+0000] {taskinstance.py:340} INFO - ::group::Post task execution logs
[2024-12-25T21:19:48.919+0000] {taskinstance.py:352} INFO - Marking task as SUCCESS. dag_id=gold_finance_data_pipeline, task_id=pyspark_task, run_id=manual__2024-12-25T21:19:26.073561+00:00, execution_date=20241225T211926, start_date=20241225T211947, end_date=20241225T211948
[2024-12-25T21:19:48.992+0000] {local_task_job_runner.py:266} INFO - Task exited with return code 0
[2024-12-25T21:19:49.044+0000] {taskinstance.py:3895} INFO - 1 downstream tasks scheduled from follow-on schedule check
[2024-12-25T21:19:49.048+0000] {local_task_job_runner.py:245} INFO - ::endgroup::
