[2025-01-02T13:39:42.737+0000] {local_task_job_runner.py:123} INFO - ::group::Pre task execution logs
[2025-01-02T13:39:42.764+0000] {taskinstance.py:2613} INFO - Dependencies all met for dep_context=non-requeueable deps ti=<TaskInstance: gold_finance_data_pipeline.pyspark_task manual__2025-01-02T13:39:38.806057+00:00 [queued]>
[2025-01-02T13:39:42.781+0000] {taskinstance.py:2613} INFO - Dependencies all met for dep_context=requeueable deps ti=<TaskInstance: gold_finance_data_pipeline.pyspark_task manual__2025-01-02T13:39:38.806057+00:00 [queued]>
[2025-01-02T13:39:42.782+0000] {taskinstance.py:2866} INFO - Starting attempt 1 of 3
[2025-01-02T13:39:42.807+0000] {taskinstance.py:2889} INFO - Executing <Task(PythonOperator): pyspark_task> on 2025-01-02 13:39:38.806057+00:00
[2025-01-02T13:39:42.823+0000] {warnings.py:112} WARNING - /home/***/.local/lib/python3.12/site-packages/***/task/task_runner/standard_task_runner.py:70: DeprecationWarning: This process (pid=2266) is multi-threaded, use of fork() may lead to deadlocks in the child.
  pid = os.fork()

[2025-01-02T13:39:42.825+0000] {standard_task_runner.py:72} INFO - Started process 2268 to run task
[2025-01-02T13:39:42.826+0000] {standard_task_runner.py:104} INFO - Running: ['***', 'tasks', 'run', 'gold_finance_data_pipeline', 'pyspark_task', 'manual__2025-01-02T13:39:38.806057+00:00', '--job-id', '310', '--raw', '--subdir', 'DAGS_FOLDER/Gold_finance_etl_dags.py', '--cfg-path', '/tmp/tmpzkzqsybq']
[2025-01-02T13:39:42.831+0000] {standard_task_runner.py:105} INFO - Job 310: Subtask pyspark_task
[2025-01-02T13:39:42.920+0000] {task_command.py:467} INFO - Running <TaskInstance: gold_finance_data_pipeline.pyspark_task manual__2025-01-02T13:39:38.806057+00:00 [running]> on host 77bcd09e75b5
[2025-01-02T13:39:43.072+0000] {taskinstance.py:3132} INFO - Exporting env vars: AIRFLOW_CTX_DAG_OWNER='***' AIRFLOW_CTX_DAG_ID='gold_finance_data_pipeline' AIRFLOW_CTX_TASK_ID='pyspark_task' AIRFLOW_CTX_EXECUTION_DATE='2025-01-02T13:39:38.806057+00:00' AIRFLOW_CTX_TRY_NUMBER='1' AIRFLOW_CTX_DAG_RUN_ID='manual__2025-01-02T13:39:38.806057+00:00'
[2025-01-02T13:39:43.075+0000] {taskinstance.py:731} INFO - ::endgroup::
[2025-01-02T13:39:43.094+0000] {logging_mixin.py:190} INFO - An error occurred: [Errno 13] Permission denied: '/home/rita'
[2025-01-02T13:39:43.094+0000] {python.py:240} INFO - Done. Returned value was: None
[2025-01-02T13:39:43.108+0000] {taskinstance.py:340} INFO - ::group::Post task execution logs
[2025-01-02T13:39:43.108+0000] {taskinstance.py:352} INFO - Marking task as SUCCESS. dag_id=gold_finance_data_pipeline, task_id=pyspark_task, run_id=manual__2025-01-02T13:39:38.806057+00:00, execution_date=20250102T133938, start_date=20250102T133942, end_date=20250102T133943
[2025-01-02T13:39:43.163+0000] {local_task_job_runner.py:266} INFO - Task exited with return code 0
[2025-01-02T13:39:43.258+0000] {taskinstance.py:3895} INFO - 1 downstream tasks scheduled from follow-on schedule check
[2025-01-02T13:39:43.263+0000] {local_task_job_runner.py:245} INFO - ::endgroup::
