[2024-12-25T21:12:53.549+0000] {local_task_job_runner.py:123} INFO - ::group::Pre task execution logs
[2024-12-25T21:12:53.570+0000] {taskinstance.py:2613} INFO - Dependencies all met for dep_context=non-requeueable deps ti=<TaskInstance: gold_finance_data_pipeline.pyspark_task manual__2024-12-25T21:12:30.283908+00:00 [queued]>
[2024-12-25T21:12:53.580+0000] {taskinstance.py:2613} INFO - Dependencies all met for dep_context=requeueable deps ti=<TaskInstance: gold_finance_data_pipeline.pyspark_task manual__2024-12-25T21:12:30.283908+00:00 [queued]>
[2024-12-25T21:12:53.581+0000] {taskinstance.py:2866} INFO - Starting attempt 1 of 3
[2024-12-25T21:12:53.601+0000] {taskinstance.py:2889} INFO - Executing <Task(PythonOperator): pyspark_task> on 2024-12-25 21:12:30.283908+00:00
[2024-12-25T21:12:53.608+0000] {warnings.py:112} WARNING - /home/***/.local/lib/python3.12/site-packages/***/task/task_runner/standard_task_runner.py:70: DeprecationWarning: This process (pid=3958) is multi-threaded, use of fork() may lead to deadlocks in the child.
  pid = os.fork()

[2024-12-25T21:12:53.610+0000] {standard_task_runner.py:72} INFO - Started process 3960 to run task
[2024-12-25T21:12:53.611+0000] {standard_task_runner.py:104} INFO - Running: ['***', 'tasks', 'run', 'gold_finance_data_pipeline', 'pyspark_task', 'manual__2024-12-25T21:12:30.283908+00:00', '--job-id', '57', '--raw', '--subdir', 'DAGS_FOLDER/Gold_finance_etl_dags.py', '--cfg-path', '/tmp/tmp7hst7lo5']
[2024-12-25T21:12:53.615+0000] {standard_task_runner.py:105} INFO - Job 57: Subtask pyspark_task
[2024-12-25T21:12:53.672+0000] {task_command.py:467} INFO - Running <TaskInstance: gold_finance_data_pipeline.pyspark_task manual__2024-12-25T21:12:30.283908+00:00 [running]> on host 3dbe838a1c54
[2024-12-25T21:12:53.788+0000] {taskinstance.py:3132} INFO - Exporting env vars: AIRFLOW_CTX_DAG_OWNER='***' AIRFLOW_CTX_DAG_ID='gold_finance_data_pipeline' AIRFLOW_CTX_TASK_ID='pyspark_task' AIRFLOW_CTX_EXECUTION_DATE='2024-12-25T21:12:30.283908+00:00' AIRFLOW_CTX_TRY_NUMBER='1' AIRFLOW_CTX_DAG_RUN_ID='manual__2024-12-25T21:12:30.283908+00:00'
[2024-12-25T21:12:53.790+0000] {taskinstance.py:731} INFO - ::endgroup::
[2024-12-25T21:12:53.952+0000] {logging_mixin.py:190} INFO - An error occurred: [JAVA_GATEWAY_EXITED] Java gateway process exited before sending its port number.
[2024-12-25T21:12:53.962+0000] {python.py:240} INFO - Done. Returned value was: None
[2024-12-25T21:12:53.997+0000] {taskinstance.py:340} INFO - ::group::Post task execution logs
[2024-12-25T21:12:53.998+0000] {taskinstance.py:352} INFO - Marking task as SUCCESS. dag_id=gold_finance_data_pipeline, task_id=pyspark_task, run_id=manual__2024-12-25T21:12:30.283908+00:00, execution_date=20241225T211230, start_date=20241225T211253, end_date=20241225T211253
[2024-12-25T21:12:54.068+0000] {local_task_job_runner.py:266} INFO - Task exited with return code 0
[2024-12-25T21:12:54.102+0000] {taskinstance.py:3895} INFO - 1 downstream tasks scheduled from follow-on schedule check
[2024-12-25T21:12:54.106+0000] {local_task_job_runner.py:245} INFO - ::endgroup::
