[2024-12-25T20:55:18.416+0000] {local_task_job_runner.py:123} INFO - ::group::Pre task execution logs
[2024-12-25T20:55:18.445+0000] {taskinstance.py:2613} INFO - Dependencies all met for dep_context=non-requeueable deps ti=<TaskInstance: gold_finance_data_pipeline.execute_procedure_task manual__2024-12-25T20:54:45.141883+00:00 [queued]>
[2024-12-25T20:55:18.461+0000] {taskinstance.py:2613} INFO - Dependencies all met for dep_context=requeueable deps ti=<TaskInstance: gold_finance_data_pipeline.execute_procedure_task manual__2024-12-25T20:54:45.141883+00:00 [queued]>
[2024-12-25T20:55:18.461+0000] {taskinstance.py:2866} INFO - Starting attempt 1 of 3
[2024-12-25T20:55:18.485+0000] {taskinstance.py:2889} INFO - Executing <Task(PythonOperator): execute_procedure_task> on 2024-12-25 20:54:45.141883+00:00
[2024-12-25T20:55:18.495+0000] {warnings.py:112} WARNING - /home/***/.local/lib/python3.12/site-packages/***/task/task_runner/standard_task_runner.py:70: DeprecationWarning: This process (pid=3761) is multi-threaded, use of fork() may lead to deadlocks in the child.
  pid = os.fork()

[2024-12-25T20:55:18.498+0000] {standard_task_runner.py:72} INFO - Started process 3763 to run task
[2024-12-25T20:55:18.499+0000] {standard_task_runner.py:104} INFO - Running: ['***', 'tasks', 'run', 'gold_finance_data_pipeline', 'execute_procedure_task', 'manual__2024-12-25T20:54:45.141883+00:00', '--job-id', '53', '--raw', '--subdir', 'DAGS_FOLDER/Gold_finance_etl_dags.py', '--cfg-path', '/tmp/tmpficd2w91']
[2024-12-25T20:55:18.502+0000] {standard_task_runner.py:105} INFO - Job 53: Subtask execute_procedure_task
[2024-12-25T20:55:18.576+0000] {task_command.py:467} INFO - Running <TaskInstance: gold_finance_data_pipeline.execute_procedure_task manual__2024-12-25T20:54:45.141883+00:00 [running]> on host 3dbe838a1c54
[2024-12-25T20:55:18.704+0000] {taskinstance.py:3132} INFO - Exporting env vars: AIRFLOW_CTX_DAG_OWNER='***' AIRFLOW_CTX_DAG_ID='gold_finance_data_pipeline' AIRFLOW_CTX_TASK_ID='execute_procedure_task' AIRFLOW_CTX_EXECUTION_DATE='2024-12-25T20:54:45.141883+00:00' AIRFLOW_CTX_TRY_NUMBER='1' AIRFLOW_CTX_DAG_RUN_ID='manual__2024-12-25T20:54:45.141883+00:00'
[2024-12-25T20:55:18.706+0000] {taskinstance.py:731} INFO - ::endgroup::
[2024-12-25T20:55:18.743+0000] {base.py:84} INFO - Retrieving connection 'my_postgres_connection'
[2024-12-25T20:55:22.209+0000] {logging_mixin.py:190} INFO - Procedure executed successfully.
[2024-12-25T20:55:22.210+0000] {python.py:240} INFO - Done. Returned value was: None
[2024-12-25T20:55:22.225+0000] {taskinstance.py:340} INFO - ::group::Post task execution logs
[2024-12-25T20:55:22.226+0000] {taskinstance.py:352} INFO - Marking task as SUCCESS. dag_id=gold_finance_data_pipeline, task_id=execute_procedure_task, run_id=manual__2024-12-25T20:54:45.141883+00:00, execution_date=20241225T205445, start_date=20241225T205518, end_date=20241225T205522
[2024-12-25T20:55:22.293+0000] {local_task_job_runner.py:266} INFO - Task exited with return code 0
[2024-12-25T20:55:22.320+0000] {taskinstance.py:3895} INFO - 0 downstream tasks scheduled from follow-on schedule check
[2024-12-25T20:55:22.324+0000] {local_task_job_runner.py:245} INFO - ::endgroup::
