[2025-01-06T19:47:21.288+0000] {processor.py:186} INFO - Started process (PID=7057) to work on /opt/airflow/dags/modules/load.py
[2025-01-06T19:47:21.290+0000] {processor.py:914} INFO - Processing file /opt/airflow/dags/modules/load.py for tasks to queue
[2025-01-06T19:47:21.304+0000] {logging_mixin.py:190} INFO - [2025-01-06T19:47:21.292+0000] {dagbag.py:588} INFO - Filling up the DagBag from /opt/airflow/dags/modules/load.py
[2025-01-06T19:47:34.080+0000] {processor.py:927} WARNING - No viable dags retrieved from /opt/airflow/dags/modules/load.py
[2025-01-06T19:47:35.232+0000] {processor.py:208} INFO - Processing /opt/airflow/dags/modules/load.py took 14.369 seconds
[2025-01-06T19:48:06.931+0000] {processor.py:186} INFO - Started process (PID=7075) to work on /opt/airflow/dags/modules/load.py
[2025-01-06T19:48:06.959+0000] {processor.py:914} INFO - Processing file /opt/airflow/dags/modules/load.py for tasks to queue
[2025-01-06T19:48:06.962+0000] {logging_mixin.py:190} INFO - [2025-01-06T19:48:06.961+0000] {dagbag.py:588} INFO - Filling up the DagBag from /opt/airflow/dags/modules/load.py
[2025-01-06T19:48:11.341+0000] {processor.py:927} WARNING - No viable dags retrieved from /opt/airflow/dags/modules/load.py
[2025-01-06T19:48:11.432+0000] {processor.py:208} INFO - Processing /opt/airflow/dags/modules/load.py took 4.593 seconds
[2025-01-06T19:48:41.982+0000] {processor.py:186} INFO - Started process (PID=7088) to work on /opt/airflow/dags/modules/load.py
[2025-01-06T19:48:41.985+0000] {processor.py:914} INFO - Processing file /opt/airflow/dags/modules/load.py for tasks to queue
[2025-01-06T19:48:41.988+0000] {logging_mixin.py:190} INFO - [2025-01-06T19:48:41.987+0000] {dagbag.py:588} INFO - Filling up the DagBag from /opt/airflow/dags/modules/load.py
[2025-01-06T19:48:44.388+0000] {processor.py:927} WARNING - No viable dags retrieved from /opt/airflow/dags/modules/load.py
[2025-01-06T19:48:44.518+0000] {processor.py:208} INFO - Processing /opt/airflow/dags/modules/load.py took 2.576 seconds
[2025-01-06T19:49:15.126+0000] {processor.py:186} INFO - Started process (PID=7102) to work on /opt/airflow/dags/modules/load.py
[2025-01-06T19:49:15.142+0000] {processor.py:914} INFO - Processing file /opt/airflow/dags/modules/load.py for tasks to queue
[2025-01-06T19:49:15.152+0000] {logging_mixin.py:190} INFO - [2025-01-06T19:49:15.151+0000] {dagbag.py:588} INFO - Filling up the DagBag from /opt/airflow/dags/modules/load.py
[2025-01-06T19:49:17.322+0000] {processor.py:927} WARNING - No viable dags retrieved from /opt/airflow/dags/modules/load.py
[2025-01-06T19:49:17.366+0000] {processor.py:208} INFO - Processing /opt/airflow/dags/modules/load.py took 2.336 seconds
[2025-01-06T19:49:47.694+0000] {processor.py:186} INFO - Started process (PID=7116) to work on /opt/airflow/dags/modules/load.py
[2025-01-06T19:49:47.710+0000] {processor.py:914} INFO - Processing file /opt/airflow/dags/modules/load.py for tasks to queue
[2025-01-06T19:49:47.713+0000] {logging_mixin.py:190} INFO - [2025-01-06T19:49:47.713+0000] {dagbag.py:588} INFO - Filling up the DagBag from /opt/airflow/dags/modules/load.py
[2025-01-06T19:49:49.759+0000] {processor.py:927} WARNING - No viable dags retrieved from /opt/airflow/dags/modules/load.py
[2025-01-06T19:49:49.834+0000] {processor.py:208} INFO - Processing /opt/airflow/dags/modules/load.py took 2.189 seconds
[2025-01-06T19:50:20.533+0000] {processor.py:186} INFO - Started process (PID=7128) to work on /opt/airflow/dags/modules/load.py
[2025-01-06T19:50:20.538+0000] {processor.py:914} INFO - Processing file /opt/airflow/dags/modules/load.py for tasks to queue
[2025-01-06T19:50:20.542+0000] {logging_mixin.py:190} INFO - [2025-01-06T19:50:20.541+0000] {dagbag.py:588} INFO - Filling up the DagBag from /opt/airflow/dags/modules/load.py
[2025-01-06T19:50:22.742+0000] {processor.py:927} WARNING - No viable dags retrieved from /opt/airflow/dags/modules/load.py
[2025-01-06T19:50:22.814+0000] {processor.py:208} INFO - Processing /opt/airflow/dags/modules/load.py took 2.330 seconds
[2025-01-06T19:50:53.051+0000] {processor.py:186} INFO - Started process (PID=7141) to work on /opt/airflow/dags/modules/load.py
[2025-01-06T19:50:53.056+0000] {processor.py:914} INFO - Processing file /opt/airflow/dags/modules/load.py for tasks to queue
[2025-01-06T19:50:53.067+0000] {logging_mixin.py:190} INFO - [2025-01-06T19:50:53.065+0000] {dagbag.py:588} INFO - Filling up the DagBag from /opt/airflow/dags/modules/load.py
[2025-01-06T19:50:53.792+0000] {processor.py:927} WARNING - No viable dags retrieved from /opt/airflow/dags/modules/load.py
[2025-01-06T19:50:53.813+0000] {processor.py:208} INFO - Processing /opt/airflow/dags/modules/load.py took 0.797 seconds
[2025-01-06T19:51:24.252+0000] {processor.py:186} INFO - Started process (PID=7154) to work on /opt/airflow/dags/modules/load.py
[2025-01-06T19:51:24.300+0000] {processor.py:914} INFO - Processing file /opt/airflow/dags/modules/load.py for tasks to queue
[2025-01-06T19:51:24.302+0000] {logging_mixin.py:190} INFO - [2025-01-06T19:51:24.302+0000] {dagbag.py:588} INFO - Filling up the DagBag from /opt/airflow/dags/modules/load.py
[2025-01-06T19:51:25.083+0000] {processor.py:927} WARNING - No viable dags retrieved from /opt/airflow/dags/modules/load.py
[2025-01-06T19:51:25.101+0000] {processor.py:208} INFO - Processing /opt/airflow/dags/modules/load.py took 0.861 seconds
[2025-01-06T19:51:55.628+0000] {processor.py:186} INFO - Started process (PID=7167) to work on /opt/airflow/dags/modules/load.py
[2025-01-06T19:51:55.631+0000] {processor.py:914} INFO - Processing file /opt/airflow/dags/modules/load.py for tasks to queue
[2025-01-06T19:51:55.641+0000] {logging_mixin.py:190} INFO - [2025-01-06T19:51:55.640+0000] {dagbag.py:588} INFO - Filling up the DagBag from /opt/airflow/dags/modules/load.py
[2025-01-06T19:51:56.617+0000] {processor.py:927} WARNING - No viable dags retrieved from /opt/airflow/dags/modules/load.py
[2025-01-06T19:51:56.648+0000] {processor.py:208} INFO - Processing /opt/airflow/dags/modules/load.py took 1.046 seconds
[2025-01-06T19:52:26.931+0000] {processor.py:186} INFO - Started process (PID=7180) to work on /opt/airflow/dags/modules/load.py
[2025-01-06T19:52:26.966+0000] {processor.py:914} INFO - Processing file /opt/airflow/dags/modules/load.py for tasks to queue
[2025-01-06T19:52:26.968+0000] {logging_mixin.py:190} INFO - [2025-01-06T19:52:26.967+0000] {dagbag.py:588} INFO - Filling up the DagBag from /opt/airflow/dags/modules/load.py
[2025-01-06T19:52:27.893+0000] {processor.py:927} WARNING - No viable dags retrieved from /opt/airflow/dags/modules/load.py
[2025-01-06T19:52:27.918+0000] {processor.py:208} INFO - Processing /opt/airflow/dags/modules/load.py took 0.998 seconds
[2025-01-06T19:52:58.100+0000] {processor.py:186} INFO - Started process (PID=7193) to work on /opt/airflow/dags/modules/load.py
[2025-01-06T19:52:58.111+0000] {processor.py:914} INFO - Processing file /opt/airflow/dags/modules/load.py for tasks to queue
[2025-01-06T19:52:58.113+0000] {logging_mixin.py:190} INFO - [2025-01-06T19:52:58.113+0000] {dagbag.py:588} INFO - Filling up the DagBag from /opt/airflow/dags/modules/load.py
[2025-01-06T19:52:59.798+0000] {processor.py:927} WARNING - No viable dags retrieved from /opt/airflow/dags/modules/load.py
[2025-01-06T19:52:59.873+0000] {processor.py:208} INFO - Processing /opt/airflow/dags/modules/load.py took 1.806 seconds
[2025-01-06T19:53:30.065+0000] {processor.py:186} INFO - Started process (PID=7206) to work on /opt/airflow/dags/modules/load.py
[2025-01-06T19:53:30.069+0000] {processor.py:914} INFO - Processing file /opt/airflow/dags/modules/load.py for tasks to queue
[2025-01-06T19:53:30.075+0000] {logging_mixin.py:190} INFO - [2025-01-06T19:53:30.074+0000] {dagbag.py:588} INFO - Filling up the DagBag from /opt/airflow/dags/modules/load.py
[2025-01-06T19:53:31.491+0000] {processor.py:927} WARNING - No viable dags retrieved from /opt/airflow/dags/modules/load.py
[2025-01-06T19:53:31.525+0000] {processor.py:208} INFO - Processing /opt/airflow/dags/modules/load.py took 1.478 seconds
[2025-01-06T19:54:02.054+0000] {processor.py:186} INFO - Started process (PID=7219) to work on /opt/airflow/dags/modules/load.py
[2025-01-06T19:54:02.057+0000] {processor.py:914} INFO - Processing file /opt/airflow/dags/modules/load.py for tasks to queue
[2025-01-06T19:54:02.060+0000] {logging_mixin.py:190} INFO - [2025-01-06T19:54:02.059+0000] {dagbag.py:588} INFO - Filling up the DagBag from /opt/airflow/dags/modules/load.py
[2025-01-06T19:54:02.638+0000] {processor.py:927} WARNING - No viable dags retrieved from /opt/airflow/dags/modules/load.py
[2025-01-06T19:54:02.672+0000] {processor.py:208} INFO - Processing /opt/airflow/dags/modules/load.py took 0.630 seconds
[2025-01-06T19:54:33.119+0000] {processor.py:186} INFO - Started process (PID=7231) to work on /opt/airflow/dags/modules/load.py
[2025-01-06T19:54:33.131+0000] {processor.py:914} INFO - Processing file /opt/airflow/dags/modules/load.py for tasks to queue
[2025-01-06T19:54:33.134+0000] {logging_mixin.py:190} INFO - [2025-01-06T19:54:33.133+0000] {dagbag.py:588} INFO - Filling up the DagBag from /opt/airflow/dags/modules/load.py
[2025-01-06T19:54:34.575+0000] {processor.py:927} WARNING - No viable dags retrieved from /opt/airflow/dags/modules/load.py
[2025-01-06T19:54:34.628+0000] {processor.py:208} INFO - Processing /opt/airflow/dags/modules/load.py took 1.548 seconds
[2025-01-06T22:54:56.598+0000] {processor.py:186} INFO - Started process (PID=7239) to work on /opt/airflow/dags/modules/load.py
[2025-01-06T22:54:56.602+0000] {processor.py:914} INFO - Processing file /opt/airflow/dags/modules/load.py for tasks to queue
[2025-01-06T22:54:56.616+0000] {logging_mixin.py:190} INFO - [2025-01-06T22:54:56.615+0000] {dagbag.py:588} INFO - Filling up the DagBag from /opt/airflow/dags/modules/load.py
[2025-01-06T22:54:59.840+0000] {processor.py:927} WARNING - No viable dags retrieved from /opt/airflow/dags/modules/load.py
[2025-01-06T22:54:59.914+0000] {processor.py:208} INFO - Processing /opt/airflow/dags/modules/load.py took 3.351 seconds
