[2025-01-02T12:48:56.117+0000] {local_task_job_runner.py:123} INFO - ::group::Pre task execution logs
[2025-01-02T12:48:56.152+0000] {taskinstance.py:2613} INFO - Dependencies all met for dep_context=non-requeueable deps ti=<TaskInstance: gold_finance_data_pipeline.load_data_task manual__2025-01-02T12:47:50.305138+00:00 [queued]>
[2025-01-02T12:48:56.172+0000] {taskinstance.py:2613} INFO - Dependencies all met for dep_context=requeueable deps ti=<TaskInstance: gold_finance_data_pipeline.load_data_task manual__2025-01-02T12:47:50.305138+00:00 [queued]>
[2025-01-02T12:48:56.172+0000] {taskinstance.py:2866} INFO - Starting attempt 3 of 3
[2025-01-02T12:48:56.206+0000] {taskinstance.py:2889} INFO - Executing <Task(PythonOperator): load_data_task> on 2025-01-02 12:47:50.305138+00:00
[2025-01-02T12:48:56.224+0000] {warnings.py:112} WARNING - /home/***/.local/lib/python3.12/site-packages/***/task/task_runner/standard_task_runner.py:70: DeprecationWarning: This process (pid=541) is multi-threaded, use of fork() may lead to deadlocks in the child.
  pid = os.fork()

[2025-01-02T12:48:56.227+0000] {standard_task_runner.py:72} INFO - Started process 543 to run task
[2025-01-02T12:48:56.239+0000] {standard_task_runner.py:104} INFO - Running: ['***', 'tasks', 'run', 'gold_finance_data_pipeline', 'load_data_task', 'manual__2025-01-02T12:47:50.305138+00:00', '--job-id', '283', '--raw', '--subdir', 'DAGS_FOLDER/Gold_finance_etl_dags.py', '--cfg-path', '/tmp/tmpys8mhl89']
[2025-01-02T12:48:56.245+0000] {standard_task_runner.py:105} INFO - Job 283: Subtask load_data_task
[2025-01-02T12:48:56.341+0000] {task_command.py:467} INFO - Running <TaskInstance: gold_finance_data_pipeline.load_data_task manual__2025-01-02T12:47:50.305138+00:00 [running]> on host 77bcd09e75b5
[2025-01-02T12:48:56.528+0000] {taskinstance.py:3132} INFO - Exporting env vars: AIRFLOW_CTX_DAG_OWNER='***' AIRFLOW_CTX_DAG_ID='gold_finance_data_pipeline' AIRFLOW_CTX_TASK_ID='load_data_task' AIRFLOW_CTX_EXECUTION_DATE='2025-01-02T12:47:50.305138+00:00' AIRFLOW_CTX_TRY_NUMBER='3' AIRFLOW_CTX_DAG_RUN_ID='manual__2025-01-02T12:47:50.305138+00:00'
[2025-01-02T12:48:56.530+0000] {taskinstance.py:731} INFO - ::endgroup::
[2025-01-02T12:48:56.558+0000] {taskinstance.py:3311} ERROR - Task failed with exception
Traceback (most recent call last):
  File "/home/airflow/.local/lib/python3.12/site-packages/airflow/models/taskinstance.py", line 767, in _execute_task
    result = _execute_callable(context=context, **execute_callable_kwargs)
             ^^^^^^^^^^^^^^^^^^^^^^^^^^^^^^^^^^^^^^^^^^^^^^^^^^^^^^^^^^^^^
  File "/home/airflow/.local/lib/python3.12/site-packages/airflow/models/taskinstance.py", line 733, in _execute_callable
    return ExecutionCallableRunner(
           ^^^^^^^^^^^^^^^^^^^^^^^^
  File "/home/airflow/.local/lib/python3.12/site-packages/airflow/utils/operator_helpers.py", line 252, in run
    return self.func(*args, **kwargs)
           ^^^^^^^^^^^^^^^^^^^^^^^^^^
  File "/home/airflow/.local/lib/python3.12/site-packages/airflow/models/baseoperator.py", line 422, in wrapper
    return func(self, *args, **kwargs)
           ^^^^^^^^^^^^^^^^^^^^^^^^^^^
  File "/home/airflow/.local/lib/python3.12/site-packages/airflow/operators/python.py", line 238, in execute
    return_value = self.execute_callable()
                   ^^^^^^^^^^^^^^^^^^^^^^^
  File "/home/airflow/.local/lib/python3.12/site-packages/airflow/operators/python.py", line 256, in execute_callable
    return runner.run(*self.op_args, **self.op_kwargs)
           ^^^^^^^^^^^^^^^^^^^^^^^^^^^^^^^^^^^^^^^^^^^
  File "/home/airflow/.local/lib/python3.12/site-packages/airflow/utils/operator_helpers.py", line 252, in run
    return self.func(*args, **kwargs)
           ^^^^^^^^^^^^^^^^^^^^^^^^^^
  File "/opt/airflow/dags/Gold_finance_etl_dags.py", line 94, in load_data_to_postgres
    raise FileNotFoundError("No CSV files found in the /home/rita/app/dags/tmp/transformed_data/output")
FileNotFoundError: No CSV files found in the /home/rita/app/dags/tmp/transformed_data/output
[2025-01-02T12:48:56.572+0000] {taskinstance.py:1225} INFO - Marking task as FAILED. dag_id=gold_finance_data_pipeline, task_id=load_data_task, run_id=manual__2025-01-02T12:47:50.305138+00:00, execution_date=20250102T124750, start_date=20250102T124856, end_date=20250102T124856
[2025-01-02T12:48:56.591+0000] {taskinstance.py:340} INFO - ::group::Post task execution logs
[2025-01-02T12:48:56.592+0000] {standard_task_runner.py:124} ERROR - Failed to execute job 283 for task load_data_task (No CSV files found in the /home/rita/app/dags/tmp/transformed_data/output; 543)
Traceback (most recent call last):
  File "/home/airflow/.local/lib/python3.12/site-packages/airflow/task/task_runner/standard_task_runner.py", line 117, in _start_by_fork
    ret = args.func(args, dag=self.dag)
          ^^^^^^^^^^^^^^^^^^^^^^^^^^^^^
  File "/home/airflow/.local/lib/python3.12/site-packages/airflow/cli/cli_config.py", line 49, in command
    return func(*args, **kwargs)
           ^^^^^^^^^^^^^^^^^^^^^
  File "/home/airflow/.local/lib/python3.12/site-packages/airflow/utils/cli.py", line 116, in wrapper
    return f(*args, **kwargs)
           ^^^^^^^^^^^^^^^^^^
  File "/home/airflow/.local/lib/python3.12/site-packages/airflow/cli/commands/task_command.py", line 483, in task_run
    task_return_code = _run_task_by_selected_method(args, _dag, ti)
                       ^^^^^^^^^^^^^^^^^^^^^^^^^^^^^^^^^^^^^^^^^^^^
  File "/home/airflow/.local/lib/python3.12/site-packages/airflow/cli/commands/task_command.py", line 256, in _run_task_by_selected_method
    return _run_raw_task(args, ti)
           ^^^^^^^^^^^^^^^^^^^^^^^
  File "/home/airflow/.local/lib/python3.12/site-packages/airflow/cli/commands/task_command.py", line 341, in _run_raw_task
    return ti._run_raw_task(
           ^^^^^^^^^^^^^^^^^
  File "/home/airflow/.local/lib/python3.12/site-packages/airflow/utils/session.py", line 97, in wrapper
    return func(*args, session=session, **kwargs)
           ^^^^^^^^^^^^^^^^^^^^^^^^^^^^^^^^^^^^^^
  File "/home/airflow/.local/lib/python3.12/site-packages/airflow/models/taskinstance.py", line 3005, in _run_raw_task
    return _run_raw_task(
           ^^^^^^^^^^^^^^
  File "/home/airflow/.local/lib/python3.12/site-packages/airflow/models/taskinstance.py", line 273, in _run_raw_task
    TaskInstance._execute_task_with_callbacks(
  File "/home/airflow/.local/lib/python3.12/site-packages/airflow/models/taskinstance.py", line 3159, in _execute_task_with_callbacks
    result = self._execute_task(context, task_orig)
             ^^^^^^^^^^^^^^^^^^^^^^^^^^^^^^^^^^^^^^
  File "/home/airflow/.local/lib/python3.12/site-packages/airflow/models/taskinstance.py", line 3183, in _execute_task
    return _execute_task(self, context, task_orig)
           ^^^^^^^^^^^^^^^^^^^^^^^^^^^^^^^^^^^^^^^
  File "/home/airflow/.local/lib/python3.12/site-packages/airflow/models/taskinstance.py", line 767, in _execute_task
    result = _execute_callable(context=context, **execute_callable_kwargs)
             ^^^^^^^^^^^^^^^^^^^^^^^^^^^^^^^^^^^^^^^^^^^^^^^^^^^^^^^^^^^^^
  File "/home/airflow/.local/lib/python3.12/site-packages/airflow/models/taskinstance.py", line 733, in _execute_callable
    return ExecutionCallableRunner(
           ^^^^^^^^^^^^^^^^^^^^^^^^
  File "/home/airflow/.local/lib/python3.12/site-packages/airflow/utils/operator_helpers.py", line 252, in run
    return self.func(*args, **kwargs)
           ^^^^^^^^^^^^^^^^^^^^^^^^^^
  File "/home/airflow/.local/lib/python3.12/site-packages/airflow/models/baseoperator.py", line 422, in wrapper
    return func(self, *args, **kwargs)
           ^^^^^^^^^^^^^^^^^^^^^^^^^^^
  File "/home/airflow/.local/lib/python3.12/site-packages/airflow/operators/python.py", line 238, in execute
    return_value = self.execute_callable()
                   ^^^^^^^^^^^^^^^^^^^^^^^
  File "/home/airflow/.local/lib/python3.12/site-packages/airflow/operators/python.py", line 256, in execute_callable
    return runner.run(*self.op_args, **self.op_kwargs)
           ^^^^^^^^^^^^^^^^^^^^^^^^^^^^^^^^^^^^^^^^^^^
  File "/home/airflow/.local/lib/python3.12/site-packages/airflow/utils/operator_helpers.py", line 252, in run
    return self.func(*args, **kwargs)
           ^^^^^^^^^^^^^^^^^^^^^^^^^^
  File "/opt/airflow/dags/Gold_finance_etl_dags.py", line 94, in load_data_to_postgres
    raise FileNotFoundError("No CSV files found in the /home/rita/app/dags/tmp/transformed_data/output")
FileNotFoundError: No CSV files found in the /home/rita/app/dags/tmp/transformed_data/output
[2025-01-02T12:48:56.650+0000] {local_task_job_runner.py:266} INFO - Task exited with return code 1
[2025-01-02T12:48:56.773+0000] {taskinstance.py:3895} INFO - 0 downstream tasks scheduled from follow-on schedule check
[2025-01-02T12:48:56.790+0000] {local_task_job_runner.py:245} INFO - ::endgroup::
