[2024-12-29T07:23:59.247+0000] {local_task_job_runner.py:123} INFO - ::group::Pre task execution logs
[2024-12-29T07:23:59.321+0000] {taskinstance.py:2613} INFO - Dependencies all met for dep_context=non-requeueable deps ti=<TaskInstance: gold_finance_data_pipeline.fetch_max_date_task manual__2024-12-29T07:23:41.686205+00:00 [queued]>
[2024-12-29T07:23:59.358+0000] {taskinstance.py:2613} INFO - Dependencies all met for dep_context=requeueable deps ti=<TaskInstance: gold_finance_data_pipeline.fetch_max_date_task manual__2024-12-29T07:23:41.686205+00:00 [queued]>
[2024-12-29T07:23:59.359+0000] {taskinstance.py:2866} INFO - Starting attempt 1 of 3
[2024-12-29T07:23:59.412+0000] {taskinstance.py:2889} INFO - Executing <Task(PythonOperator): fetch_max_date_task> on 2024-12-29 07:23:41.686205+00:00
[2024-12-29T07:23:59.457+0000] {warnings.py:112} WARNING - /home/***/.local/lib/python3.12/site-packages/***/task/task_runner/standard_task_runner.py:70: DeprecationWarning: This process (pid=95) is multi-threaded, use of fork() may lead to deadlocks in the child.
  pid = os.fork()

[2024-12-29T07:23:59.463+0000] {standard_task_runner.py:72} INFO - Started process 97 to run task
[2024-12-29T07:23:59.462+0000] {standard_task_runner.py:104} INFO - Running: ['***', 'tasks', 'run', 'gold_finance_data_pipeline', 'fetch_max_date_task', 'manual__2024-12-29T07:23:41.686205+00:00', '--job-id', '184', '--raw', '--subdir', 'DAGS_FOLDER/Gold_finance_etl_dags.py', '--cfg-path', '/tmp/tmppc2_w4t0']
[2024-12-29T07:23:59.475+0000] {standard_task_runner.py:105} INFO - Job 184: Subtask fetch_max_date_task
[2024-12-29T07:23:59.623+0000] {task_command.py:467} INFO - Running <TaskInstance: gold_finance_data_pipeline.fetch_max_date_task manual__2024-12-29T07:23:41.686205+00:00 [running]> on host 77bcd09e75b5
[2024-12-29T07:23:59.872+0000] {taskinstance.py:3132} INFO - Exporting env vars: AIRFLOW_CTX_DAG_OWNER='***' AIRFLOW_CTX_DAG_ID='gold_finance_data_pipeline' AIRFLOW_CTX_TASK_ID='fetch_max_date_task' AIRFLOW_CTX_EXECUTION_DATE='2024-12-29T07:23:41.686205+00:00' AIRFLOW_CTX_TRY_NUMBER='1' AIRFLOW_CTX_DAG_RUN_ID='manual__2024-12-29T07:23:41.686205+00:00'
[2024-12-29T07:23:59.875+0000] {taskinstance.py:731} INFO - ::endgroup::
[2024-12-29T07:23:59.909+0000] {logging_mixin.py:190} INFO - Error fetching max date: name 'PostgresHook' is not defined
[2024-12-29T07:23:59.910+0000] {python.py:240} INFO - Done. Returned value was: 2000-01-01 00:00:00
[2024-12-29T07:23:59.966+0000] {taskinstance.py:340} INFO - ::group::Post task execution logs
[2024-12-29T07:23:59.967+0000] {taskinstance.py:352} INFO - Marking task as SUCCESS. dag_id=gold_finance_data_pipeline, task_id=fetch_max_date_task, run_id=manual__2024-12-29T07:23:41.686205+00:00, execution_date=20241229T072341, start_date=20241229T072359, end_date=20241229T072359
[2024-12-29T07:24:00.080+0000] {local_task_job_runner.py:266} INFO - Task exited with return code 0
[2024-12-29T07:24:00.213+0000] {taskinstance.py:3895} INFO - 1 downstream tasks scheduled from follow-on schedule check
[2024-12-29T07:24:00.233+0000] {local_task_job_runner.py:245} INFO - ::endgroup::
