[2024-12-25T20:55:08.027+0000] {local_task_job_runner.py:123} INFO - ::group::Pre task execution logs
[2024-12-25T20:55:08.094+0000] {taskinstance.py:2613} INFO - Dependencies all met for dep_context=non-requeueable deps ti=<TaskInstance: gold_finance_data_pipeline.pyspark_task manual__2024-12-25T20:54:45.141883+00:00 [queued]>
[2024-12-25T20:55:08.106+0000] {taskinstance.py:2613} INFO - Dependencies all met for dep_context=requeueable deps ti=<TaskInstance: gold_finance_data_pipeline.pyspark_task manual__2024-12-25T20:54:45.141883+00:00 [queued]>
[2024-12-25T20:55:08.107+0000] {taskinstance.py:2866} INFO - Starting attempt 1 of 3
[2024-12-25T20:55:08.128+0000] {taskinstance.py:2889} INFO - Executing <Task(PythonOperator): pyspark_task> on 2024-12-25 20:54:45.141883+00:00
[2024-12-25T20:55:08.136+0000] {warnings.py:112} WARNING - /home/***/.local/lib/python3.12/site-packages/***/task/task_runner/standard_task_runner.py:70: DeprecationWarning: This process (pid=3739) is multi-threaded, use of fork() may lead to deadlocks in the child.
  pid = os.fork()

[2024-12-25T20:55:08.138+0000] {standard_task_runner.py:72} INFO - Started process 3741 to run task
[2024-12-25T20:55:08.139+0000] {standard_task_runner.py:104} INFO - Running: ['***', 'tasks', 'run', 'gold_finance_data_pipeline', 'pyspark_task', 'manual__2024-12-25T20:54:45.141883+00:00', '--job-id', '51', '--raw', '--subdir', 'DAGS_FOLDER/Gold_finance_etl_dags.py', '--cfg-path', '/tmp/tmp_08ky1gu']
[2024-12-25T20:55:08.144+0000] {standard_task_runner.py:105} INFO - Job 51: Subtask pyspark_task
[2024-12-25T20:55:08.220+0000] {task_command.py:467} INFO - Running <TaskInstance: gold_finance_data_pipeline.pyspark_task manual__2024-12-25T20:54:45.141883+00:00 [running]> on host 3dbe838a1c54
[2024-12-25T20:55:08.338+0000] {taskinstance.py:3132} INFO - Exporting env vars: AIRFLOW_CTX_DAG_OWNER='***' AIRFLOW_CTX_DAG_ID='gold_finance_data_pipeline' AIRFLOW_CTX_TASK_ID='pyspark_task' AIRFLOW_CTX_EXECUTION_DATE='2024-12-25T20:54:45.141883+00:00' AIRFLOW_CTX_TRY_NUMBER='1' AIRFLOW_CTX_DAG_RUN_ID='manual__2024-12-25T20:54:45.141883+00:00'
[2024-12-25T20:55:08.340+0000] {taskinstance.py:731} INFO - ::endgroup::
[2024-12-25T20:55:08.504+0000] {logging_mixin.py:190} INFO - An error occurred: [JAVA_GATEWAY_EXITED] Java gateway process exited before sending its port number.
[2024-12-25T20:55:08.517+0000] {python.py:240} INFO - Done. Returned value was: None
[2024-12-25T20:55:08.542+0000] {taskinstance.py:340} INFO - ::group::Post task execution logs
[2024-12-25T20:55:08.542+0000] {taskinstance.py:352} INFO - Marking task as SUCCESS. dag_id=gold_finance_data_pipeline, task_id=pyspark_task, run_id=manual__2024-12-25T20:54:45.141883+00:00, execution_date=20241225T205445, start_date=20241225T205508, end_date=20241225T205508
[2024-12-25T20:55:08.596+0000] {local_task_job_runner.py:266} INFO - Task exited with return code 0
[2024-12-25T20:55:08.631+0000] {taskinstance.py:3895} INFO - 1 downstream tasks scheduled from follow-on schedule check
[2024-12-25T20:55:08.634+0000] {local_task_job_runner.py:245} INFO - ::endgroup::
