[2025-01-02T14:02:48.632+0000] {local_task_job_runner.py:123} INFO - ::group::Pre task execution logs
[2025-01-02T14:02:48.661+0000] {taskinstance.py:2613} INFO - Dependencies all met for dep_context=non-requeueable deps ti=<TaskInstance: gold_finance_data_pipeline.load_data_task manual__2025-01-02T14:02:39.637448+00:00 [queued]>
[2025-01-02T14:02:48.676+0000] {taskinstance.py:2613} INFO - Dependencies all met for dep_context=requeueable deps ti=<TaskInstance: gold_finance_data_pipeline.load_data_task manual__2025-01-02T14:02:39.637448+00:00 [queued]>
[2025-01-02T14:02:48.676+0000] {taskinstance.py:2866} INFO - Starting attempt 1 of 3
[2025-01-02T14:02:48.697+0000] {taskinstance.py:2889} INFO - Executing <Task(PythonOperator): load_data_task> on 2025-01-02 14:02:39.637448+00:00
[2025-01-02T14:02:48.706+0000] {warnings.py:112} WARNING - /home/***/.local/lib/python3.12/site-packages/***/task/task_runner/standard_task_runner.py:70: DeprecationWarning: This process (pid=2549) is multi-threaded, use of fork() may lead to deadlocks in the child.
  pid = os.fork()

[2025-01-02T14:02:48.709+0000] {standard_task_runner.py:72} INFO - Started process 2551 to run task
[2025-01-02T14:02:48.709+0000] {standard_task_runner.py:104} INFO - Running: ['***', 'tasks', 'run', 'gold_finance_data_pipeline', 'load_data_task', 'manual__2025-01-02T14:02:39.637448+00:00', '--job-id', '315', '--raw', '--subdir', 'DAGS_FOLDER/Gold_finance_etl_dags.py', '--cfg-path', '/tmp/tmp3_3wpoy7']
[2025-01-02T14:02:48.714+0000] {standard_task_runner.py:105} INFO - Job 315: Subtask load_data_task
[2025-01-02T14:02:48.789+0000] {task_command.py:467} INFO - Running <TaskInstance: gold_finance_data_pipeline.load_data_task manual__2025-01-02T14:02:39.637448+00:00 [running]> on host 77bcd09e75b5
[2025-01-02T14:02:48.948+0000] {taskinstance.py:3132} INFO - Exporting env vars: AIRFLOW_CTX_DAG_OWNER='***' AIRFLOW_CTX_DAG_ID='gold_finance_data_pipeline' AIRFLOW_CTX_TASK_ID='load_data_task' AIRFLOW_CTX_EXECUTION_DATE='2025-01-02T14:02:39.637448+00:00' AIRFLOW_CTX_TRY_NUMBER='1' AIRFLOW_CTX_DAG_RUN_ID='manual__2025-01-02T14:02:39.637448+00:00'
[2025-01-02T14:02:48.950+0000] {taskinstance.py:731} INFO - ::endgroup::
[2025-01-02T14:02:48.975+0000] {logging_mixin.py:190} INFO - Reading: /tmp/spark_output/part-00000-5dc5ee99-b5ec-4ebd-b2db-b9abdc71861b-c000.csv
[2025-01-02T14:02:49.016+0000] {base.py:84} INFO - Retrieving connection 'my_postgres_connection'
[2025-01-02T14:02:49.389+0000] {logging_mixin.py:190} INFO - Data inserted successfully into alpha_vantage.staging_finance_data
[2025-01-02T14:02:49.391+0000] {python.py:240} INFO - Done. Returned value was: None
[2025-01-02T14:02:49.492+0000] {taskinstance.py:340} INFO - ::group::Post task execution logs
[2025-01-02T14:02:49.492+0000] {taskinstance.py:352} INFO - Marking task as SUCCESS. dag_id=gold_finance_data_pipeline, task_id=load_data_task, run_id=manual__2025-01-02T14:02:39.637448+00:00, execution_date=20250102T140239, start_date=20250102T140248, end_date=20250102T140249
[2025-01-02T14:02:49.713+0000] {local_task_job_runner.py:266} INFO - Task exited with return code 0
[2025-01-02T14:02:49.824+0000] {taskinstance.py:3895} INFO - 1 downstream tasks scheduled from follow-on schedule check
[2025-01-02T14:02:49.829+0000] {local_task_job_runner.py:245} INFO - ::endgroup::
