[2025-01-02T14:31:32.225+0000] {local_task_job_runner.py:123} INFO - ::group::Pre task execution logs
[2025-01-02T14:31:32.257+0000] {taskinstance.py:2613} INFO - Dependencies all met for dep_context=non-requeueable deps ti=<TaskInstance: gold_finance_data_pipeline.extract_data_task manual__2025-01-02T14:31:20.237220+00:00 [queued]>
[2025-01-02T14:31:32.272+0000] {taskinstance.py:2613} INFO - Dependencies all met for dep_context=requeueable deps ti=<TaskInstance: gold_finance_data_pipeline.extract_data_task manual__2025-01-02T14:31:20.237220+00:00 [queued]>
[2025-01-02T14:31:32.272+0000] {taskinstance.py:2866} INFO - Starting attempt 1 of 3
[2025-01-02T14:31:32.295+0000] {taskinstance.py:2889} INFO - Executing <Task(PythonOperator): extract_data_task> on 2025-01-02 14:31:20.237220+00:00
[2025-01-02T14:31:32.304+0000] {warnings.py:112} WARNING - /home/***/.local/lib/python3.12/site-packages/***/task/task_runner/standard_task_runner.py:70: DeprecationWarning: This process (pid=329) is multi-threaded, use of fork() may lead to deadlocks in the child.
  pid = os.fork()

[2025-01-02T14:31:32.307+0000] {standard_task_runner.py:72} INFO - Started process 331 to run task
[2025-01-02T14:31:32.309+0000] {standard_task_runner.py:104} INFO - Running: ['***', 'tasks', 'run', 'gold_finance_data_pipeline', 'extract_data_task', 'manual__2025-01-02T14:31:20.237220+00:00', '--job-id', '326', '--raw', '--subdir', 'DAGS_FOLDER/Gold_finance_etl_dags.py', '--cfg-path', '/tmp/tmppkavk7ls']
[2025-01-02T14:31:32.315+0000] {standard_task_runner.py:105} INFO - Job 326: Subtask extract_data_task
[2025-01-02T14:31:32.661+0000] {task_command.py:467} INFO - Running <TaskInstance: gold_finance_data_pipeline.extract_data_task manual__2025-01-02T14:31:20.237220+00:00 [running]> on host 77bcd09e75b5
[2025-01-02T14:31:32.918+0000] {taskinstance.py:3132} INFO - Exporting env vars: AIRFLOW_CTX_DAG_OWNER='***' AIRFLOW_CTX_DAG_ID='gold_finance_data_pipeline' AIRFLOW_CTX_TASK_ID='extract_data_task' AIRFLOW_CTX_EXECUTION_DATE='2025-01-02T14:31:20.237220+00:00' AIRFLOW_CTX_TRY_NUMBER='1' AIRFLOW_CTX_DAG_RUN_ID='manual__2025-01-02T14:31:20.237220+00:00'
[2025-01-02T14:31:32.923+0000] {taskinstance.py:731} INFO - ::endgroup::
[2025-01-02T14:31:37.153+0000] {python.py:240} INFO - Done. Returned value was: None
[2025-01-02T14:31:37.172+0000] {taskinstance.py:340} INFO - ::group::Post task execution logs
[2025-01-02T14:31:37.172+0000] {taskinstance.py:352} INFO - Marking task as SUCCESS. dag_id=gold_finance_data_pipeline, task_id=extract_data_task, run_id=manual__2025-01-02T14:31:20.237220+00:00, execution_date=20250102T143120, start_date=20250102T143132, end_date=20250102T143137
[2025-01-02T14:31:37.250+0000] {local_task_job_runner.py:266} INFO - Task exited with return code 0
[2025-01-02T14:31:37.328+0000] {standard_task_runner.py:217} INFO - Process not found (most likely exited), stop collecting metrics
[2025-01-02T14:31:37.331+0000] {taskinstance.py:3895} INFO - 1 downstream tasks scheduled from follow-on schedule check
[2025-01-02T14:31:37.356+0000] {local_task_job_runner.py:245} INFO - ::endgroup::
