[2024-12-25T21:19:52.242+0000] {local_task_job_runner.py:123} INFO - ::group::Pre task execution logs
[2024-12-25T21:19:52.274+0000] {taskinstance.py:2613} INFO - Dependencies all met for dep_context=non-requeueable deps ti=<TaskInstance: gold_finance_data_pipeline.load_data_task manual__2024-12-25T21:19:26.073561+00:00 [queued]>
[2024-12-25T21:19:52.293+0000] {taskinstance.py:2613} INFO - Dependencies all met for dep_context=requeueable deps ti=<TaskInstance: gold_finance_data_pipeline.load_data_task manual__2024-12-25T21:19:26.073561+00:00 [queued]>
[2024-12-25T21:19:52.293+0000] {taskinstance.py:2866} INFO - Starting attempt 1 of 3
[2024-12-25T21:19:52.371+0000] {taskinstance.py:2889} INFO - Executing <Task(PythonOperator): load_data_task> on 2024-12-25 21:19:26.073561+00:00
[2024-12-25T21:19:52.391+0000] {warnings.py:112} WARNING - /home/***/.local/lib/python3.12/site-packages/***/task/task_runner/standard_task_runner.py:70: DeprecationWarning: This process (pid=4084) is multi-threaded, use of fork() may lead to deadlocks in the child.
  pid = os.fork()

[2024-12-25T21:19:52.393+0000] {standard_task_runner.py:72} INFO - Started process 4086 to run task
[2024-12-25T21:19:52.395+0000] {standard_task_runner.py:104} INFO - Running: ['***', 'tasks', 'run', 'gold_finance_data_pipeline', 'load_data_task', 'manual__2024-12-25T21:19:26.073561+00:00', '--job-id', '65', '--raw', '--subdir', 'DAGS_FOLDER/Gold_finance_etl_dags.py', '--cfg-path', '/tmp/tmp9ysn35_k']
[2024-12-25T21:19:52.408+0000] {standard_task_runner.py:105} INFO - Job 65: Subtask load_data_task
[2024-12-25T21:19:52.597+0000] {task_command.py:467} INFO - Running <TaskInstance: gold_finance_data_pipeline.load_data_task manual__2024-12-25T21:19:26.073561+00:00 [running]> on host 3dbe838a1c54
[2024-12-25T21:19:52.881+0000] {taskinstance.py:3132} INFO - Exporting env vars: AIRFLOW_CTX_DAG_OWNER='***' AIRFLOW_CTX_DAG_ID='gold_finance_data_pipeline' AIRFLOW_CTX_TASK_ID='load_data_task' AIRFLOW_CTX_EXECUTION_DATE='2024-12-25T21:19:26.073561+00:00' AIRFLOW_CTX_TRY_NUMBER='1' AIRFLOW_CTX_DAG_RUN_ID='manual__2024-12-25T21:19:26.073561+00:00'
[2024-12-25T21:19:52.884+0000] {taskinstance.py:731} INFO - ::endgroup::
[2024-12-25T21:19:52.951+0000] {base.py:84} INFO - Retrieving connection 'my_postgres_connection'
[2024-12-25T21:19:53.044+0000] {logging_mixin.py:190} INFO - Data inserted successfully into alpha_vantage.staging_finance_data
[2024-12-25T21:19:53.044+0000] {python.py:240} INFO - Done. Returned value was: None
[2024-12-25T21:19:53.062+0000] {taskinstance.py:340} INFO - ::group::Post task execution logs
[2024-12-25T21:19:53.063+0000] {taskinstance.py:352} INFO - Marking task as SUCCESS. dag_id=gold_finance_data_pipeline, task_id=load_data_task, run_id=manual__2024-12-25T21:19:26.073561+00:00, execution_date=20241225T211926, start_date=20241225T211952, end_date=20241225T211953
[2024-12-25T21:19:53.146+0000] {local_task_job_runner.py:266} INFO - Task exited with return code 0
[2024-12-25T21:19:53.219+0000] {taskinstance.py:3895} INFO - 1 downstream tasks scheduled from follow-on schedule check
[2024-12-25T21:19:53.245+0000] {local_task_job_runner.py:245} INFO - ::endgroup::
