[2024-12-26T18:56:40.388+0000] {local_task_job_runner.py:123} INFO - ::group::Pre task execution logs
[2024-12-26T18:56:40.414+0000] {taskinstance.py:2613} INFO - Dependencies all met for dep_context=non-requeueable deps ti=<TaskInstance: gold_finance_data_pipeline.fetch_max_date_task manual__2024-12-26T18:56:25.713702+00:00 [queued]>
[2024-12-26T18:56:40.427+0000] {taskinstance.py:2613} INFO - Dependencies all met for dep_context=requeueable deps ti=<TaskInstance: gold_finance_data_pipeline.fetch_max_date_task manual__2024-12-26T18:56:25.713702+00:00 [queued]>
[2024-12-26T18:56:40.428+0000] {taskinstance.py:2866} INFO - Starting attempt 1 of 3
[2024-12-26T18:56:40.447+0000] {taskinstance.py:2889} INFO - Executing <Task(PythonOperator): fetch_max_date_task> on 2024-12-26 18:56:25.713702+00:00
[2024-12-26T18:56:40.455+0000] {warnings.py:112} WARNING - /home/***/.local/lib/python3.12/site-packages/***/task/task_runner/standard_task_runner.py:70: DeprecationWarning: This process (pid=1224) is multi-threaded, use of fork() may lead to deadlocks in the child.
  pid = os.fork()

[2024-12-26T18:56:40.457+0000] {standard_task_runner.py:72} INFO - Started process 1226 to run task
[2024-12-26T18:56:40.459+0000] {standard_task_runner.py:104} INFO - Running: ['***', 'tasks', 'run', 'gold_finance_data_pipeline', 'fetch_max_date_task', 'manual__2024-12-26T18:56:25.713702+00:00', '--job-id', '107', '--raw', '--subdir', 'DAGS_FOLDER/Gold_finance_etl_dags.py', '--cfg-path', '/tmp/tmpg336ya3i']
[2024-12-26T18:56:40.462+0000] {standard_task_runner.py:105} INFO - Job 107: Subtask fetch_max_date_task
[2024-12-26T18:56:40.562+0000] {task_command.py:467} INFO - Running <TaskInstance: gold_finance_data_pipeline.fetch_max_date_task manual__2024-12-26T18:56:25.713702+00:00 [running]> on host 1719f7511137
[2024-12-26T18:56:40.755+0000] {taskinstance.py:3132} INFO - Exporting env vars: AIRFLOW_CTX_DAG_OWNER='***' AIRFLOW_CTX_DAG_ID='gold_finance_data_pipeline' AIRFLOW_CTX_TASK_ID='fetch_max_date_task' AIRFLOW_CTX_EXECUTION_DATE='2024-12-26T18:56:25.713702+00:00' AIRFLOW_CTX_TRY_NUMBER='1' AIRFLOW_CTX_DAG_RUN_ID='manual__2024-12-26T18:56:25.713702+00:00'
[2024-12-26T18:56:40.759+0000] {taskinstance.py:731} INFO - ::endgroup::
[2024-12-26T18:56:40.778+0000] {logging_mixin.py:190} INFO - Error fetching max date: name 'PostgresHook' is not defined
[2024-12-26T18:56:40.779+0000] {python.py:240} INFO - Done. Returned value was: 2000-01-01 00:00:00
[2024-12-26T18:56:40.817+0000] {taskinstance.py:340} INFO - ::group::Post task execution logs
[2024-12-26T18:56:40.818+0000] {taskinstance.py:352} INFO - Marking task as SUCCESS. dag_id=gold_finance_data_pipeline, task_id=fetch_max_date_task, run_id=manual__2024-12-26T18:56:25.713702+00:00, execution_date=20241226T185625, start_date=20241226T185640, end_date=20241226T185640
[2024-12-26T18:56:40.842+0000] {local_task_job_runner.py:266} INFO - Task exited with return code 0
[2024-12-26T18:56:40.885+0000] {taskinstance.py:3895} INFO - 1 downstream tasks scheduled from follow-on schedule check
[2024-12-26T18:56:40.889+0000] {local_task_job_runner.py:245} INFO - ::endgroup::
