[2024-12-24T18:47:02.060+0000] {local_task_job_runner.py:123} INFO - ::group::Pre task execution logs
[2024-12-24T18:47:02.086+0000] {taskinstance.py:2613} INFO - Dependencies all met for dep_context=non-requeueable deps ti=<TaskInstance: Gold_finance_ETL_pipeline.fetch_max_date manual__2024-12-24T18:46:42.723913+00:00 [queued]>
[2024-12-24T18:47:02.099+0000] {taskinstance.py:2613} INFO - Dependencies all met for dep_context=requeueable deps ti=<TaskInstance: Gold_finance_ETL_pipeline.fetch_max_date manual__2024-12-24T18:46:42.723913+00:00 [queued]>
[2024-12-24T18:47:02.100+0000] {taskinstance.py:2866} INFO - Starting attempt 1 of 3
[2024-12-24T18:47:02.124+0000] {taskinstance.py:2889} INFO - Executing <Task(PythonOperator): fetch_max_date> on 2024-12-24 18:46:42.723913+00:00
[2024-12-24T18:47:02.134+0000] {warnings.py:112} WARNING - /home/***/.local/lib/python3.12/site-packages/***/task/task_runner/standard_task_runner.py:70: DeprecationWarning: This process (pid=440) is multi-threaded, use of fork() may lead to deadlocks in the child.
  pid = os.fork()

[2024-12-24T18:47:02.139+0000] {standard_task_runner.py:72} INFO - Started process 442 to run task
[2024-12-24T18:47:02.138+0000] {standard_task_runner.py:104} INFO - Running: ['***', 'tasks', 'run', 'Gold_finance_ETL_pipeline', 'fetch_max_date', 'manual__2024-12-24T18:46:42.723913+00:00', '--job-id', '4', '--raw', '--subdir', 'DAGS_FOLDER/finance_etl_dags.py', '--cfg-path', '/tmp/tmptd0wqv92']
[2024-12-24T18:47:02.144+0000] {standard_task_runner.py:105} INFO - Job 4: Subtask fetch_max_date
[2024-12-24T18:47:02.241+0000] {task_command.py:467} INFO - Running <TaskInstance: Gold_finance_ETL_pipeline.fetch_max_date manual__2024-12-24T18:46:42.723913+00:00 [running]> on host 3dbe838a1c54
[2024-12-24T18:47:02.366+0000] {taskinstance.py:3132} INFO - Exporting env vars: AIRFLOW_CTX_DAG_EMAIL='myemail@domain.com' AIRFLOW_CTX_DAG_OWNER='***' AIRFLOW_CTX_DAG_ID='Gold_finance_ETL_pipeline' AIRFLOW_CTX_TASK_ID='fetch_max_date' AIRFLOW_CTX_EXECUTION_DATE='2024-12-24T18:46:42.723913+00:00' AIRFLOW_CTX_TRY_NUMBER='1' AIRFLOW_CTX_DAG_RUN_ID='manual__2024-12-24T18:46:42.723913+00:00'
[2024-12-24T18:47:02.368+0000] {taskinstance.py:731} INFO - ::endgroup::
[2024-12-24T18:47:02.394+0000] {logging_mixin.py:190} INFO - Error fetching max date: name 'PostgresHook' is not defined
[2024-12-24T18:47:02.395+0000] {python.py:240} INFO - Done. Returned value was: 2000-01-01 00:00:00
[2024-12-24T18:47:02.429+0000] {taskinstance.py:340} INFO - ::group::Post task execution logs
[2024-12-24T18:47:02.430+0000] {taskinstance.py:352} INFO - Marking task as SUCCESS. dag_id=Gold_finance_ETL_pipeline, task_id=fetch_max_date, run_id=manual__2024-12-24T18:46:42.723913+00:00, execution_date=20241224T184642, start_date=20241224T184702, end_date=20241224T184702
[2024-12-24T18:47:02.475+0000] {local_task_job_runner.py:266} INFO - Task exited with return code 0
[2024-12-24T18:47:02.518+0000] {taskinstance.py:3895} INFO - 1 downstream tasks scheduled from follow-on schedule check
[2024-12-24T18:47:02.522+0000] {local_task_job_runner.py:245} INFO - ::endgroup::
