[2025-01-06T19:47:20.643+0000] {processor.py:186} INFO - Started process (PID=7056) to work on /opt/airflow/dags/Gold_finance_etl_dags.py
[2025-01-06T19:47:20.655+0000] {processor.py:914} INFO - Processing file /opt/airflow/dags/Gold_finance_etl_dags.py for tasks to queue
[2025-01-06T19:47:20.658+0000] {logging_mixin.py:190} INFO - [2025-01-06T19:47:20.657+0000] {dagbag.py:588} INFO - Filling up the DagBag from /opt/airflow/dags/Gold_finance_etl_dags.py
[2025-01-06T19:47:37.657+0000] {processor.py:925} INFO - DAG(s) 'gold_finance_data_pipeline' retrieved from /opt/airflow/dags/Gold_finance_etl_dags.py
[2025-01-06T19:47:41.797+0000] {logging_mixin.py:190} INFO - [2025-01-06T19:47:41.782+0000] {dag.py:3239} INFO - Sync 1 DAGs
[2025-01-06T19:47:42.085+0000] {logging_mixin.py:190} INFO - [2025-01-06T19:47:42.057+0000] {dag.py:4180} INFO - Setting next_dagrun for gold_finance_data_pipeline to None, run_after=None
[2025-01-06T19:47:42.478+0000] {processor.py:208} INFO - Processing /opt/airflow/dags/Gold_finance_etl_dags.py took 23.068 seconds
[2025-01-06T19:48:13.260+0000] {processor.py:186} INFO - Started process (PID=7078) to work on /opt/airflow/dags/Gold_finance_etl_dags.py
[2025-01-06T19:48:13.287+0000] {processor.py:914} INFO - Processing file /opt/airflow/dags/Gold_finance_etl_dags.py for tasks to queue
[2025-01-06T19:48:13.290+0000] {logging_mixin.py:190} INFO - [2025-01-06T19:48:13.289+0000] {dagbag.py:588} INFO - Filling up the DagBag from /opt/airflow/dags/Gold_finance_etl_dags.py
[2025-01-06T19:48:20.423+0000] {processor.py:925} INFO - DAG(s) 'gold_finance_data_pipeline' retrieved from /opt/airflow/dags/Gold_finance_etl_dags.py
[2025-01-06T19:48:20.783+0000] {logging_mixin.py:190} INFO - [2025-01-06T19:48:20.774+0000] {dag.py:3239} INFO - Sync 1 DAGs
[2025-01-06T19:48:21.038+0000] {logging_mixin.py:190} INFO - [2025-01-06T19:48:21.038+0000] {dag.py:4180} INFO - Setting next_dagrun for gold_finance_data_pipeline to None, run_after=None
[2025-01-06T19:48:21.261+0000] {processor.py:208} INFO - Processing /opt/airflow/dags/Gold_finance_etl_dags.py took 6.726 seconds
[2025-01-06T19:48:52.427+0000] {processor.py:186} INFO - Started process (PID=7091) to work on /opt/airflow/dags/Gold_finance_etl_dags.py
[2025-01-06T19:48:52.429+0000] {processor.py:914} INFO - Processing file /opt/airflow/dags/Gold_finance_etl_dags.py for tasks to queue
[2025-01-06T19:48:52.442+0000] {logging_mixin.py:190} INFO - [2025-01-06T19:48:52.432+0000] {dagbag.py:588} INFO - Filling up the DagBag from /opt/airflow/dags/Gold_finance_etl_dags.py
[2025-01-06T19:48:54.702+0000] {processor.py:925} INFO - DAG(s) 'gold_finance_data_pipeline' retrieved from /opt/airflow/dags/Gold_finance_etl_dags.py
[2025-01-06T19:48:54.833+0000] {logging_mixin.py:190} INFO - [2025-01-06T19:48:54.832+0000] {dag.py:3239} INFO - Sync 1 DAGs
[2025-01-06T19:48:54.915+0000] {logging_mixin.py:190} INFO - [2025-01-06T19:48:54.915+0000] {dag.py:4180} INFO - Setting next_dagrun for gold_finance_data_pipeline to None, run_after=None
[2025-01-06T19:48:54.990+0000] {processor.py:208} INFO - Processing /opt/airflow/dags/Gold_finance_etl_dags.py took 2.593 seconds
[2025-01-06T19:49:25.355+0000] {processor.py:186} INFO - Started process (PID=7104) to work on /opt/airflow/dags/Gold_finance_etl_dags.py
[2025-01-06T19:49:25.357+0000] {processor.py:914} INFO - Processing file /opt/airflow/dags/Gold_finance_etl_dags.py for tasks to queue
[2025-01-06T19:49:25.368+0000] {logging_mixin.py:190} INFO - [2025-01-06T19:49:25.358+0000] {dagbag.py:588} INFO - Filling up the DagBag from /opt/airflow/dags/Gold_finance_etl_dags.py
[2025-01-06T19:49:27.387+0000] {processor.py:925} INFO - DAG(s) 'gold_finance_data_pipeline' retrieved from /opt/airflow/dags/Gold_finance_etl_dags.py
[2025-01-06T19:49:27.517+0000] {logging_mixin.py:190} INFO - [2025-01-06T19:49:27.509+0000] {dag.py:3239} INFO - Sync 1 DAGs
[2025-01-06T19:49:27.592+0000] {logging_mixin.py:190} INFO - [2025-01-06T19:49:27.592+0000] {dag.py:4180} INFO - Setting next_dagrun for gold_finance_data_pipeline to None, run_after=None
[2025-01-06T19:49:27.669+0000] {processor.py:208} INFO - Processing /opt/airflow/dags/Gold_finance_etl_dags.py took 2.343 seconds
[2025-01-06T19:49:58.527+0000] {processor.py:186} INFO - Started process (PID=7118) to work on /opt/airflow/dags/Gold_finance_etl_dags.py
[2025-01-06T19:49:58.536+0000] {processor.py:914} INFO - Processing file /opt/airflow/dags/Gold_finance_etl_dags.py for tasks to queue
[2025-01-06T19:49:58.539+0000] {logging_mixin.py:190} INFO - [2025-01-06T19:49:58.539+0000] {dagbag.py:588} INFO - Filling up the DagBag from /opt/airflow/dags/Gold_finance_etl_dags.py
[2025-01-06T19:50:00.314+0000] {processor.py:925} INFO - DAG(s) 'gold_finance_data_pipeline' retrieved from /opt/airflow/dags/Gold_finance_etl_dags.py
[2025-01-06T19:50:00.405+0000] {logging_mixin.py:190} INFO - [2025-01-06T19:50:00.404+0000] {dag.py:3239} INFO - Sync 1 DAGs
[2025-01-06T19:50:00.455+0000] {logging_mixin.py:190} INFO - [2025-01-06T19:50:00.454+0000] {dag.py:4180} INFO - Setting next_dagrun for gold_finance_data_pipeline to None, run_after=None
[2025-01-06T19:50:00.526+0000] {processor.py:208} INFO - Processing /opt/airflow/dags/Gold_finance_etl_dags.py took 2.032 seconds
[2025-01-06T19:50:31.329+0000] {processor.py:186} INFO - Started process (PID=7130) to work on /opt/airflow/dags/Gold_finance_etl_dags.py
[2025-01-06T19:50:31.336+0000] {processor.py:914} INFO - Processing file /opt/airflow/dags/Gold_finance_etl_dags.py for tasks to queue
[2025-01-06T19:50:31.370+0000] {logging_mixin.py:190} INFO - [2025-01-06T19:50:31.368+0000] {dagbag.py:588} INFO - Filling up the DagBag from /opt/airflow/dags/Gold_finance_etl_dags.py
[2025-01-06T19:50:32.956+0000] {processor.py:925} INFO - DAG(s) 'gold_finance_data_pipeline' retrieved from /opt/airflow/dags/Gold_finance_etl_dags.py
[2025-01-06T19:50:33.162+0000] {logging_mixin.py:190} INFO - [2025-01-06T19:50:33.154+0000] {dag.py:3239} INFO - Sync 1 DAGs
[2025-01-06T19:50:33.278+0000] {logging_mixin.py:190} INFO - [2025-01-06T19:50:33.278+0000] {dag.py:4180} INFO - Setting next_dagrun for gold_finance_data_pipeline to None, run_after=None
[2025-01-06T19:50:33.389+0000] {processor.py:208} INFO - Processing /opt/airflow/dags/Gold_finance_etl_dags.py took 2.147 seconds
[2025-01-06T19:51:03.660+0000] {processor.py:186} INFO - Started process (PID=7143) to work on /opt/airflow/dags/Gold_finance_etl_dags.py
[2025-01-06T19:51:03.674+0000] {processor.py:914} INFO - Processing file /opt/airflow/dags/Gold_finance_etl_dags.py for tasks to queue
[2025-01-06T19:51:03.678+0000] {logging_mixin.py:190} INFO - [2025-01-06T19:51:03.677+0000] {dagbag.py:588} INFO - Filling up the DagBag from /opt/airflow/dags/Gold_finance_etl_dags.py
[2025-01-06T19:51:04.901+0000] {processor.py:925} INFO - DAG(s) 'gold_finance_data_pipeline' retrieved from /opt/airflow/dags/Gold_finance_etl_dags.py
[2025-01-06T19:51:04.953+0000] {logging_mixin.py:190} INFO - [2025-01-06T19:51:04.953+0000] {dag.py:3239} INFO - Sync 1 DAGs
[2025-01-06T19:51:04.985+0000] {logging_mixin.py:190} INFO - [2025-01-06T19:51:04.985+0000] {dag.py:4180} INFO - Setting next_dagrun for gold_finance_data_pipeline to None, run_after=None
[2025-01-06T19:51:05.021+0000] {processor.py:208} INFO - Processing /opt/airflow/dags/Gold_finance_etl_dags.py took 1.378 seconds
[2025-01-06T19:51:35.244+0000] {processor.py:186} INFO - Started process (PID=7156) to work on /opt/airflow/dags/Gold_finance_etl_dags.py
[2025-01-06T19:51:35.247+0000] {processor.py:914} INFO - Processing file /opt/airflow/dags/Gold_finance_etl_dags.py for tasks to queue
[2025-01-06T19:51:35.250+0000] {logging_mixin.py:190} INFO - [2025-01-06T19:51:35.249+0000] {dagbag.py:588} INFO - Filling up the DagBag from /opt/airflow/dags/Gold_finance_etl_dags.py
[2025-01-06T19:51:35.882+0000] {processor.py:925} INFO - DAG(s) 'gold_finance_data_pipeline' retrieved from /opt/airflow/dags/Gold_finance_etl_dags.py
[2025-01-06T19:51:35.923+0000] {logging_mixin.py:190} INFO - [2025-01-06T19:51:35.923+0000] {dag.py:3239} INFO - Sync 1 DAGs
[2025-01-06T19:51:35.941+0000] {logging_mixin.py:190} INFO - [2025-01-06T19:51:35.941+0000] {dag.py:4180} INFO - Setting next_dagrun for gold_finance_data_pipeline to None, run_after=None
[2025-01-06T19:51:35.969+0000] {processor.py:208} INFO - Processing /opt/airflow/dags/Gold_finance_etl_dags.py took 0.750 seconds
[2025-01-06T19:52:06.607+0000] {processor.py:186} INFO - Started process (PID=7169) to work on /opt/airflow/dags/Gold_finance_etl_dags.py
[2025-01-06T19:52:06.609+0000] {processor.py:914} INFO - Processing file /opt/airflow/dags/Gold_finance_etl_dags.py for tasks to queue
[2025-01-06T19:52:06.612+0000] {logging_mixin.py:190} INFO - [2025-01-06T19:52:06.611+0000] {dagbag.py:588} INFO - Filling up the DagBag from /opt/airflow/dags/Gold_finance_etl_dags.py
[2025-01-06T19:52:07.733+0000] {processor.py:925} INFO - DAG(s) 'gold_finance_data_pipeline' retrieved from /opt/airflow/dags/Gold_finance_etl_dags.py
[2025-01-06T19:52:07.782+0000] {logging_mixin.py:190} INFO - [2025-01-06T19:52:07.781+0000] {dag.py:3239} INFO - Sync 1 DAGs
[2025-01-06T19:52:07.811+0000] {logging_mixin.py:190} INFO - [2025-01-06T19:52:07.810+0000] {dag.py:4180} INFO - Setting next_dagrun for gold_finance_data_pipeline to None, run_after=None
[2025-01-06T19:52:07.854+0000] {processor.py:208} INFO - Processing /opt/airflow/dags/Gold_finance_etl_dags.py took 1.262 seconds
[2025-01-06T19:52:38.746+0000] {processor.py:186} INFO - Started process (PID=7182) to work on /opt/airflow/dags/Gold_finance_etl_dags.py
[2025-01-06T19:52:38.749+0000] {processor.py:914} INFO - Processing file /opt/airflow/dags/Gold_finance_etl_dags.py for tasks to queue
[2025-01-06T19:52:38.760+0000] {logging_mixin.py:190} INFO - [2025-01-06T19:52:38.759+0000] {dagbag.py:588} INFO - Filling up the DagBag from /opt/airflow/dags/Gold_finance_etl_dags.py
[2025-01-06T19:52:40.873+0000] {processor.py:925} INFO - DAG(s) 'gold_finance_data_pipeline' retrieved from /opt/airflow/dags/Gold_finance_etl_dags.py
[2025-01-06T19:52:40.959+0000] {logging_mixin.py:190} INFO - [2025-01-06T19:52:40.958+0000] {dag.py:3239} INFO - Sync 1 DAGs
[2025-01-06T19:52:41.020+0000] {logging_mixin.py:190} INFO - [2025-01-06T19:52:41.020+0000] {dag.py:4180} INFO - Setting next_dagrun for gold_finance_data_pipeline to None, run_after=None
[2025-01-06T19:52:41.092+0000] {processor.py:208} INFO - Processing /opt/airflow/dags/Gold_finance_etl_dags.py took 2.378 seconds
[2025-01-06T19:53:11.574+0000] {processor.py:186} INFO - Started process (PID=7195) to work on /opt/airflow/dags/Gold_finance_etl_dags.py
[2025-01-06T19:53:11.587+0000] {processor.py:914} INFO - Processing file /opt/airflow/dags/Gold_finance_etl_dags.py for tasks to queue
[2025-01-06T19:53:11.592+0000] {logging_mixin.py:190} INFO - [2025-01-06T19:53:11.591+0000] {dagbag.py:588} INFO - Filling up the DagBag from /opt/airflow/dags/Gold_finance_etl_dags.py
[2025-01-06T19:53:14.398+0000] {processor.py:925} INFO - DAG(s) 'gold_finance_data_pipeline' retrieved from /opt/airflow/dags/Gold_finance_etl_dags.py
[2025-01-06T19:53:14.549+0000] {logging_mixin.py:190} INFO - [2025-01-06T19:53:14.539+0000] {dag.py:3239} INFO - Sync 1 DAGs
[2025-01-06T19:53:14.639+0000] {logging_mixin.py:190} INFO - [2025-01-06T19:53:14.639+0000] {dag.py:4180} INFO - Setting next_dagrun for gold_finance_data_pipeline to None, run_after=None
[2025-01-06T19:53:14.762+0000] {processor.py:208} INFO - Processing /opt/airflow/dags/Gold_finance_etl_dags.py took 3.237 seconds
[2025-01-06T19:53:45.656+0000] {processor.py:186} INFO - Started process (PID=7208) to work on /opt/airflow/dags/Gold_finance_etl_dags.py
[2025-01-06T19:53:45.684+0000] {processor.py:914} INFO - Processing file /opt/airflow/dags/Gold_finance_etl_dags.py for tasks to queue
[2025-01-06T19:53:45.689+0000] {logging_mixin.py:190} INFO - [2025-01-06T19:53:45.688+0000] {dagbag.py:588} INFO - Filling up the DagBag from /opt/airflow/dags/Gold_finance_etl_dags.py
[2025-01-06T19:53:47.736+0000] {processor.py:925} INFO - DAG(s) 'gold_finance_data_pipeline' retrieved from /opt/airflow/dags/Gold_finance_etl_dags.py
[2025-01-06T19:53:47.827+0000] {logging_mixin.py:190} INFO - [2025-01-06T19:53:47.826+0000] {dag.py:3239} INFO - Sync 1 DAGs
[2025-01-06T19:53:47.866+0000] {logging_mixin.py:190} INFO - [2025-01-06T19:53:47.865+0000] {dag.py:4180} INFO - Setting next_dagrun for gold_finance_data_pipeline to None, run_after=None
[2025-01-06T19:53:47.925+0000] {processor.py:208} INFO - Processing /opt/airflow/dags/Gold_finance_etl_dags.py took 2.325 seconds
[2025-01-06T19:54:18.467+0000] {processor.py:186} INFO - Started process (PID=7221) to work on /opt/airflow/dags/Gold_finance_etl_dags.py
[2025-01-06T19:54:18.470+0000] {processor.py:914} INFO - Processing file /opt/airflow/dags/Gold_finance_etl_dags.py for tasks to queue
[2025-01-06T19:54:18.474+0000] {logging_mixin.py:190} INFO - [2025-01-06T19:54:18.474+0000] {dagbag.py:588} INFO - Filling up the DagBag from /opt/airflow/dags/Gold_finance_etl_dags.py
[2025-01-06T19:54:19.853+0000] {processor.py:925} INFO - DAG(s) 'gold_finance_data_pipeline' retrieved from /opt/airflow/dags/Gold_finance_etl_dags.py
[2025-01-06T19:54:19.991+0000] {logging_mixin.py:190} INFO - [2025-01-06T19:54:19.984+0000] {dag.py:3239} INFO - Sync 1 DAGs
[2025-01-06T19:54:20.073+0000] {logging_mixin.py:190} INFO - [2025-01-06T19:54:20.073+0000] {dag.py:4180} INFO - Setting next_dagrun for gold_finance_data_pipeline to None, run_after=None
[2025-01-06T19:54:20.170+0000] {processor.py:208} INFO - Processing /opt/airflow/dags/Gold_finance_etl_dags.py took 1.721 seconds
[2025-01-06T19:54:53.475+0000] {processor.py:186} INFO - Started process (PID=7233) to work on /opt/airflow/dags/Gold_finance_etl_dags.py
[2025-01-06T19:54:53.583+0000] {processor.py:914} INFO - Processing file /opt/airflow/dags/Gold_finance_etl_dags.py for tasks to queue
[2025-01-06T19:54:53.634+0000] {logging_mixin.py:190} INFO - [2025-01-06T19:54:53.585+0000] {dagbag.py:588} INFO - Filling up the DagBag from /opt/airflow/dags/Gold_finance_etl_dags.py
[2025-01-06T19:54:56.427+0000] {processor.py:925} INFO - DAG(s) 'gold_finance_data_pipeline' retrieved from /opt/airflow/dags/Gold_finance_etl_dags.py
[2025-01-06T19:54:56.714+0000] {logging_mixin.py:190} INFO - [2025-01-06T19:54:56.713+0000] {dag.py:3239} INFO - Sync 1 DAGs
[2025-01-06T19:54:56.790+0000] {logging_mixin.py:190} INFO - [2025-01-06T19:54:56.790+0000] {dag.py:4180} INFO - Setting next_dagrun for gold_finance_data_pipeline to None, run_after=None
[2025-01-06T19:54:56.984+0000] {processor.py:208} INFO - Processing /opt/airflow/dags/Gold_finance_etl_dags.py took 3.617 seconds
[2025-01-06T22:54:56.581+0000] {processor.py:186} INFO - Started process (PID=7238) to work on /opt/airflow/dags/Gold_finance_etl_dags.py
[2025-01-06T22:54:56.594+0000] {processor.py:914} INFO - Processing file /opt/airflow/dags/Gold_finance_etl_dags.py for tasks to queue
[2025-01-06T22:54:56.597+0000] {logging_mixin.py:190} INFO - [2025-01-06T22:54:56.596+0000] {dagbag.py:588} INFO - Filling up the DagBag from /opt/airflow/dags/Gold_finance_etl_dags.py
[2025-01-06T22:55:00.410+0000] {processor.py:925} INFO - DAG(s) 'gold_finance_data_pipeline' retrieved from /opt/airflow/dags/Gold_finance_etl_dags.py
[2025-01-06T22:55:00.594+0000] {logging_mixin.py:190} INFO - [2025-01-06T22:55:00.593+0000] {dag.py:3239} INFO - Sync 1 DAGs
[2025-01-06T22:55:00.683+0000] {logging_mixin.py:190} INFO - [2025-01-06T22:55:00.678+0000] {dag.py:4180} INFO - Setting next_dagrun for gold_finance_data_pipeline to None, run_after=None
[2025-01-06T22:55:05.860+0000] {processor.py:208} INFO - Processing /opt/airflow/dags/Gold_finance_etl_dags.py took 9.359 seconds
