[2025-01-02T14:19:52.662+0000] {local_task_job_runner.py:123} INFO - ::group::Pre task execution logs
[2025-01-02T14:19:52.689+0000] {taskinstance.py:2613} INFO - Dependencies all met for dep_context=non-requeueable deps ti=<TaskInstance: gold_finance_data_pipeline.pyspark_task manual__2025-01-02T14:19:46.110395+00:00 [queued]>
[2025-01-02T14:19:52.706+0000] {taskinstance.py:2613} INFO - Dependencies all met for dep_context=requeueable deps ti=<TaskInstance: gold_finance_data_pipeline.pyspark_task manual__2025-01-02T14:19:46.110395+00:00 [queued]>
[2025-01-02T14:19:52.706+0000] {taskinstance.py:2866} INFO - Starting attempt 1 of 3
[2025-01-02T14:19:52.738+0000] {taskinstance.py:2889} INFO - Executing <Task(PythonOperator): pyspark_task> on 2025-01-02 14:19:46.110395+00:00
[2025-01-02T14:19:52.748+0000] {warnings.py:112} WARNING - /home/***/.local/lib/python3.12/site-packages/***/task/task_runner/standard_task_runner.py:70: DeprecationWarning: This process (pid=175) is multi-threaded, use of fork() may lead to deadlocks in the child.
  pid = os.fork()

[2025-01-02T14:19:52.759+0000] {standard_task_runner.py:72} INFO - Started process 177 to run task
[2025-01-02T14:19:52.753+0000] {standard_task_runner.py:104} INFO - Running: ['***', 'tasks', 'run', 'gold_finance_data_pipeline', 'pyspark_task', 'manual__2025-01-02T14:19:46.110395+00:00', '--job-id', '321', '--raw', '--subdir', 'DAGS_FOLDER/Gold_finance_etl_dags.py', '--cfg-path', '/tmp/tmpcx84e88m']
[2025-01-02T14:19:52.767+0000] {standard_task_runner.py:105} INFO - Job 321: Subtask pyspark_task
[2025-01-02T14:19:52.853+0000] {task_command.py:467} INFO - Running <TaskInstance: gold_finance_data_pipeline.pyspark_task manual__2025-01-02T14:19:46.110395+00:00 [running]> on host 77bcd09e75b5
[2025-01-02T14:19:53.025+0000] {taskinstance.py:3132} INFO - Exporting env vars: AIRFLOW_CTX_DAG_OWNER='***' AIRFLOW_CTX_DAG_ID='gold_finance_data_pipeline' AIRFLOW_CTX_TASK_ID='pyspark_task' AIRFLOW_CTX_EXECUTION_DATE='2025-01-02T14:19:46.110395+00:00' AIRFLOW_CTX_TRY_NUMBER='1' AIRFLOW_CTX_DAG_RUN_ID='manual__2025-01-02T14:19:46.110395+00:00'
[2025-01-02T14:19:53.027+0000] {taskinstance.py:731} INFO - ::endgroup::
[2025-01-02T14:19:53.067+0000] {logging_mixin.py:190} INFO - An error occurred: [Errno 13] Permission denied: '/home/rita'
[2025-01-02T14:19:53.067+0000] {python.py:240} INFO - Done. Returned value was: None
[2025-01-02T14:19:53.085+0000] {taskinstance.py:340} INFO - ::group::Post task execution logs
[2025-01-02T14:19:53.086+0000] {taskinstance.py:352} INFO - Marking task as SUCCESS. dag_id=gold_finance_data_pipeline, task_id=pyspark_task, run_id=manual__2025-01-02T14:19:46.110395+00:00, execution_date=20250102T141946, start_date=20250102T141952, end_date=20250102T141953
[2025-01-02T14:19:53.138+0000] {local_task_job_runner.py:266} INFO - Task exited with return code 0
[2025-01-02T14:19:53.204+0000] {taskinstance.py:3895} INFO - 1 downstream tasks scheduled from follow-on schedule check
[2025-01-02T14:19:53.210+0000] {local_task_job_runner.py:245} INFO - ::endgroup::
