[2024-12-24T18:11:41.269+0000] {processor.py:186} INFO - Started process (PID=62) to work on /opt/airflow/dags/modules/transform.py
[2024-12-24T18:11:41.271+0000] {processor.py:914} INFO - Processing file /opt/airflow/dags/modules/transform.py for tasks to queue
[2024-12-24T18:11:41.276+0000] {logging_mixin.py:190} INFO - [2024-12-24T18:11:41.275+0000] {dagbag.py:588} INFO - Filling up the DagBag from /opt/airflow/dags/modules/transform.py
[2024-12-24T18:11:42.735+0000] {processor.py:927} WARNING - No viable dags retrieved from /opt/airflow/dags/modules/transform.py
[2024-12-24T18:11:42.769+0000] {processor.py:208} INFO - Processing /opt/airflow/dags/modules/transform.py took 1.545 seconds
[2024-12-24T18:12:12.937+0000] {processor.py:186} INFO - Started process (PID=73) to work on /opt/airflow/dags/modules/transform.py
[2024-12-24T18:12:12.940+0000] {processor.py:914} INFO - Processing file /opt/airflow/dags/modules/transform.py for tasks to queue
[2024-12-24T18:12:12.963+0000] {logging_mixin.py:190} INFO - [2024-12-24T18:12:12.961+0000] {dagbag.py:588} INFO - Filling up the DagBag from /opt/airflow/dags/modules/transform.py
[2024-12-24T18:12:14.948+0000] {processor.py:927} WARNING - No viable dags retrieved from /opt/airflow/dags/modules/transform.py
[2024-12-24T18:12:15.026+0000] {processor.py:208} INFO - Processing /opt/airflow/dags/modules/transform.py took 2.129 seconds
[2024-12-24T18:12:45.278+0000] {processor.py:186} INFO - Started process (PID=85) to work on /opt/airflow/dags/modules/transform.py
[2024-12-24T18:12:45.283+0000] {processor.py:914} INFO - Processing file /opt/airflow/dags/modules/transform.py for tasks to queue
[2024-12-24T18:12:45.307+0000] {logging_mixin.py:190} INFO - [2024-12-24T18:12:45.306+0000] {dagbag.py:588} INFO - Filling up the DagBag from /opt/airflow/dags/modules/transform.py
[2024-12-24T18:12:48.465+0000] {processor.py:927} WARNING - No viable dags retrieved from /opt/airflow/dags/modules/transform.py
[2024-12-24T18:12:48.722+0000] {processor.py:208} INFO - Processing /opt/airflow/dags/modules/transform.py took 3.489 seconds
[2024-12-24T18:13:18.931+0000] {processor.py:186} INFO - Started process (PID=97) to work on /opt/airflow/dags/modules/transform.py
[2024-12-24T18:13:18.953+0000] {processor.py:914} INFO - Processing file /opt/airflow/dags/modules/transform.py for tasks to queue
[2024-12-24T18:13:18.956+0000] {logging_mixin.py:190} INFO - [2024-12-24T18:13:18.956+0000] {dagbag.py:588} INFO - Filling up the DagBag from /opt/airflow/dags/modules/transform.py
[2024-12-24T18:13:19.081+0000] {processor.py:927} WARNING - No viable dags retrieved from /opt/airflow/dags/modules/transform.py
[2024-12-24T18:13:19.098+0000] {processor.py:208} INFO - Processing /opt/airflow/dags/modules/transform.py took 0.178 seconds
[2024-12-24T18:13:49.972+0000] {processor.py:186} INFO - Started process (PID=109) to work on /opt/airflow/dags/modules/transform.py
[2024-12-24T18:13:49.974+0000] {processor.py:914} INFO - Processing file /opt/airflow/dags/modules/transform.py for tasks to queue
[2024-12-24T18:13:49.987+0000] {logging_mixin.py:190} INFO - [2024-12-24T18:13:49.986+0000] {dagbag.py:588} INFO - Filling up the DagBag from /opt/airflow/dags/modules/transform.py
[2024-12-24T18:13:50.340+0000] {processor.py:927} WARNING - No viable dags retrieved from /opt/airflow/dags/modules/transform.py
[2024-12-24T18:13:50.368+0000] {processor.py:208} INFO - Processing /opt/airflow/dags/modules/transform.py took 0.458 seconds
[2024-12-24T18:14:21.219+0000] {processor.py:186} INFO - Started process (PID=120) to work on /opt/airflow/dags/modules/transform.py
[2024-12-24T18:14:21.223+0000] {processor.py:914} INFO - Processing file /opt/airflow/dags/modules/transform.py for tasks to queue
[2024-12-24T18:14:21.228+0000] {logging_mixin.py:190} INFO - [2024-12-24T18:14:21.228+0000] {dagbag.py:588} INFO - Filling up the DagBag from /opt/airflow/dags/modules/transform.py
[2024-12-24T18:14:21.525+0000] {processor.py:927} WARNING - No viable dags retrieved from /opt/airflow/dags/modules/transform.py
[2024-12-24T18:14:21.614+0000] {processor.py:208} INFO - Processing /opt/airflow/dags/modules/transform.py took 0.417 seconds
[2024-12-24T18:14:52.390+0000] {processor.py:186} INFO - Started process (PID=132) to work on /opt/airflow/dags/modules/transform.py
[2024-12-24T18:14:52.394+0000] {processor.py:914} INFO - Processing file /opt/airflow/dags/modules/transform.py for tasks to queue
[2024-12-24T18:14:52.399+0000] {logging_mixin.py:190} INFO - [2024-12-24T18:14:52.398+0000] {dagbag.py:588} INFO - Filling up the DagBag from /opt/airflow/dags/modules/transform.py
[2024-12-24T18:14:52.764+0000] {processor.py:927} WARNING - No viable dags retrieved from /opt/airflow/dags/modules/transform.py
[2024-12-24T18:14:52.814+0000] {processor.py:208} INFO - Processing /opt/airflow/dags/modules/transform.py took 0.444 seconds
[2024-12-24T18:15:23.325+0000] {processor.py:186} INFO - Started process (PID=144) to work on /opt/airflow/dags/modules/transform.py
[2024-12-24T18:15:23.334+0000] {processor.py:914} INFO - Processing file /opt/airflow/dags/modules/transform.py for tasks to queue
[2024-12-24T18:15:23.338+0000] {logging_mixin.py:190} INFO - [2024-12-24T18:15:23.337+0000] {dagbag.py:588} INFO - Filling up the DagBag from /opt/airflow/dags/modules/transform.py
[2024-12-24T18:15:23.471+0000] {processor.py:927} WARNING - No viable dags retrieved from /opt/airflow/dags/modules/transform.py
[2024-12-24T18:15:23.497+0000] {processor.py:208} INFO - Processing /opt/airflow/dags/modules/transform.py took 0.182 seconds
[2024-12-24T18:15:53.811+0000] {processor.py:186} INFO - Started process (PID=156) to work on /opt/airflow/dags/modules/transform.py
[2024-12-24T18:15:53.813+0000] {processor.py:914} INFO - Processing file /opt/airflow/dags/modules/transform.py for tasks to queue
[2024-12-24T18:15:53.816+0000] {logging_mixin.py:190} INFO - [2024-12-24T18:15:53.815+0000] {dagbag.py:588} INFO - Filling up the DagBag from /opt/airflow/dags/modules/transform.py
[2024-12-24T18:15:54.101+0000] {processor.py:927} WARNING - No viable dags retrieved from /opt/airflow/dags/modules/transform.py
[2024-12-24T18:15:54.119+0000] {processor.py:208} INFO - Processing /opt/airflow/dags/modules/transform.py took 0.318 seconds
[2024-12-24T18:16:24.378+0000] {processor.py:186} INFO - Started process (PID=168) to work on /opt/airflow/dags/modules/transform.py
[2024-12-24T18:16:24.416+0000] {processor.py:914} INFO - Processing file /opt/airflow/dags/modules/transform.py for tasks to queue
[2024-12-24T18:16:24.421+0000] {logging_mixin.py:190} INFO - [2024-12-24T18:16:24.420+0000] {dagbag.py:588} INFO - Filling up the DagBag from /opt/airflow/dags/modules/transform.py
[2024-12-24T18:16:24.628+0000] {processor.py:927} WARNING - No viable dags retrieved from /opt/airflow/dags/modules/transform.py
[2024-12-24T18:16:24.651+0000] {processor.py:208} INFO - Processing /opt/airflow/dags/modules/transform.py took 0.287 seconds
[2024-12-24T18:16:54.947+0000] {processor.py:186} INFO - Started process (PID=180) to work on /opt/airflow/dags/modules/transform.py
[2024-12-24T18:16:54.956+0000] {processor.py:914} INFO - Processing file /opt/airflow/dags/modules/transform.py for tasks to queue
[2024-12-24T18:16:54.962+0000] {logging_mixin.py:190} INFO - [2024-12-24T18:16:54.961+0000] {dagbag.py:588} INFO - Filling up the DagBag from /opt/airflow/dags/modules/transform.py
[2024-12-24T18:16:55.202+0000] {processor.py:927} WARNING - No viable dags retrieved from /opt/airflow/dags/modules/transform.py
[2024-12-24T18:16:55.274+0000] {processor.py:208} INFO - Processing /opt/airflow/dags/modules/transform.py took 0.340 seconds
[2024-12-24T18:17:28.748+0000] {processor.py:186} INFO - Started process (PID=192) to work on /opt/airflow/dags/modules/transform.py
[2024-12-24T18:17:28.750+0000] {processor.py:914} INFO - Processing file /opt/airflow/dags/modules/transform.py for tasks to queue
[2024-12-24T18:17:28.753+0000] {logging_mixin.py:190} INFO - [2024-12-24T18:17:28.752+0000] {dagbag.py:588} INFO - Filling up the DagBag from /opt/airflow/dags/modules/transform.py
[2024-12-24T18:17:28.898+0000] {processor.py:927} WARNING - No viable dags retrieved from /opt/airflow/dags/modules/transform.py
[2024-12-24T18:17:28.918+0000] {processor.py:208} INFO - Processing /opt/airflow/dags/modules/transform.py took 0.185 seconds
[2024-12-24T18:18:01.917+0000] {processor.py:186} INFO - Started process (PID=204) to work on /opt/airflow/dags/modules/transform.py
[2024-12-24T18:18:01.937+0000] {processor.py:914} INFO - Processing file /opt/airflow/dags/modules/transform.py for tasks to queue
[2024-12-24T18:18:01.940+0000] {logging_mixin.py:190} INFO - [2024-12-24T18:18:01.939+0000] {dagbag.py:588} INFO - Filling up the DagBag from /opt/airflow/dags/modules/transform.py
[2024-12-24T18:18:02.248+0000] {processor.py:927} WARNING - No viable dags retrieved from /opt/airflow/dags/modules/transform.py
[2024-12-24T18:18:02.279+0000] {processor.py:208} INFO - Processing /opt/airflow/dags/modules/transform.py took 0.381 seconds
[2024-12-24T18:18:35.094+0000] {processor.py:186} INFO - Started process (PID=216) to work on /opt/airflow/dags/modules/transform.py
[2024-12-24T18:18:35.097+0000] {processor.py:914} INFO - Processing file /opt/airflow/dags/modules/transform.py for tasks to queue
[2024-12-24T18:18:35.102+0000] {logging_mixin.py:190} INFO - [2024-12-24T18:18:35.101+0000] {dagbag.py:588} INFO - Filling up the DagBag from /opt/airflow/dags/modules/transform.py
[2024-12-24T18:18:35.388+0000] {processor.py:927} WARNING - No viable dags retrieved from /opt/airflow/dags/modules/transform.py
[2024-12-24T18:18:35.416+0000] {processor.py:208} INFO - Processing /opt/airflow/dags/modules/transform.py took 0.333 seconds
[2024-12-24T18:19:08.718+0000] {processor.py:186} INFO - Started process (PID=229) to work on /opt/airflow/dags/modules/transform.py
[2024-12-24T18:19:08.739+0000] {processor.py:914} INFO - Processing file /opt/airflow/dags/modules/transform.py for tasks to queue
[2024-12-24T18:19:08.742+0000] {logging_mixin.py:190} INFO - [2024-12-24T18:19:08.742+0000] {dagbag.py:588} INFO - Filling up the DagBag from /opt/airflow/dags/modules/transform.py
[2024-12-24T18:19:08.918+0000] {processor.py:927} WARNING - No viable dags retrieved from /opt/airflow/dags/modules/transform.py
[2024-12-24T18:19:08.938+0000] {processor.py:208} INFO - Processing /opt/airflow/dags/modules/transform.py took 0.230 seconds
[2024-12-24T18:19:42.248+0000] {processor.py:186} INFO - Started process (PID=241) to work on /opt/airflow/dags/modules/transform.py
[2024-12-24T18:19:42.282+0000] {processor.py:914} INFO - Processing file /opt/airflow/dags/modules/transform.py for tasks to queue
[2024-12-24T18:19:42.287+0000] {logging_mixin.py:190} INFO - [2024-12-24T18:19:42.286+0000] {dagbag.py:588} INFO - Filling up the DagBag from /opt/airflow/dags/modules/transform.py
[2024-12-24T18:19:42.468+0000] {processor.py:927} WARNING - No viable dags retrieved from /opt/airflow/dags/modules/transform.py
[2024-12-24T18:19:42.488+0000] {processor.py:208} INFO - Processing /opt/airflow/dags/modules/transform.py took 0.252 seconds
[2024-12-24T18:20:14.860+0000] {processor.py:186} INFO - Started process (PID=254) to work on /opt/airflow/dags/modules/transform.py
[2024-12-24T18:20:14.880+0000] {processor.py:914} INFO - Processing file /opt/airflow/dags/modules/transform.py for tasks to queue
[2024-12-24T18:20:14.885+0000] {logging_mixin.py:190} INFO - [2024-12-24T18:20:14.884+0000] {dagbag.py:588} INFO - Filling up the DagBag from /opt/airflow/dags/modules/transform.py
[2024-12-24T18:20:15.408+0000] {processor.py:927} WARNING - No viable dags retrieved from /opt/airflow/dags/modules/transform.py
[2024-12-24T18:20:15.432+0000] {processor.py:208} INFO - Processing /opt/airflow/dags/modules/transform.py took 0.587 seconds
[2024-12-24T18:20:48.158+0000] {processor.py:186} INFO - Started process (PID=266) to work on /opt/airflow/dags/modules/transform.py
[2024-12-24T18:20:48.160+0000] {processor.py:914} INFO - Processing file /opt/airflow/dags/modules/transform.py for tasks to queue
[2024-12-24T18:20:48.168+0000] {logging_mixin.py:190} INFO - [2024-12-24T18:20:48.165+0000] {dagbag.py:588} INFO - Filling up the DagBag from /opt/airflow/dags/modules/transform.py
[2024-12-24T18:20:48.308+0000] {processor.py:927} WARNING - No viable dags retrieved from /opt/airflow/dags/modules/transform.py
[2024-12-24T18:20:48.327+0000] {processor.py:208} INFO - Processing /opt/airflow/dags/modules/transform.py took 0.209 seconds
[2024-12-24T18:21:21.977+0000] {processor.py:186} INFO - Started process (PID=278) to work on /opt/airflow/dags/modules/transform.py
[2024-12-24T18:21:21.978+0000] {processor.py:914} INFO - Processing file /opt/airflow/dags/modules/transform.py for tasks to queue
[2024-12-24T18:21:21.982+0000] {logging_mixin.py:190} INFO - [2024-12-24T18:21:21.981+0000] {dagbag.py:588} INFO - Filling up the DagBag from /opt/airflow/dags/modules/transform.py
[2024-12-24T18:21:22.140+0000] {processor.py:927} WARNING - No viable dags retrieved from /opt/airflow/dags/modules/transform.py
[2024-12-24T18:21:22.161+0000] {processor.py:208} INFO - Processing /opt/airflow/dags/modules/transform.py took 0.197 seconds
[2024-12-24T18:21:55.527+0000] {processor.py:186} INFO - Started process (PID=292) to work on /opt/airflow/dags/modules/transform.py
[2024-12-24T18:21:55.540+0000] {processor.py:914} INFO - Processing file /opt/airflow/dags/modules/transform.py for tasks to queue
[2024-12-24T18:21:55.556+0000] {logging_mixin.py:190} INFO - [2024-12-24T18:21:55.555+0000] {dagbag.py:588} INFO - Filling up the DagBag from /opt/airflow/dags/modules/transform.py
[2024-12-24T18:21:56.002+0000] {processor.py:927} WARNING - No viable dags retrieved from /opt/airflow/dags/modules/transform.py
[2024-12-24T18:21:56.037+0000] {processor.py:208} INFO - Processing /opt/airflow/dags/modules/transform.py took 0.557 seconds
[2024-12-24T18:22:28.648+0000] {processor.py:186} INFO - Started process (PID=304) to work on /opt/airflow/dags/modules/transform.py
[2024-12-24T18:22:28.661+0000] {processor.py:914} INFO - Processing file /opt/airflow/dags/modules/transform.py for tasks to queue
[2024-12-24T18:22:28.665+0000] {logging_mixin.py:190} INFO - [2024-12-24T18:22:28.664+0000] {dagbag.py:588} INFO - Filling up the DagBag from /opt/airflow/dags/modules/transform.py
[2024-12-24T18:22:28.973+0000] {processor.py:927} WARNING - No viable dags retrieved from /opt/airflow/dags/modules/transform.py
[2024-12-24T18:22:28.989+0000] {processor.py:208} INFO - Processing /opt/airflow/dags/modules/transform.py took 0.353 seconds
[2024-12-24T18:23:01.797+0000] {processor.py:186} INFO - Started process (PID=316) to work on /opt/airflow/dags/modules/transform.py
[2024-12-24T18:23:01.805+0000] {processor.py:914} INFO - Processing file /opt/airflow/dags/modules/transform.py for tasks to queue
[2024-12-24T18:23:01.810+0000] {logging_mixin.py:190} INFO - [2024-12-24T18:23:01.810+0000] {dagbag.py:588} INFO - Filling up the DagBag from /opt/airflow/dags/modules/transform.py
[2024-12-24T18:23:02.123+0000] {processor.py:927} WARNING - No viable dags retrieved from /opt/airflow/dags/modules/transform.py
[2024-12-24T18:23:02.141+0000] {processor.py:208} INFO - Processing /opt/airflow/dags/modules/transform.py took 0.357 seconds
[2024-12-24T18:23:35.059+0000] {processor.py:186} INFO - Started process (PID=328) to work on /opt/airflow/dags/modules/transform.py
[2024-12-24T18:23:35.070+0000] {processor.py:914} INFO - Processing file /opt/airflow/dags/modules/transform.py for tasks to queue
[2024-12-24T18:23:35.078+0000] {logging_mixin.py:190} INFO - [2024-12-24T18:23:35.077+0000] {dagbag.py:588} INFO - Filling up the DagBag from /opt/airflow/dags/modules/transform.py
[2024-12-24T18:23:35.935+0000] {processor.py:927} WARNING - No viable dags retrieved from /opt/airflow/dags/modules/transform.py
[2024-12-24T18:23:36.033+0000] {processor.py:208} INFO - Processing /opt/airflow/dags/modules/transform.py took 1.007 seconds
[2024-12-24T18:24:08.702+0000] {processor.py:186} INFO - Started process (PID=340) to work on /opt/airflow/dags/modules/transform.py
[2024-12-24T18:24:08.703+0000] {processor.py:914} INFO - Processing file /opt/airflow/dags/modules/transform.py for tasks to queue
[2024-12-24T18:24:08.707+0000] {logging_mixin.py:190} INFO - [2024-12-24T18:24:08.706+0000] {dagbag.py:588} INFO - Filling up the DagBag from /opt/airflow/dags/modules/transform.py
[2024-12-24T18:24:08.905+0000] {processor.py:927} WARNING - No viable dags retrieved from /opt/airflow/dags/modules/transform.py
[2024-12-24T18:24:08.923+0000] {processor.py:208} INFO - Processing /opt/airflow/dags/modules/transform.py took 0.233 seconds
[2024-12-24T18:24:41.577+0000] {processor.py:186} INFO - Started process (PID=353) to work on /opt/airflow/dags/modules/transform.py
[2024-12-24T18:24:41.606+0000] {processor.py:914} INFO - Processing file /opt/airflow/dags/modules/transform.py for tasks to queue
[2024-12-24T18:24:41.609+0000] {logging_mixin.py:190} INFO - [2024-12-24T18:24:41.609+0000] {dagbag.py:588} INFO - Filling up the DagBag from /opt/airflow/dags/modules/transform.py
[2024-12-24T18:24:41.764+0000] {processor.py:927} WARNING - No viable dags retrieved from /opt/airflow/dags/modules/transform.py
[2024-12-24T18:24:41.783+0000] {processor.py:208} INFO - Processing /opt/airflow/dags/modules/transform.py took 0.218 seconds
[2024-12-24T18:25:15.207+0000] {processor.py:186} INFO - Started process (PID=365) to work on /opt/airflow/dags/modules/transform.py
[2024-12-24T18:25:15.223+0000] {processor.py:914} INFO - Processing file /opt/airflow/dags/modules/transform.py for tasks to queue
[2024-12-24T18:25:15.228+0000] {logging_mixin.py:190} INFO - [2024-12-24T18:25:15.227+0000] {dagbag.py:588} INFO - Filling up the DagBag from /opt/airflow/dags/modules/transform.py
[2024-12-24T18:25:15.382+0000] {processor.py:927} WARNING - No viable dags retrieved from /opt/airflow/dags/modules/transform.py
[2024-12-24T18:25:15.408+0000] {processor.py:208} INFO - Processing /opt/airflow/dags/modules/transform.py took 0.212 seconds
[2024-12-24T18:25:48.642+0000] {processor.py:186} INFO - Started process (PID=377) to work on /opt/airflow/dags/modules/transform.py
[2024-12-24T18:25:48.644+0000] {processor.py:914} INFO - Processing file /opt/airflow/dags/modules/transform.py for tasks to queue
[2024-12-24T18:25:48.647+0000] {logging_mixin.py:190} INFO - [2024-12-24T18:25:48.647+0000] {dagbag.py:588} INFO - Filling up the DagBag from /opt/airflow/dags/modules/transform.py
[2024-12-24T18:25:48.785+0000] {processor.py:927} WARNING - No viable dags retrieved from /opt/airflow/dags/modules/transform.py
[2024-12-24T18:25:48.804+0000] {processor.py:208} INFO - Processing /opt/airflow/dags/modules/transform.py took 0.173 seconds
[2024-12-24T18:26:22.096+0000] {processor.py:186} INFO - Started process (PID=388) to work on /opt/airflow/dags/modules/transform.py
[2024-12-24T18:26:22.103+0000] {processor.py:914} INFO - Processing file /opt/airflow/dags/modules/transform.py for tasks to queue
[2024-12-24T18:26:22.112+0000] {logging_mixin.py:190} INFO - [2024-12-24T18:26:22.111+0000] {dagbag.py:588} INFO - Filling up the DagBag from /opt/airflow/dags/modules/transform.py
[2024-12-24T18:26:22.418+0000] {processor.py:927} WARNING - No viable dags retrieved from /opt/airflow/dags/modules/transform.py
[2024-12-24T18:26:22.448+0000] {processor.py:208} INFO - Processing /opt/airflow/dags/modules/transform.py took 0.366 seconds
[2024-12-24T18:26:55.257+0000] {processor.py:186} INFO - Started process (PID=400) to work on /opt/airflow/dags/modules/transform.py
[2024-12-24T18:26:55.258+0000] {processor.py:914} INFO - Processing file /opt/airflow/dags/modules/transform.py for tasks to queue
[2024-12-24T18:26:55.272+0000] {logging_mixin.py:190} INFO - [2024-12-24T18:26:55.271+0000] {dagbag.py:588} INFO - Filling up the DagBag from /opt/airflow/dags/modules/transform.py
[2024-12-24T18:26:55.750+0000] {processor.py:927} WARNING - No viable dags retrieved from /opt/airflow/dags/modules/transform.py
[2024-12-24T18:26:55.810+0000] {processor.py:208} INFO - Processing /opt/airflow/dags/modules/transform.py took 0.579 seconds
[2024-12-24T18:27:28.770+0000] {processor.py:186} INFO - Started process (PID=412) to work on /opt/airflow/dags/modules/transform.py
[2024-12-24T18:27:28.771+0000] {processor.py:914} INFO - Processing file /opt/airflow/dags/modules/transform.py for tasks to queue
[2024-12-24T18:27:28.775+0000] {logging_mixin.py:190} INFO - [2024-12-24T18:27:28.774+0000] {dagbag.py:588} INFO - Filling up the DagBag from /opt/airflow/dags/modules/transform.py
[2024-12-24T18:27:28.980+0000] {processor.py:927} WARNING - No viable dags retrieved from /opt/airflow/dags/modules/transform.py
[2024-12-24T18:27:29.016+0000] {processor.py:208} INFO - Processing /opt/airflow/dags/modules/transform.py took 0.258 seconds
[2024-12-24T18:28:02.460+0000] {processor.py:186} INFO - Started process (PID=424) to work on /opt/airflow/dags/modules/transform.py
[2024-12-24T18:28:02.475+0000] {processor.py:914} INFO - Processing file /opt/airflow/dags/modules/transform.py for tasks to queue
[2024-12-24T18:28:02.485+0000] {logging_mixin.py:190} INFO - [2024-12-24T18:28:02.479+0000] {dagbag.py:588} INFO - Filling up the DagBag from /opt/airflow/dags/modules/transform.py
[2024-12-24T18:28:02.753+0000] {processor.py:927} WARNING - No viable dags retrieved from /opt/airflow/dags/modules/transform.py
[2024-12-24T18:28:02.783+0000] {processor.py:208} INFO - Processing /opt/airflow/dags/modules/transform.py took 0.369 seconds
[2024-12-24T18:28:35.764+0000] {processor.py:186} INFO - Started process (PID=436) to work on /opt/airflow/dags/modules/transform.py
[2024-12-24T18:28:35.766+0000] {processor.py:914} INFO - Processing file /opt/airflow/dags/modules/transform.py for tasks to queue
[2024-12-24T18:28:35.774+0000] {logging_mixin.py:190} INFO - [2024-12-24T18:28:35.773+0000] {dagbag.py:588} INFO - Filling up the DagBag from /opt/airflow/dags/modules/transform.py
[2024-12-24T18:28:35.974+0000] {processor.py:927} WARNING - No viable dags retrieved from /opt/airflow/dags/modules/transform.py
[2024-12-24T18:28:35.998+0000] {processor.py:208} INFO - Processing /opt/airflow/dags/modules/transform.py took 0.252 seconds
[2024-12-24T18:29:08.276+0000] {processor.py:186} INFO - Started process (PID=442) to work on /opt/airflow/dags/modules/transform.py
[2024-12-24T18:29:08.277+0000] {processor.py:914} INFO - Processing file /opt/airflow/dags/modules/transform.py for tasks to queue
[2024-12-24T18:29:08.281+0000] {logging_mixin.py:190} INFO - [2024-12-24T18:29:08.280+0000] {dagbag.py:588} INFO - Filling up the DagBag from /opt/airflow/dags/modules/transform.py
[2024-12-24T18:29:08.564+0000] {processor.py:927} WARNING - No viable dags retrieved from /opt/airflow/dags/modules/transform.py
[2024-12-24T18:29:08.588+0000] {processor.py:208} INFO - Processing /opt/airflow/dags/modules/transform.py took 0.326 seconds
[2024-12-24T18:29:42.231+0000] {processor.py:186} INFO - Started process (PID=460) to work on /opt/airflow/dags/modules/transform.py
[2024-12-24T18:29:42.233+0000] {processor.py:914} INFO - Processing file /opt/airflow/dags/modules/transform.py for tasks to queue
[2024-12-24T18:29:42.238+0000] {logging_mixin.py:190} INFO - [2024-12-24T18:29:42.237+0000] {dagbag.py:588} INFO - Filling up the DagBag from /opt/airflow/dags/modules/transform.py
[2024-12-24T18:29:42.429+0000] {processor.py:927} WARNING - No viable dags retrieved from /opt/airflow/dags/modules/transform.py
[2024-12-24T18:29:42.469+0000] {processor.py:208} INFO - Processing /opt/airflow/dags/modules/transform.py took 0.249 seconds
[2024-12-24T18:30:15.220+0000] {processor.py:186} INFO - Started process (PID=466) to work on /opt/airflow/dags/modules/transform.py
[2024-12-24T18:30:15.247+0000] {processor.py:914} INFO - Processing file /opt/airflow/dags/modules/transform.py for tasks to queue
[2024-12-24T18:30:15.271+0000] {logging_mixin.py:190} INFO - [2024-12-24T18:30:15.268+0000] {dagbag.py:588} INFO - Filling up the DagBag from /opt/airflow/dags/modules/transform.py
[2024-12-24T18:30:15.534+0000] {processor.py:927} WARNING - No viable dags retrieved from /opt/airflow/dags/modules/transform.py
[2024-12-24T18:30:15.562+0000] {processor.py:208} INFO - Processing /opt/airflow/dags/modules/transform.py took 0.353 seconds
[2024-12-24T18:30:48.505+0000] {processor.py:186} INFO - Started process (PID=478) to work on /opt/airflow/dags/modules/transform.py
[2024-12-24T18:30:48.507+0000] {processor.py:914} INFO - Processing file /opt/airflow/dags/modules/transform.py for tasks to queue
[2024-12-24T18:30:48.510+0000] {logging_mixin.py:190} INFO - [2024-12-24T18:30:48.509+0000] {dagbag.py:588} INFO - Filling up the DagBag from /opt/airflow/dags/modules/transform.py
[2024-12-24T18:30:48.764+0000] {processor.py:927} WARNING - No viable dags retrieved from /opt/airflow/dags/modules/transform.py
[2024-12-24T18:30:48.831+0000] {processor.py:208} INFO - Processing /opt/airflow/dags/modules/transform.py took 0.342 seconds
[2024-12-24T18:31:21.797+0000] {processor.py:186} INFO - Started process (PID=491) to work on /opt/airflow/dags/modules/transform.py
[2024-12-24T18:31:21.802+0000] {processor.py:914} INFO - Processing file /opt/airflow/dags/modules/transform.py for tasks to queue
[2024-12-24T18:31:21.826+0000] {logging_mixin.py:190} INFO - [2024-12-24T18:31:21.825+0000] {dagbag.py:588} INFO - Filling up the DagBag from /opt/airflow/dags/modules/transform.py
[2024-12-24T18:31:22.055+0000] {processor.py:927} WARNING - No viable dags retrieved from /opt/airflow/dags/modules/transform.py
[2024-12-24T18:31:22.075+0000] {processor.py:208} INFO - Processing /opt/airflow/dags/modules/transform.py took 0.301 seconds
[2024-12-24T18:31:55.714+0000] {processor.py:186} INFO - Started process (PID=509) to work on /opt/airflow/dags/modules/transform.py
[2024-12-24T18:31:55.717+0000] {processor.py:914} INFO - Processing file /opt/airflow/dags/modules/transform.py for tasks to queue
[2024-12-24T18:31:55.733+0000] {logging_mixin.py:190} INFO - [2024-12-24T18:31:55.732+0000] {dagbag.py:588} INFO - Filling up the DagBag from /opt/airflow/dags/modules/transform.py
[2024-12-24T18:31:56.162+0000] {processor.py:927} WARNING - No viable dags retrieved from /opt/airflow/dags/modules/transform.py
[2024-12-24T18:31:56.182+0000] {processor.py:208} INFO - Processing /opt/airflow/dags/modules/transform.py took 0.528 seconds
[2024-12-24T18:32:28.673+0000] {processor.py:186} INFO - Started process (PID=515) to work on /opt/airflow/dags/modules/transform.py
[2024-12-24T18:32:28.674+0000] {processor.py:914} INFO - Processing file /opt/airflow/dags/modules/transform.py for tasks to queue
[2024-12-24T18:32:28.685+0000] {logging_mixin.py:190} INFO - [2024-12-24T18:32:28.684+0000] {dagbag.py:588} INFO - Filling up the DagBag from /opt/airflow/dags/modules/transform.py
[2024-12-24T18:32:28.994+0000] {processor.py:927} WARNING - No viable dags retrieved from /opt/airflow/dags/modules/transform.py
[2024-12-24T18:32:29.112+0000] {processor.py:208} INFO - Processing /opt/airflow/dags/modules/transform.py took 0.475 seconds
[2024-12-24T18:33:01.898+0000] {processor.py:186} INFO - Started process (PID=527) to work on /opt/airflow/dags/modules/transform.py
[2024-12-24T18:33:01.899+0000] {processor.py:914} INFO - Processing file /opt/airflow/dags/modules/transform.py for tasks to queue
[2024-12-24T18:33:01.903+0000] {logging_mixin.py:190} INFO - [2024-12-24T18:33:01.902+0000] {dagbag.py:588} INFO - Filling up the DagBag from /opt/airflow/dags/modules/transform.py
[2024-12-24T18:33:02.069+0000] {processor.py:927} WARNING - No viable dags retrieved from /opt/airflow/dags/modules/transform.py
[2024-12-24T18:33:02.095+0000] {processor.py:208} INFO - Processing /opt/airflow/dags/modules/transform.py took 0.212 seconds
[2024-12-24T18:33:35.579+0000] {processor.py:186} INFO - Started process (PID=539) to work on /opt/airflow/dags/modules/transform.py
[2024-12-24T18:33:35.604+0000] {processor.py:914} INFO - Processing file /opt/airflow/dags/modules/transform.py for tasks to queue
[2024-12-24T18:33:35.609+0000] {logging_mixin.py:190} INFO - [2024-12-24T18:33:35.608+0000] {dagbag.py:588} INFO - Filling up the DagBag from /opt/airflow/dags/modules/transform.py
[2024-12-24T18:33:35.901+0000] {processor.py:927} WARNING - No viable dags retrieved from /opt/airflow/dags/modules/transform.py
[2024-12-24T18:33:35.927+0000] {processor.py:208} INFO - Processing /opt/airflow/dags/modules/transform.py took 0.360 seconds
[2024-12-24T18:34:08.827+0000] {processor.py:186} INFO - Started process (PID=551) to work on /opt/airflow/dags/modules/transform.py
[2024-12-24T18:34:08.840+0000] {processor.py:914} INFO - Processing file /opt/airflow/dags/modules/transform.py for tasks to queue
[2024-12-24T18:34:08.844+0000] {logging_mixin.py:190} INFO - [2024-12-24T18:34:08.844+0000] {dagbag.py:588} INFO - Filling up the DagBag from /opt/airflow/dags/modules/transform.py
[2024-12-24T18:34:09.012+0000] {processor.py:927} WARNING - No viable dags retrieved from /opt/airflow/dags/modules/transform.py
[2024-12-24T18:34:09.036+0000] {processor.py:208} INFO - Processing /opt/airflow/dags/modules/transform.py took 0.221 seconds
[2024-12-24T18:34:41.835+0000] {processor.py:186} INFO - Started process (PID=563) to work on /opt/airflow/dags/modules/transform.py
[2024-12-24T18:34:41.837+0000] {processor.py:914} INFO - Processing file /opt/airflow/dags/modules/transform.py for tasks to queue
[2024-12-24T18:34:41.840+0000] {logging_mixin.py:190} INFO - [2024-12-24T18:34:41.839+0000] {dagbag.py:588} INFO - Filling up the DagBag from /opt/airflow/dags/modules/transform.py
[2024-12-24T18:34:41.975+0000] {processor.py:927} WARNING - No viable dags retrieved from /opt/airflow/dags/modules/transform.py
[2024-12-24T18:34:41.995+0000] {processor.py:208} INFO - Processing /opt/airflow/dags/modules/transform.py took 0.170 seconds
[2024-12-24T18:35:15.203+0000] {processor.py:186} INFO - Started process (PID=575) to work on /opt/airflow/dags/modules/transform.py
[2024-12-24T18:35:15.204+0000] {processor.py:914} INFO - Processing file /opt/airflow/dags/modules/transform.py for tasks to queue
[2024-12-24T18:35:15.209+0000] {logging_mixin.py:190} INFO - [2024-12-24T18:35:15.208+0000] {dagbag.py:588} INFO - Filling up the DagBag from /opt/airflow/dags/modules/transform.py
[2024-12-24T18:35:15.340+0000] {processor.py:927} WARNING - No viable dags retrieved from /opt/airflow/dags/modules/transform.py
[2024-12-24T18:35:15.358+0000] {processor.py:208} INFO - Processing /opt/airflow/dags/modules/transform.py took 0.167 seconds
[2024-12-24T18:35:48.633+0000] {processor.py:186} INFO - Started process (PID=586) to work on /opt/airflow/dags/modules/transform.py
[2024-12-24T18:35:48.634+0000] {processor.py:914} INFO - Processing file /opt/airflow/dags/modules/transform.py for tasks to queue
[2024-12-24T18:35:48.640+0000] {logging_mixin.py:190} INFO - [2024-12-24T18:35:48.638+0000] {dagbag.py:588} INFO - Filling up the DagBag from /opt/airflow/dags/modules/transform.py
[2024-12-24T18:35:48.947+0000] {processor.py:927} WARNING - No viable dags retrieved from /opt/airflow/dags/modules/transform.py
[2024-12-24T18:35:49.002+0000] {processor.py:208} INFO - Processing /opt/airflow/dags/modules/transform.py took 0.376 seconds
[2024-12-24T18:36:21.779+0000] {processor.py:186} INFO - Started process (PID=598) to work on /opt/airflow/dags/modules/transform.py
[2024-12-24T18:36:21.781+0000] {processor.py:914} INFO - Processing file /opt/airflow/dags/modules/transform.py for tasks to queue
[2024-12-24T18:36:21.784+0000] {logging_mixin.py:190} INFO - [2024-12-24T18:36:21.784+0000] {dagbag.py:588} INFO - Filling up the DagBag from /opt/airflow/dags/modules/transform.py
[2024-12-24T18:36:21.901+0000] {processor.py:927} WARNING - No viable dags retrieved from /opt/airflow/dags/modules/transform.py
[2024-12-24T18:36:21.918+0000] {processor.py:208} INFO - Processing /opt/airflow/dags/modules/transform.py took 0.148 seconds
[2024-12-24T18:36:55.300+0000] {processor.py:186} INFO - Started process (PID=610) to work on /opt/airflow/dags/modules/transform.py
[2024-12-24T18:36:55.303+0000] {processor.py:914} INFO - Processing file /opt/airflow/dags/modules/transform.py for tasks to queue
[2024-12-24T18:36:55.342+0000] {logging_mixin.py:190} INFO - [2024-12-24T18:36:55.341+0000] {dagbag.py:588} INFO - Filling up the DagBag from /opt/airflow/dags/modules/transform.py
[2024-12-24T18:36:55.664+0000] {processor.py:927} WARNING - No viable dags retrieved from /opt/airflow/dags/modules/transform.py
[2024-12-24T18:36:55.704+0000] {processor.py:208} INFO - Processing /opt/airflow/dags/modules/transform.py took 0.436 seconds
[2024-12-24T18:37:28.922+0000] {processor.py:186} INFO - Started process (PID=622) to work on /opt/airflow/dags/modules/transform.py
[2024-12-24T18:37:28.923+0000] {processor.py:914} INFO - Processing file /opt/airflow/dags/modules/transform.py for tasks to queue
[2024-12-24T18:37:28.928+0000] {logging_mixin.py:190} INFO - [2024-12-24T18:37:28.928+0000] {dagbag.py:588} INFO - Filling up the DagBag from /opt/airflow/dags/modules/transform.py
[2024-12-24T18:37:29.116+0000] {processor.py:927} WARNING - No viable dags retrieved from /opt/airflow/dags/modules/transform.py
[2024-12-24T18:37:29.137+0000] {processor.py:208} INFO - Processing /opt/airflow/dags/modules/transform.py took 0.228 seconds
[2024-12-24T18:38:01.708+0000] {processor.py:186} INFO - Started process (PID=634) to work on /opt/airflow/dags/modules/transform.py
[2024-12-24T18:38:01.716+0000] {processor.py:914} INFO - Processing file /opt/airflow/dags/modules/transform.py for tasks to queue
[2024-12-24T18:38:01.720+0000] {logging_mixin.py:190} INFO - [2024-12-24T18:38:01.719+0000] {dagbag.py:588} INFO - Filling up the DagBag from /opt/airflow/dags/modules/transform.py
[2024-12-24T18:38:01.866+0000] {processor.py:927} WARNING - No viable dags retrieved from /opt/airflow/dags/modules/transform.py
[2024-12-24T18:38:01.887+0000] {processor.py:208} INFO - Processing /opt/airflow/dags/modules/transform.py took 0.192 seconds
[2024-12-24T18:38:35.365+0000] {processor.py:186} INFO - Started process (PID=646) to work on /opt/airflow/dags/modules/transform.py
[2024-12-24T18:38:35.369+0000] {processor.py:914} INFO - Processing file /opt/airflow/dags/modules/transform.py for tasks to queue
[2024-12-24T18:38:35.373+0000] {logging_mixin.py:190} INFO - [2024-12-24T18:38:35.372+0000] {dagbag.py:588} INFO - Filling up the DagBag from /opt/airflow/dags/modules/transform.py
[2024-12-24T18:38:35.517+0000] {processor.py:927} WARNING - No viable dags retrieved from /opt/airflow/dags/modules/transform.py
[2024-12-24T18:38:35.542+0000] {processor.py:208} INFO - Processing /opt/airflow/dags/modules/transform.py took 0.187 seconds
[2024-12-24T18:39:08.880+0000] {processor.py:186} INFO - Started process (PID=658) to work on /opt/airflow/dags/modules/transform.py
[2024-12-24T18:39:08.899+0000] {processor.py:914} INFO - Processing file /opt/airflow/dags/modules/transform.py for tasks to queue
[2024-12-24T18:39:08.903+0000] {logging_mixin.py:190} INFO - [2024-12-24T18:39:08.902+0000] {dagbag.py:588} INFO - Filling up the DagBag from /opt/airflow/dags/modules/transform.py
[2024-12-24T18:39:09.054+0000] {processor.py:927} WARNING - No viable dags retrieved from /opt/airflow/dags/modules/transform.py
[2024-12-24T18:39:09.083+0000] {processor.py:208} INFO - Processing /opt/airflow/dags/modules/transform.py took 0.212 seconds
[2024-12-24T18:39:42.394+0000] {processor.py:186} INFO - Started process (PID=670) to work on /opt/airflow/dags/modules/transform.py
[2024-12-24T18:39:42.396+0000] {processor.py:914} INFO - Processing file /opt/airflow/dags/modules/transform.py for tasks to queue
[2024-12-24T18:39:42.401+0000] {logging_mixin.py:190} INFO - [2024-12-24T18:39:42.400+0000] {dagbag.py:588} INFO - Filling up the DagBag from /opt/airflow/dags/modules/transform.py
[2024-12-24T18:39:42.527+0000] {processor.py:927} WARNING - No viable dags retrieved from /opt/airflow/dags/modules/transform.py
[2024-12-24T18:39:42.547+0000] {processor.py:208} INFO - Processing /opt/airflow/dags/modules/transform.py took 0.163 seconds
[2024-12-24T18:40:15.745+0000] {processor.py:186} INFO - Started process (PID=682) to work on /opt/airflow/dags/modules/transform.py
[2024-12-24T18:40:15.761+0000] {processor.py:914} INFO - Processing file /opt/airflow/dags/modules/transform.py for tasks to queue
[2024-12-24T18:40:15.765+0000] {logging_mixin.py:190} INFO - [2024-12-24T18:40:15.764+0000] {dagbag.py:588} INFO - Filling up the DagBag from /opt/airflow/dags/modules/transform.py
[2024-12-24T18:40:15.920+0000] {processor.py:927} WARNING - No viable dags retrieved from /opt/airflow/dags/modules/transform.py
[2024-12-24T18:40:15.942+0000] {processor.py:208} INFO - Processing /opt/airflow/dags/modules/transform.py took 0.207 seconds
[2024-12-24T18:40:49.145+0000] {processor.py:186} INFO - Started process (PID=694) to work on /opt/airflow/dags/modules/transform.py
[2024-12-24T18:40:49.147+0000] {processor.py:914} INFO - Processing file /opt/airflow/dags/modules/transform.py for tasks to queue
[2024-12-24T18:40:49.151+0000] {logging_mixin.py:190} INFO - [2024-12-24T18:40:49.150+0000] {dagbag.py:588} INFO - Filling up the DagBag from /opt/airflow/dags/modules/transform.py
[2024-12-24T18:40:49.381+0000] {processor.py:927} WARNING - No viable dags retrieved from /opt/airflow/dags/modules/transform.py
[2024-12-24T18:40:49.414+0000] {processor.py:208} INFO - Processing /opt/airflow/dags/modules/transform.py took 0.288 seconds
[2024-12-24T18:41:21.771+0000] {processor.py:186} INFO - Started process (PID=707) to work on /opt/airflow/dags/modules/transform.py
[2024-12-24T18:41:21.780+0000] {processor.py:914} INFO - Processing file /opt/airflow/dags/modules/transform.py for tasks to queue
[2024-12-24T18:41:21.815+0000] {logging_mixin.py:190} INFO - [2024-12-24T18:41:21.813+0000] {dagbag.py:588} INFO - Filling up the DagBag from /opt/airflow/dags/modules/transform.py
[2024-12-24T18:41:22.092+0000] {processor.py:927} WARNING - No viable dags retrieved from /opt/airflow/dags/modules/transform.py
[2024-12-24T18:41:22.116+0000] {processor.py:208} INFO - Processing /opt/airflow/dags/modules/transform.py took 0.367 seconds
[2024-12-24T18:41:55.465+0000] {processor.py:186} INFO - Started process (PID=719) to work on /opt/airflow/dags/modules/transform.py
[2024-12-24T18:41:55.495+0000] {processor.py:914} INFO - Processing file /opt/airflow/dags/modules/transform.py for tasks to queue
[2024-12-24T18:41:55.500+0000] {logging_mixin.py:190} INFO - [2024-12-24T18:41:55.499+0000] {dagbag.py:588} INFO - Filling up the DagBag from /opt/airflow/dags/modules/transform.py
[2024-12-24T18:41:55.769+0000] {processor.py:927} WARNING - No viable dags retrieved from /opt/airflow/dags/modules/transform.py
[2024-12-24T18:41:55.804+0000] {processor.py:208} INFO - Processing /opt/airflow/dags/modules/transform.py took 0.355 seconds
[2024-12-24T18:42:28.589+0000] {processor.py:186} INFO - Started process (PID=731) to work on /opt/airflow/dags/modules/transform.py
[2024-12-24T18:42:28.590+0000] {processor.py:914} INFO - Processing file /opt/airflow/dags/modules/transform.py for tasks to queue
[2024-12-24T18:42:28.594+0000] {logging_mixin.py:190} INFO - [2024-12-24T18:42:28.593+0000] {dagbag.py:588} INFO - Filling up the DagBag from /opt/airflow/dags/modules/transform.py
[2024-12-24T18:42:28.808+0000] {processor.py:927} WARNING - No viable dags retrieved from /opt/airflow/dags/modules/transform.py
[2024-12-24T18:42:28.827+0000] {processor.py:208} INFO - Processing /opt/airflow/dags/modules/transform.py took 0.249 seconds
[2024-12-24T18:43:02.369+0000] {processor.py:186} INFO - Started process (PID=743) to work on /opt/airflow/dags/modules/transform.py
[2024-12-24T18:43:02.380+0000] {processor.py:914} INFO - Processing file /opt/airflow/dags/modules/transform.py for tasks to queue
[2024-12-24T18:43:02.386+0000] {logging_mixin.py:190} INFO - [2024-12-24T18:43:02.385+0000] {dagbag.py:588} INFO - Filling up the DagBag from /opt/airflow/dags/modules/transform.py
[2024-12-24T18:43:02.995+0000] {processor.py:927} WARNING - No viable dags retrieved from /opt/airflow/dags/modules/transform.py
[2024-12-24T18:43:03.054+0000] {processor.py:208} INFO - Processing /opt/airflow/dags/modules/transform.py took 0.730 seconds
[2024-12-24T18:43:36.071+0000] {processor.py:186} INFO - Started process (PID=754) to work on /opt/airflow/dags/modules/transform.py
[2024-12-24T18:43:36.104+0000] {processor.py:914} INFO - Processing file /opt/airflow/dags/modules/transform.py for tasks to queue
[2024-12-24T18:43:36.107+0000] {logging_mixin.py:190} INFO - [2024-12-24T18:43:36.107+0000] {dagbag.py:588} INFO - Filling up the DagBag from /opt/airflow/dags/modules/transform.py
[2024-12-24T18:43:36.430+0000] {processor.py:927} WARNING - No viable dags retrieved from /opt/airflow/dags/modules/transform.py
[2024-12-24T18:43:36.498+0000] {processor.py:208} INFO - Processing /opt/airflow/dags/modules/transform.py took 0.443 seconds
[2024-12-24T18:44:08.826+0000] {processor.py:186} INFO - Started process (PID=767) to work on /opt/airflow/dags/modules/transform.py
[2024-12-24T18:44:08.839+0000] {processor.py:914} INFO - Processing file /opt/airflow/dags/modules/transform.py for tasks to queue
[2024-12-24T18:44:08.843+0000] {logging_mixin.py:190} INFO - [2024-12-24T18:44:08.842+0000] {dagbag.py:588} INFO - Filling up the DagBag from /opt/airflow/dags/modules/transform.py
[2024-12-24T18:44:09.056+0000] {processor.py:927} WARNING - No viable dags retrieved from /opt/airflow/dags/modules/transform.py
[2024-12-24T18:44:09.081+0000] {processor.py:208} INFO - Processing /opt/airflow/dags/modules/transform.py took 0.266 seconds
[2024-12-24T18:44:41.812+0000] {processor.py:186} INFO - Started process (PID=779) to work on /opt/airflow/dags/modules/transform.py
[2024-12-24T18:44:41.813+0000] {processor.py:914} INFO - Processing file /opt/airflow/dags/modules/transform.py for tasks to queue
[2024-12-24T18:44:41.818+0000] {logging_mixin.py:190} INFO - [2024-12-24T18:44:41.817+0000] {dagbag.py:588} INFO - Filling up the DagBag from /opt/airflow/dags/modules/transform.py
[2024-12-24T18:44:41.987+0000] {processor.py:927} WARNING - No viable dags retrieved from /opt/airflow/dags/modules/transform.py
[2024-12-24T18:44:42.009+0000] {processor.py:208} INFO - Processing /opt/airflow/dags/modules/transform.py took 0.211 seconds
[2024-12-24T18:45:15.168+0000] {processor.py:186} INFO - Started process (PID=791) to work on /opt/airflow/dags/modules/transform.py
[2024-12-24T18:45:15.184+0000] {processor.py:914} INFO - Processing file /opt/airflow/dags/modules/transform.py for tasks to queue
[2024-12-24T18:45:15.188+0000] {logging_mixin.py:190} INFO - [2024-12-24T18:45:15.187+0000] {dagbag.py:588} INFO - Filling up the DagBag from /opt/airflow/dags/modules/transform.py
[2024-12-24T18:45:15.329+0000] {processor.py:927} WARNING - No viable dags retrieved from /opt/airflow/dags/modules/transform.py
[2024-12-24T18:45:15.350+0000] {processor.py:208} INFO - Processing /opt/airflow/dags/modules/transform.py took 0.194 seconds
[2024-12-24T18:45:48.836+0000] {processor.py:186} INFO - Started process (PID=803) to work on /opt/airflow/dags/modules/transform.py
[2024-12-24T18:45:48.838+0000] {processor.py:914} INFO - Processing file /opt/airflow/dags/modules/transform.py for tasks to queue
[2024-12-24T18:45:48.843+0000] {logging_mixin.py:190} INFO - [2024-12-24T18:45:48.842+0000] {dagbag.py:588} INFO - Filling up the DagBag from /opt/airflow/dags/modules/transform.py
[2024-12-24T18:45:49.194+0000] {processor.py:927} WARNING - No viable dags retrieved from /opt/airflow/dags/modules/transform.py
[2024-12-24T18:45:49.216+0000] {processor.py:208} INFO - Processing /opt/airflow/dags/modules/transform.py took 0.392 seconds
[2024-12-24T18:46:22.743+0000] {processor.py:186} INFO - Started process (PID=815) to work on /opt/airflow/dags/modules/transform.py
[2024-12-24T18:46:22.758+0000] {processor.py:914} INFO - Processing file /opt/airflow/dags/modules/transform.py for tasks to queue
[2024-12-24T18:46:22.768+0000] {logging_mixin.py:190} INFO - [2024-12-24T18:46:22.767+0000] {dagbag.py:588} INFO - Filling up the DagBag from /opt/airflow/dags/modules/transform.py
[2024-12-24T18:46:23.019+0000] {processor.py:927} WARNING - No viable dags retrieved from /opt/airflow/dags/modules/transform.py
[2024-12-24T18:46:23.041+0000] {processor.py:208} INFO - Processing /opt/airflow/dags/modules/transform.py took 0.319 seconds
[2024-12-24T18:46:28.234+0000] {processor.py:186} INFO - Started process (PID=826) to work on /opt/airflow/dags/modules/transform.py
[2024-12-24T18:46:28.235+0000] {processor.py:914} INFO - Processing file /opt/airflow/dags/modules/transform.py for tasks to queue
[2024-12-24T18:46:28.238+0000] {logging_mixin.py:190} INFO - [2024-12-24T18:46:28.237+0000] {dagbag.py:588} INFO - Filling up the DagBag from /opt/airflow/dags/modules/transform.py
[2024-12-24T18:46:28.372+0000] {processor.py:927} WARNING - No viable dags retrieved from /opt/airflow/dags/modules/transform.py
[2024-12-24T18:46:28.391+0000] {processor.py:208} INFO - Processing /opt/airflow/dags/modules/transform.py took 0.167 seconds
[2024-12-24T18:46:58.968+0000] {processor.py:186} INFO - Started process (PID=832) to work on /opt/airflow/dags/modules/transform.py
[2024-12-24T18:46:58.969+0000] {processor.py:914} INFO - Processing file /opt/airflow/dags/modules/transform.py for tasks to queue
[2024-12-24T18:46:58.973+0000] {logging_mixin.py:190} INFO - [2024-12-24T18:46:58.972+0000] {dagbag.py:588} INFO - Filling up the DagBag from /opt/airflow/dags/modules/transform.py
[2024-12-24T18:46:59.114+0000] {processor.py:927} WARNING - No viable dags retrieved from /opt/airflow/dags/modules/transform.py
[2024-12-24T18:46:59.134+0000] {processor.py:208} INFO - Processing /opt/airflow/dags/modules/transform.py took 0.177 seconds
[2024-12-24T18:47:34.128+0000] {processor.py:186} INFO - Started process (PID=849) to work on /opt/airflow/dags/modules/transform.py
[2024-12-24T18:47:34.158+0000] {processor.py:914} INFO - Processing file /opt/airflow/dags/modules/transform.py for tasks to queue
[2024-12-24T18:47:34.213+0000] {logging_mixin.py:190} INFO - [2024-12-24T18:47:34.213+0000] {dagbag.py:588} INFO - Filling up the DagBag from /opt/airflow/dags/modules/transform.py
[2024-12-24T18:47:34.992+0000] {processor.py:927} WARNING - No viable dags retrieved from /opt/airflow/dags/modules/transform.py
[2024-12-24T18:47:35.031+0000] {processor.py:208} INFO - Processing /opt/airflow/dags/modules/transform.py took 1.007 seconds
[2024-12-24T18:48:06.605+0000] {processor.py:186} INFO - Started process (PID=855) to work on /opt/airflow/dags/modules/transform.py
[2024-12-24T18:48:06.618+0000] {processor.py:914} INFO - Processing file /opt/airflow/dags/modules/transform.py for tasks to queue
[2024-12-24T18:48:06.622+0000] {logging_mixin.py:190} INFO - [2024-12-24T18:48:06.621+0000] {dagbag.py:588} INFO - Filling up the DagBag from /opt/airflow/dags/modules/transform.py
[2024-12-24T18:48:07.007+0000] {processor.py:927} WARNING - No viable dags retrieved from /opt/airflow/dags/modules/transform.py
[2024-12-24T18:48:07.082+0000] {processor.py:208} INFO - Processing /opt/airflow/dags/modules/transform.py took 0.529 seconds
[2024-12-24T18:48:17.784+0000] {processor.py:186} INFO - Started process (PID=863) to work on /opt/airflow/dags/modules/transform.py
[2024-12-24T18:48:17.805+0000] {processor.py:914} INFO - Processing file /opt/airflow/dags/modules/transform.py for tasks to queue
[2024-12-24T18:48:17.812+0000] {logging_mixin.py:190} INFO - [2024-12-24T18:48:17.812+0000] {dagbag.py:588} INFO - Filling up the DagBag from /opt/airflow/dags/modules/transform.py
[2024-12-24T18:48:18.155+0000] {processor.py:927} WARNING - No viable dags retrieved from /opt/airflow/dags/modules/transform.py
[2024-12-24T18:48:18.208+0000] {processor.py:208} INFO - Processing /opt/airflow/dags/modules/transform.py took 0.469 seconds
[2024-12-24T18:48:48.910+0000] {processor.py:186} INFO - Started process (PID=874) to work on /opt/airflow/dags/modules/transform.py
[2024-12-24T18:48:48.942+0000] {processor.py:914} INFO - Processing file /opt/airflow/dags/modules/transform.py for tasks to queue
[2024-12-24T18:48:48.947+0000] {logging_mixin.py:190} INFO - [2024-12-24T18:48:48.947+0000] {dagbag.py:588} INFO - Filling up the DagBag from /opt/airflow/dags/modules/transform.py
[2024-12-24T18:48:49.314+0000] {processor.py:927} WARNING - No viable dags retrieved from /opt/airflow/dags/modules/transform.py
[2024-12-24T18:48:49.385+0000] {processor.py:208} INFO - Processing /opt/airflow/dags/modules/transform.py took 0.504 seconds
[2024-12-24T18:49:19.726+0000] {processor.py:186} INFO - Started process (PID=886) to work on /opt/airflow/dags/modules/transform.py
[2024-12-24T18:49:19.728+0000] {processor.py:914} INFO - Processing file /opt/airflow/dags/modules/transform.py for tasks to queue
[2024-12-24T18:49:19.731+0000] {logging_mixin.py:190} INFO - [2024-12-24T18:49:19.731+0000] {dagbag.py:588} INFO - Filling up the DagBag from /opt/airflow/dags/modules/transform.py
[2024-12-24T18:49:19.867+0000] {processor.py:927} WARNING - No viable dags retrieved from /opt/airflow/dags/modules/transform.py
[2024-12-24T18:49:19.895+0000] {processor.py:208} INFO - Processing /opt/airflow/dags/modules/transform.py took 0.180 seconds
[2024-12-24T18:49:50.313+0000] {processor.py:186} INFO - Started process (PID=898) to work on /opt/airflow/dags/modules/transform.py
[2024-12-24T18:49:50.323+0000] {processor.py:914} INFO - Processing file /opt/airflow/dags/modules/transform.py for tasks to queue
[2024-12-24T18:49:50.344+0000] {logging_mixin.py:190} INFO - [2024-12-24T18:49:50.342+0000] {dagbag.py:588} INFO - Filling up the DagBag from /opt/airflow/dags/modules/transform.py
[2024-12-24T18:49:50.491+0000] {processor.py:927} WARNING - No viable dags retrieved from /opt/airflow/dags/modules/transform.py
[2024-12-24T18:49:50.513+0000] {processor.py:208} INFO - Processing /opt/airflow/dags/modules/transform.py took 0.212 seconds
[2024-12-24T18:50:21.001+0000] {processor.py:186} INFO - Started process (PID=904) to work on /opt/airflow/dags/modules/transform.py
[2024-12-24T18:50:21.003+0000] {processor.py:914} INFO - Processing file /opt/airflow/dags/modules/transform.py for tasks to queue
[2024-12-24T18:50:21.008+0000] {logging_mixin.py:190} INFO - [2024-12-24T18:50:21.008+0000] {dagbag.py:588} INFO - Filling up the DagBag from /opt/airflow/dags/modules/transform.py
[2024-12-24T18:50:21.173+0000] {processor.py:927} WARNING - No viable dags retrieved from /opt/airflow/dags/modules/transform.py
[2024-12-24T18:50:21.200+0000] {processor.py:208} INFO - Processing /opt/airflow/dags/modules/transform.py took 0.216 seconds
[2024-12-24T18:50:51.548+0000] {processor.py:186} INFO - Started process (PID=916) to work on /opt/airflow/dags/modules/transform.py
[2024-12-24T18:50:51.573+0000] {processor.py:914} INFO - Processing file /opt/airflow/dags/modules/transform.py for tasks to queue
[2024-12-24T18:50:51.577+0000] {logging_mixin.py:190} INFO - [2024-12-24T18:50:51.577+0000] {dagbag.py:588} INFO - Filling up the DagBag from /opt/airflow/dags/modules/transform.py
[2024-12-24T18:50:51.765+0000] {processor.py:927} WARNING - No viable dags retrieved from /opt/airflow/dags/modules/transform.py
[2024-12-24T18:50:51.802+0000] {processor.py:208} INFO - Processing /opt/airflow/dags/modules/transform.py took 0.268 seconds
[2024-12-24T18:51:22.126+0000] {processor.py:186} INFO - Started process (PID=925) to work on /opt/airflow/dags/modules/transform.py
[2024-12-24T18:51:22.133+0000] {processor.py:914} INFO - Processing file /opt/airflow/dags/modules/transform.py for tasks to queue
[2024-12-24T18:51:22.152+0000] {logging_mixin.py:190} INFO - [2024-12-24T18:51:22.142+0000] {dagbag.py:588} INFO - Filling up the DagBag from /opt/airflow/dags/modules/transform.py
[2024-12-24T18:51:22.367+0000] {processor.py:927} WARNING - No viable dags retrieved from /opt/airflow/dags/modules/transform.py
[2024-12-24T18:51:22.386+0000] {processor.py:208} INFO - Processing /opt/airflow/dags/modules/transform.py took 0.307 seconds
[2024-12-24T18:51:55.747+0000] {processor.py:186} INFO - Started process (PID=937) to work on /opt/airflow/dags/modules/transform.py
[2024-12-24T18:51:55.750+0000] {processor.py:914} INFO - Processing file /opt/airflow/dags/modules/transform.py for tasks to queue
[2024-12-24T18:51:55.754+0000] {logging_mixin.py:190} INFO - [2024-12-24T18:51:55.754+0000] {dagbag.py:588} INFO - Filling up the DagBag from /opt/airflow/dags/modules/transform.py
[2024-12-24T18:51:55.941+0000] {processor.py:927} WARNING - No viable dags retrieved from /opt/airflow/dags/modules/transform.py
[2024-12-24T18:51:55.966+0000] {processor.py:208} INFO - Processing /opt/airflow/dags/modules/transform.py took 0.239 seconds
[2024-12-24T18:52:28.607+0000] {processor.py:186} INFO - Started process (PID=951) to work on /opt/airflow/dags/modules/transform.py
[2024-12-24T18:52:28.609+0000] {processor.py:914} INFO - Processing file /opt/airflow/dags/modules/transform.py for tasks to queue
[2024-12-24T18:52:28.613+0000] {logging_mixin.py:190} INFO - [2024-12-24T18:52:28.612+0000] {dagbag.py:588} INFO - Filling up the DagBag from /opt/airflow/dags/modules/transform.py
[2024-12-24T18:52:28.827+0000] {processor.py:927} WARNING - No viable dags retrieved from /opt/airflow/dags/modules/transform.py
[2024-12-24T18:52:28.884+0000] {processor.py:208} INFO - Processing /opt/airflow/dags/modules/transform.py took 0.292 seconds
[2024-12-24T18:53:02.314+0000] {processor.py:186} INFO - Started process (PID=961) to work on /opt/airflow/dags/modules/transform.py
[2024-12-24T18:53:02.317+0000] {processor.py:914} INFO - Processing file /opt/airflow/dags/modules/transform.py for tasks to queue
[2024-12-24T18:53:02.322+0000] {logging_mixin.py:190} INFO - [2024-12-24T18:53:02.321+0000] {dagbag.py:588} INFO - Filling up the DagBag from /opt/airflow/dags/modules/transform.py
[2024-12-24T18:53:02.509+0000] {processor.py:927} WARNING - No viable dags retrieved from /opt/airflow/dags/modules/transform.py
[2024-12-24T18:53:02.533+0000] {processor.py:208} INFO - Processing /opt/airflow/dags/modules/transform.py took 0.238 seconds
[2024-12-24T18:53:35.664+0000] {processor.py:186} INFO - Started process (PID=973) to work on /opt/airflow/dags/modules/transform.py
[2024-12-24T18:53:35.666+0000] {processor.py:914} INFO - Processing file /opt/airflow/dags/modules/transform.py for tasks to queue
[2024-12-24T18:53:35.671+0000] {logging_mixin.py:190} INFO - [2024-12-24T18:53:35.671+0000] {dagbag.py:588} INFO - Filling up the DagBag from /opt/airflow/dags/modules/transform.py
[2024-12-24T18:53:35.812+0000] {processor.py:927} WARNING - No viable dags retrieved from /opt/airflow/dags/modules/transform.py
[2024-12-24T18:53:35.832+0000] {processor.py:208} INFO - Processing /opt/airflow/dags/modules/transform.py took 0.182 seconds
[2024-12-24T18:54:09.278+0000] {processor.py:186} INFO - Started process (PID=985) to work on /opt/airflow/dags/modules/transform.py
[2024-12-24T18:54:09.279+0000] {processor.py:914} INFO - Processing file /opt/airflow/dags/modules/transform.py for tasks to queue
[2024-12-24T18:54:09.283+0000] {logging_mixin.py:190} INFO - [2024-12-24T18:54:09.282+0000] {dagbag.py:588} INFO - Filling up the DagBag from /opt/airflow/dags/modules/transform.py
[2024-12-24T18:54:09.443+0000] {processor.py:927} WARNING - No viable dags retrieved from /opt/airflow/dags/modules/transform.py
[2024-12-24T18:54:09.481+0000] {processor.py:208} INFO - Processing /opt/airflow/dags/modules/transform.py took 0.216 seconds
[2024-12-24T18:54:42.124+0000] {processor.py:186} INFO - Started process (PID=997) to work on /opt/airflow/dags/modules/transform.py
[2024-12-24T18:54:42.125+0000] {processor.py:914} INFO - Processing file /opt/airflow/dags/modules/transform.py for tasks to queue
[2024-12-24T18:54:42.129+0000] {logging_mixin.py:190} INFO - [2024-12-24T18:54:42.128+0000] {dagbag.py:588} INFO - Filling up the DagBag from /opt/airflow/dags/modules/transform.py
[2024-12-24T18:54:42.288+0000] {processor.py:927} WARNING - No viable dags retrieved from /opt/airflow/dags/modules/transform.py
[2024-12-24T18:54:42.317+0000] {processor.py:208} INFO - Processing /opt/airflow/dags/modules/transform.py took 0.206 seconds
[2024-12-24T18:55:16.034+0000] {processor.py:186} INFO - Started process (PID=1008) to work on /opt/airflow/dags/modules/transform.py
[2024-12-24T18:55:16.036+0000] {processor.py:914} INFO - Processing file /opt/airflow/dags/modules/transform.py for tasks to queue
[2024-12-24T18:55:16.039+0000] {logging_mixin.py:190} INFO - [2024-12-24T18:55:16.039+0000] {dagbag.py:588} INFO - Filling up the DagBag from /opt/airflow/dags/modules/transform.py
[2024-12-24T18:55:16.042+0000] {logging_mixin.py:190} INFO - [2024-12-24T18:55:16.041+0000] {dagbag.py:366} INFO - File /opt/airflow/dags/modules/transform.py assumed to contain no DAGs. Skipping.
[2024-12-24T18:55:16.042+0000] {processor.py:927} WARNING - No viable dags retrieved from /opt/airflow/dags/modules/transform.py
[2024-12-24T18:55:16.065+0000] {processor.py:208} INFO - Processing /opt/airflow/dags/modules/transform.py took 0.042 seconds
[2024-12-24T18:55:48.648+0000] {processor.py:186} INFO - Started process (PID=1020) to work on /opt/airflow/dags/modules/transform.py
[2024-12-24T18:55:48.650+0000] {processor.py:914} INFO - Processing file /opt/airflow/dags/modules/transform.py for tasks to queue
[2024-12-24T18:55:48.655+0000] {logging_mixin.py:190} INFO - [2024-12-24T18:55:48.654+0000] {dagbag.py:588} INFO - Filling up the DagBag from /opt/airflow/dags/modules/transform.py
[2024-12-24T18:55:48.657+0000] {logging_mixin.py:190} INFO - [2024-12-24T18:55:48.657+0000] {dagbag.py:366} INFO - File /opt/airflow/dags/modules/transform.py assumed to contain no DAGs. Skipping.
[2024-12-24T18:55:48.658+0000] {processor.py:927} WARNING - No viable dags retrieved from /opt/airflow/dags/modules/transform.py
[2024-12-24T18:55:48.681+0000] {processor.py:208} INFO - Processing /opt/airflow/dags/modules/transform.py took 0.045 seconds
[2024-12-24T18:56:22.354+0000] {processor.py:186} INFO - Started process (PID=1032) to work on /opt/airflow/dags/modules/transform.py
[2024-12-24T18:56:22.357+0000] {processor.py:914} INFO - Processing file /opt/airflow/dags/modules/transform.py for tasks to queue
[2024-12-24T18:56:22.361+0000] {logging_mixin.py:190} INFO - [2024-12-24T18:56:22.360+0000] {dagbag.py:588} INFO - Filling up the DagBag from /opt/airflow/dags/modules/transform.py
[2024-12-24T18:56:22.364+0000] {logging_mixin.py:190} INFO - [2024-12-24T18:56:22.363+0000] {dagbag.py:366} INFO - File /opt/airflow/dags/modules/transform.py assumed to contain no DAGs. Skipping.
[2024-12-24T18:56:22.365+0000] {processor.py:927} WARNING - No viable dags retrieved from /opt/airflow/dags/modules/transform.py
[2024-12-24T18:56:22.388+0000] {processor.py:208} INFO - Processing /opt/airflow/dags/modules/transform.py took 0.045 seconds
