[2024-12-25T20:21:33.405+0000] {local_task_job_runner.py:123} INFO - ::group::Pre task execution logs
[2024-12-25T20:21:33.431+0000] {taskinstance.py:2613} INFO - Dependencies all met for dep_context=non-requeueable deps ti=<TaskInstance: gold_finance_data_pipeline.fetch_max_date_task manual__2024-12-25T20:21:17.751060+00:00 [queued]>
[2024-12-25T20:21:33.452+0000] {taskinstance.py:2613} INFO - Dependencies all met for dep_context=requeueable deps ti=<TaskInstance: gold_finance_data_pipeline.fetch_max_date_task manual__2024-12-25T20:21:17.751060+00:00 [queued]>
[2024-12-25T20:21:33.452+0000] {taskinstance.py:2866} INFO - Starting attempt 1 of 3
[2024-12-25T20:21:33.503+0000] {taskinstance.py:2889} INFO - Executing <Task(PythonOperator): fetch_max_date_task> on 2024-12-25 20:21:17.751060+00:00
[2024-12-25T20:21:33.511+0000] {warnings.py:112} WARNING - /home/***/.local/lib/python3.12/site-packages/***/task/task_runner/standard_task_runner.py:70: DeprecationWarning: This process (pid=3291) is multi-threaded, use of fork() may lead to deadlocks in the child.
  pid = os.fork()

[2024-12-25T20:21:33.517+0000] {standard_task_runner.py:72} INFO - Started process 3293 to run task
[2024-12-25T20:21:33.518+0000] {standard_task_runner.py:104} INFO - Running: ['***', 'tasks', 'run', 'gold_finance_data_pipeline', 'fetch_max_date_task', 'manual__2024-12-25T20:21:17.751060+00:00', '--job-id', '36', '--raw', '--subdir', 'DAGS_FOLDER/Gold_finance_etl_dags.py', '--cfg-path', '/tmp/tmpwrfj7jje']
[2024-12-25T20:21:33.522+0000] {standard_task_runner.py:105} INFO - Job 36: Subtask fetch_max_date_task
[2024-12-25T20:21:33.620+0000] {task_command.py:467} INFO - Running <TaskInstance: gold_finance_data_pipeline.fetch_max_date_task manual__2024-12-25T20:21:17.751060+00:00 [running]> on host 3dbe838a1c54
[2024-12-25T20:21:33.741+0000] {taskinstance.py:3132} INFO - Exporting env vars: AIRFLOW_CTX_DAG_OWNER='***' AIRFLOW_CTX_DAG_ID='gold_finance_data_pipeline' AIRFLOW_CTX_TASK_ID='fetch_max_date_task' AIRFLOW_CTX_EXECUTION_DATE='2024-12-25T20:21:17.751060+00:00' AIRFLOW_CTX_TRY_NUMBER='1' AIRFLOW_CTX_DAG_RUN_ID='manual__2024-12-25T20:21:17.751060+00:00'
[2024-12-25T20:21:33.744+0000] {taskinstance.py:731} INFO - ::endgroup::
[2024-12-25T20:21:33.810+0000] {logging_mixin.py:190} INFO - Error fetching max date: name 'PostgresHook' is not defined
[2024-12-25T20:21:33.811+0000] {python.py:240} INFO - Done. Returned value was: 2000-01-01 00:00:00
[2024-12-25T20:21:33.888+0000] {taskinstance.py:340} INFO - ::group::Post task execution logs
[2024-12-25T20:21:33.888+0000] {taskinstance.py:352} INFO - Marking task as SUCCESS. dag_id=gold_finance_data_pipeline, task_id=fetch_max_date_task, run_id=manual__2024-12-25T20:21:17.751060+00:00, execution_date=20241225T202117, start_date=20241225T202133, end_date=20241225T202133
[2024-12-25T20:21:33.977+0000] {local_task_job_runner.py:266} INFO - Task exited with return code 0
[2024-12-25T20:21:34.014+0000] {taskinstance.py:3895} INFO - 1 downstream tasks scheduled from follow-on schedule check
[2024-12-25T20:21:34.019+0000] {local_task_job_runner.py:245} INFO - ::endgroup::
