[2024-12-26T17:30:27.688+0000] {local_task_job_runner.py:123} INFO - ::group::Pre task execution logs
[2024-12-26T17:30:27.714+0000] {taskinstance.py:2613} INFO - Dependencies all met for dep_context=non-requeueable deps ti=<TaskInstance: gold_finance_data_pipeline.create_tmp_directories manual__2024-12-26T17:30:20.514649+00:00 [queued]>
[2024-12-26T17:30:27.728+0000] {taskinstance.py:2613} INFO - Dependencies all met for dep_context=requeueable deps ti=<TaskInstance: gold_finance_data_pipeline.create_tmp_directories manual__2024-12-26T17:30:20.514649+00:00 [queued]>
[2024-12-26T17:30:27.730+0000] {taskinstance.py:2866} INFO - Starting attempt 1 of 3
[2024-12-26T17:30:27.751+0000] {taskinstance.py:2889} INFO - Executing <Task(BashOperator): create_tmp_directories> on 2024-12-26 17:30:20.514649+00:00
[2024-12-26T17:30:27.765+0000] {warnings.py:112} WARNING - /home/***/.local/lib/python3.12/site-packages/***/task/task_runner/standard_task_runner.py:70: DeprecationWarning: This process (pid=178) is multi-threaded, use of fork() may lead to deadlocks in the child.
  pid = os.fork()

[2024-12-26T17:30:27.768+0000] {standard_task_runner.py:72} INFO - Started process 183 to run task
[2024-12-26T17:30:27.770+0000] {standard_task_runner.py:104} INFO - Running: ['***', 'tasks', 'run', 'gold_finance_data_pipeline', 'create_tmp_directories', 'manual__2024-12-26T17:30:20.514649+00:00', '--job-id', '97', '--raw', '--subdir', 'DAGS_FOLDER/Gold_finance_etl_dags.py', '--cfg-path', '/tmp/tmp7_mj3p6r']
[2024-12-26T17:30:27.776+0000] {standard_task_runner.py:105} INFO - Job 97: Subtask create_tmp_directories
[2024-12-26T17:30:27.888+0000] {task_command.py:467} INFO - Running <TaskInstance: gold_finance_data_pipeline.create_tmp_directories manual__2024-12-26T17:30:20.514649+00:00 [running]> on host 1719f7511137
[2024-12-26T17:30:28.495+0000] {taskinstance.py:3132} INFO - Exporting env vars: AIRFLOW_CTX_DAG_OWNER='***' AIRFLOW_CTX_DAG_ID='gold_finance_data_pipeline' AIRFLOW_CTX_TASK_ID='create_tmp_directories' AIRFLOW_CTX_EXECUTION_DATE='2024-12-26T17:30:20.514649+00:00' AIRFLOW_CTX_TRY_NUMBER='1' AIRFLOW_CTX_DAG_RUN_ID='manual__2024-12-26T17:30:20.514649+00:00'
[2024-12-26T17:30:28.496+0000] {taskinstance.py:731} INFO - ::endgroup::
[2024-12-26T17:30:28.547+0000] {subprocess.py:78} INFO - Tmp dir root location: /tmp
[2024-12-26T17:30:28.550+0000] {subprocess.py:88} INFO - Running command: ['/usr/bin/bash', '-c', 'mkdir -p /tmp/raw /tmp/transformed_finance_data']
[2024-12-26T17:30:28.582+0000] {subprocess.py:99} INFO - Output:
[2024-12-26T17:30:28.591+0000] {subprocess.py:110} INFO - Command exited with return code 0
[2024-12-26T17:30:28.637+0000] {taskinstance.py:340} INFO - ::group::Post task execution logs
[2024-12-26T17:30:28.637+0000] {taskinstance.py:352} INFO - Marking task as SUCCESS. dag_id=gold_finance_data_pipeline, task_id=create_tmp_directories, run_id=manual__2024-12-26T17:30:20.514649+00:00, execution_date=20241226T173020, start_date=20241226T173027, end_date=20241226T173028
[2024-12-26T17:30:28.679+0000] {local_task_job_runner.py:266} INFO - Task exited with return code 0
[2024-12-26T17:30:28.731+0000] {taskinstance.py:3895} INFO - 0 downstream tasks scheduled from follow-on schedule check
[2024-12-26T17:30:28.734+0000] {local_task_job_runner.py:245} INFO - ::endgroup::
