[2024-12-26T19:12:54.288+0000] {local_task_job_runner.py:123} INFO - ::group::Pre task execution logs
[2024-12-26T19:12:54.309+0000] {taskinstance.py:2613} INFO - Dependencies all met for dep_context=non-requeueable deps ti=<TaskInstance: gold_finance_data_pipeline.extract_data_task manual__2024-12-26T19:12:39.641412+00:00 [queued]>
[2024-12-26T19:12:54.321+0000] {taskinstance.py:2613} INFO - Dependencies all met for dep_context=requeueable deps ti=<TaskInstance: gold_finance_data_pipeline.extract_data_task manual__2024-12-26T19:12:39.641412+00:00 [queued]>
[2024-12-26T19:12:54.322+0000] {taskinstance.py:2866} INFO - Starting attempt 1 of 3
[2024-12-26T19:12:54.342+0000] {taskinstance.py:2889} INFO - Executing <Task(PythonOperator): extract_data_task> on 2024-12-26 19:12:39.641412+00:00
[2024-12-26T19:12:54.351+0000] {warnings.py:112} WARNING - /home/***/.local/lib/python3.12/site-packages/***/task/task_runner/standard_task_runner.py:70: DeprecationWarning: This process (pid=1474) is multi-threaded, use of fork() may lead to deadlocks in the child.
  pid = os.fork()

[2024-12-26T19:12:54.353+0000] {standard_task_runner.py:72} INFO - Started process 1476 to run task
[2024-12-26T19:12:54.354+0000] {standard_task_runner.py:104} INFO - Running: ['***', 'tasks', 'run', 'gold_finance_data_pipeline', 'extract_data_task', 'manual__2024-12-26T19:12:39.641412+00:00', '--job-id', '116', '--raw', '--subdir', 'DAGS_FOLDER/Gold_finance_etl_dags.py', '--cfg-path', '/tmp/tmps3gtxc9z']
[2024-12-26T19:12:54.358+0000] {standard_task_runner.py:105} INFO - Job 116: Subtask extract_data_task
[2024-12-26T19:12:54.421+0000] {task_command.py:467} INFO - Running <TaskInstance: gold_finance_data_pipeline.extract_data_task manual__2024-12-26T19:12:39.641412+00:00 [running]> on host 1719f7511137
[2024-12-26T19:12:54.549+0000] {taskinstance.py:3132} INFO - Exporting env vars: AIRFLOW_CTX_DAG_OWNER='***' AIRFLOW_CTX_DAG_ID='gold_finance_data_pipeline' AIRFLOW_CTX_TASK_ID='extract_data_task' AIRFLOW_CTX_EXECUTION_DATE='2024-12-26T19:12:39.641412+00:00' AIRFLOW_CTX_TRY_NUMBER='1' AIRFLOW_CTX_DAG_RUN_ID='manual__2024-12-26T19:12:39.641412+00:00'
[2024-12-26T19:12:54.551+0000] {taskinstance.py:731} INFO - ::endgroup::
[2024-12-26T19:12:57.281+0000] {warnings.py:112} WARNING - /opt/***/dags/Gold_finance_etl_dags.py:70: FutureWarning: The behavior of DataFrame concatenation with empty or all-NA entries is deprecated. In a future version, this will no longer exclude empty or all-NA columns when determining the result dtypes. To retain the old behavior, exclude the relevant entries before the concat operation.
  df_combined = pd.concat(df_list, ignore_index=True)

[2024-12-26T19:12:57.334+0000] {python.py:240} INFO - Done. Returned value was: None
[2024-12-26T19:12:57.359+0000] {taskinstance.py:340} INFO - ::group::Post task execution logs
[2024-12-26T19:12:57.360+0000] {taskinstance.py:352} INFO - Marking task as SUCCESS. dag_id=gold_finance_data_pipeline, task_id=extract_data_task, run_id=manual__2024-12-26T19:12:39.641412+00:00, execution_date=20241226T191239, start_date=20241226T191254, end_date=20241226T191257
[2024-12-26T19:12:57.473+0000] {local_task_job_runner.py:266} INFO - Task exited with return code 0
[2024-12-26T19:12:57.548+0000] {taskinstance.py:3895} INFO - 1 downstream tasks scheduled from follow-on schedule check
[2024-12-26T19:12:57.551+0000] {local_task_job_runner.py:245} INFO - ::endgroup::
