[2024-12-26T18:56:51.851+0000] {local_task_job_runner.py:123} INFO - ::group::Pre task execution logs
[2024-12-26T18:56:51.881+0000] {taskinstance.py:2613} INFO - Dependencies all met for dep_context=non-requeueable deps ti=<TaskInstance: gold_finance_data_pipeline.pyspark_task manual__2024-12-26T18:56:25.713702+00:00 [queued]>
[2024-12-26T18:56:51.894+0000] {taskinstance.py:2613} INFO - Dependencies all met for dep_context=requeueable deps ti=<TaskInstance: gold_finance_data_pipeline.pyspark_task manual__2024-12-26T18:56:25.713702+00:00 [queued]>
[2024-12-26T18:56:51.895+0000] {taskinstance.py:2866} INFO - Starting attempt 1 of 3
[2024-12-26T18:56:51.914+0000] {taskinstance.py:2889} INFO - Executing <Task(PythonOperator): pyspark_task> on 2024-12-26 18:56:25.713702+00:00
[2024-12-26T18:56:51.922+0000] {warnings.py:112} WARNING - /home/***/.local/lib/python3.12/site-packages/***/task/task_runner/standard_task_runner.py:70: DeprecationWarning: This process (pid=1232) is multi-threaded, use of fork() may lead to deadlocks in the child.
  pid = os.fork()

[2024-12-26T18:56:51.925+0000] {standard_task_runner.py:72} INFO - Started process 1234 to run task
[2024-12-26T18:56:51.926+0000] {standard_task_runner.py:104} INFO - Running: ['***', 'tasks', 'run', 'gold_finance_data_pipeline', 'pyspark_task', 'manual__2024-12-26T18:56:25.713702+00:00', '--job-id', '109', '--raw', '--subdir', 'DAGS_FOLDER/Gold_finance_etl_dags.py', '--cfg-path', '/tmp/tmpyrm41g02']
[2024-12-26T18:56:51.930+0000] {standard_task_runner.py:105} INFO - Job 109: Subtask pyspark_task
[2024-12-26T18:56:52.000+0000] {task_command.py:467} INFO - Running <TaskInstance: gold_finance_data_pipeline.pyspark_task manual__2024-12-26T18:56:25.713702+00:00 [running]> on host 1719f7511137
[2024-12-26T18:56:52.116+0000] {taskinstance.py:3132} INFO - Exporting env vars: AIRFLOW_CTX_DAG_OWNER='***' AIRFLOW_CTX_DAG_ID='gold_finance_data_pipeline' AIRFLOW_CTX_TASK_ID='pyspark_task' AIRFLOW_CTX_EXECUTION_DATE='2024-12-26T18:56:25.713702+00:00' AIRFLOW_CTX_TRY_NUMBER='1' AIRFLOW_CTX_DAG_RUN_ID='manual__2024-12-26T18:56:25.713702+00:00'
[2024-12-26T18:56:52.118+0000] {taskinstance.py:731} INFO - ::endgroup::
[2024-12-26T18:56:52.281+0000] {logging_mixin.py:190} INFO - An error occurred: [JAVA_GATEWAY_EXITED] Java gateway process exited before sending its port number.
[2024-12-26T18:56:52.282+0000] {python.py:240} INFO - Done. Returned value was: None
[2024-12-26T18:56:52.300+0000] {taskinstance.py:340} INFO - ::group::Post task execution logs
[2024-12-26T18:56:52.300+0000] {taskinstance.py:352} INFO - Marking task as SUCCESS. dag_id=gold_finance_data_pipeline, task_id=pyspark_task, run_id=manual__2024-12-26T18:56:25.713702+00:00, execution_date=20241226T185625, start_date=20241226T185651, end_date=20241226T185652
[2024-12-26T18:56:52.342+0000] {local_task_job_runner.py:266} INFO - Task exited with return code 0
[2024-12-26T18:56:52.384+0000] {taskinstance.py:3895} INFO - 1 downstream tasks scheduled from follow-on schedule check
[2024-12-26T18:56:52.391+0000] {local_task_job_runner.py:245} INFO - ::endgroup::
