[2024-12-26T17:30:40.879+0000] {local_task_job_runner.py:123} INFO - ::group::Pre task execution logs
[2024-12-26T17:30:40.912+0000] {taskinstance.py:2613} INFO - Dependencies all met for dep_context=non-requeueable deps ti=<TaskInstance: gold_finance_data_pipeline.pyspark_task manual__2024-12-26T17:30:20.514649+00:00 [queued]>
[2024-12-26T17:30:40.929+0000] {taskinstance.py:2613} INFO - Dependencies all met for dep_context=requeueable deps ti=<TaskInstance: gold_finance_data_pipeline.pyspark_task manual__2024-12-26T17:30:20.514649+00:00 [queued]>
[2024-12-26T17:30:40.930+0000] {taskinstance.py:2866} INFO - Starting attempt 1 of 3
[2024-12-26T17:30:40.956+0000] {taskinstance.py:2889} INFO - Executing <Task(PythonOperator): pyspark_task> on 2024-12-26 17:30:20.514649+00:00
[2024-12-26T17:30:40.964+0000] {warnings.py:112} WARNING - /home/***/.local/lib/python3.12/site-packages/***/task/task_runner/standard_task_runner.py:70: DeprecationWarning: This process (pid=195) is multi-threaded, use of fork() may lead to deadlocks in the child.
  pid = os.fork()

[2024-12-26T17:30:40.966+0000] {standard_task_runner.py:72} INFO - Started process 197 to run task
[2024-12-26T17:30:40.966+0000] {standard_task_runner.py:104} INFO - Running: ['***', 'tasks', 'run', 'gold_finance_data_pipeline', 'pyspark_task', 'manual__2024-12-26T17:30:20.514649+00:00', '--job-id', '101', '--raw', '--subdir', 'DAGS_FOLDER/Gold_finance_etl_dags.py', '--cfg-path', '/tmp/tmpqw1uanh7']
[2024-12-26T17:30:40.970+0000] {standard_task_runner.py:105} INFO - Job 101: Subtask pyspark_task
[2024-12-26T17:30:41.031+0000] {task_command.py:467} INFO - Running <TaskInstance: gold_finance_data_pipeline.pyspark_task manual__2024-12-26T17:30:20.514649+00:00 [running]> on host 1719f7511137
[2024-12-26T17:30:41.203+0000] {taskinstance.py:3132} INFO - Exporting env vars: AIRFLOW_CTX_DAG_OWNER='***' AIRFLOW_CTX_DAG_ID='gold_finance_data_pipeline' AIRFLOW_CTX_TASK_ID='pyspark_task' AIRFLOW_CTX_EXECUTION_DATE='2024-12-26T17:30:20.514649+00:00' AIRFLOW_CTX_TRY_NUMBER='1' AIRFLOW_CTX_DAG_RUN_ID='manual__2024-12-26T17:30:20.514649+00:00'
[2024-12-26T17:30:41.205+0000] {taskinstance.py:731} INFO - ::endgroup::
[2024-12-26T17:30:41.356+0000] {logging_mixin.py:190} INFO - An error occurred: [JAVA_GATEWAY_EXITED] Java gateway process exited before sending its port number.
[2024-12-26T17:30:41.357+0000] {python.py:240} INFO - Done. Returned value was: None
[2024-12-26T17:30:41.377+0000] {taskinstance.py:340} INFO - ::group::Post task execution logs
[2024-12-26T17:30:41.378+0000] {taskinstance.py:352} INFO - Marking task as SUCCESS. dag_id=gold_finance_data_pipeline, task_id=pyspark_task, run_id=manual__2024-12-26T17:30:20.514649+00:00, execution_date=20241226T173020, start_date=20241226T173040, end_date=20241226T173041
[2024-12-26T17:30:41.423+0000] {local_task_job_runner.py:266} INFO - Task exited with return code 0
[2024-12-26T17:30:41.504+0000] {taskinstance.py:3895} INFO - 1 downstream tasks scheduled from follow-on schedule check
[2024-12-26T17:30:41.509+0000] {local_task_job_runner.py:245} INFO - ::endgroup::
