[2024-12-29T17:59:07.274+0000] {local_task_job_runner.py:123} INFO - ::group::Pre task execution logs
[2024-12-29T17:59:07.300+0000] {taskinstance.py:2613} INFO - Dependencies all met for dep_context=non-requeueable deps ti=<TaskInstance: gold_finance_data_pipeline.pyspark_task manual__2024-12-29T17:59:00.375206+00:00 [queued]>
[2024-12-29T17:59:07.318+0000] {taskinstance.py:2613} INFO - Dependencies all met for dep_context=requeueable deps ti=<TaskInstance: gold_finance_data_pipeline.pyspark_task manual__2024-12-29T17:59:00.375206+00:00 [queued]>
[2024-12-29T17:59:07.318+0000] {taskinstance.py:2866} INFO - Starting attempt 1 of 3
[2024-12-29T17:59:07.352+0000] {taskinstance.py:2889} INFO - Executing <Task(PythonOperator): pyspark_task> on 2024-12-29 17:59:00.375206+00:00
[2024-12-29T17:59:07.371+0000] {warnings.py:112} WARNING - /home/***/.local/lib/python3.12/site-packages/***/task/task_runner/standard_task_runner.py:70: DeprecationWarning: This process (pid=123) is multi-threaded, use of fork() may lead to deadlocks in the child.
  pid = os.fork()

[2024-12-29T17:59:07.374+0000] {standard_task_runner.py:72} INFO - Started process 125 to run task
[2024-12-29T17:59:07.379+0000] {standard_task_runner.py:104} INFO - Running: ['***', 'tasks', 'run', 'gold_finance_data_pipeline', 'pyspark_task', 'manual__2024-12-29T17:59:00.375206+00:00', '--job-id', '216', '--raw', '--subdir', 'DAGS_FOLDER/Gold_finance_etl_dags.py', '--cfg-path', '/tmp/tmpc3ubss3v']
[2024-12-29T17:59:07.386+0000] {standard_task_runner.py:105} INFO - Job 216: Subtask pyspark_task
[2024-12-29T17:59:07.502+0000] {task_command.py:467} INFO - Running <TaskInstance: gold_finance_data_pipeline.pyspark_task manual__2024-12-29T17:59:00.375206+00:00 [running]> on host 77bcd09e75b5
[2024-12-29T17:59:07.670+0000] {taskinstance.py:3132} INFO - Exporting env vars: AIRFLOW_CTX_DAG_OWNER='***' AIRFLOW_CTX_DAG_ID='gold_finance_data_pipeline' AIRFLOW_CTX_TASK_ID='pyspark_task' AIRFLOW_CTX_EXECUTION_DATE='2024-12-29T17:59:00.375206+00:00' AIRFLOW_CTX_TRY_NUMBER='1' AIRFLOW_CTX_DAG_RUN_ID='manual__2024-12-29T17:59:00.375206+00:00'
[2024-12-29T17:59:07.673+0000] {taskinstance.py:731} INFO - ::endgroup::
[2024-12-29T17:59:44.387+0000] {logging_mixin.py:190} INFO - An error occurred: [Errno 21] Is a directory: './dags/tmp/transformed_data'
[2024-12-29T17:59:44.388+0000] {python.py:240} INFO - Done. Returned value was: None
[2024-12-29T17:59:44.406+0000] {taskinstance.py:340} INFO - ::group::Post task execution logs
[2024-12-29T17:59:44.407+0000] {taskinstance.py:352} INFO - Marking task as SUCCESS. dag_id=gold_finance_data_pipeline, task_id=pyspark_task, run_id=manual__2024-12-29T17:59:00.375206+00:00, execution_date=20241229T175900, start_date=20241229T175907, end_date=20241229T175944
[2024-12-29T17:59:44.445+0000] {local_task_job_runner.py:266} INFO - Task exited with return code 0
[2024-12-29T17:59:44.503+0000] {taskinstance.py:3895} INFO - 1 downstream tasks scheduled from follow-on schedule check
[2024-12-29T17:59:44.512+0000] {local_task_job_runner.py:245} INFO - ::endgroup::
