[2024-12-28T17:34:07.417+0000] {local_task_job_runner.py:123} INFO - ::group::Pre task execution logs
[2024-12-28T17:34:07.440+0000] {taskinstance.py:2613} INFO - Dependencies all met for dep_context=non-requeueable deps ti=<TaskInstance: gold_finance_data_pipeline.fetch_max_date_task manual__2024-12-28T17:33:53.184587+00:00 [queued]>
[2024-12-28T17:34:07.451+0000] {taskinstance.py:2613} INFO - Dependencies all met for dep_context=requeueable deps ti=<TaskInstance: gold_finance_data_pipeline.fetch_max_date_task manual__2024-12-28T17:33:53.184587+00:00 [queued]>
[2024-12-28T17:34:07.451+0000] {taskinstance.py:2866} INFO - Starting attempt 1 of 3
[2024-12-28T17:34:07.471+0000] {taskinstance.py:2889} INFO - Executing <Task(PythonOperator): fetch_max_date_task> on 2024-12-28 17:33:53.184587+00:00
[2024-12-28T17:34:07.485+0000] {warnings.py:112} WARNING - /home/***/.local/lib/python3.12/site-packages/***/task/task_runner/standard_task_runner.py:70: DeprecationWarning: This process (pid=92) is multi-threaded, use of fork() may lead to deadlocks in the child.
  pid = os.fork()

[2024-12-28T17:34:07.487+0000] {standard_task_runner.py:72} INFO - Started process 94 to run task
[2024-12-28T17:34:07.488+0000] {standard_task_runner.py:104} INFO - Running: ['***', 'tasks', 'run', 'gold_finance_data_pipeline', 'fetch_max_date_task', 'manual__2024-12-28T17:33:53.184587+00:00', '--job-id', '126', '--raw', '--subdir', 'DAGS_FOLDER/Gold_finance_etl_dags.py', '--cfg-path', '/tmp/tmp27b01t_1']
[2024-12-28T17:34:07.492+0000] {standard_task_runner.py:105} INFO - Job 126: Subtask fetch_max_date_task
[2024-12-28T17:34:07.563+0000] {task_command.py:467} INFO - Running <TaskInstance: gold_finance_data_pipeline.fetch_max_date_task manual__2024-12-28T17:33:53.184587+00:00 [running]> on host 50f2539e24d8
[2024-12-28T17:34:07.691+0000] {taskinstance.py:3132} INFO - Exporting env vars: AIRFLOW_CTX_DAG_OWNER='***' AIRFLOW_CTX_DAG_ID='gold_finance_data_pipeline' AIRFLOW_CTX_TASK_ID='fetch_max_date_task' AIRFLOW_CTX_EXECUTION_DATE='2024-12-28T17:33:53.184587+00:00' AIRFLOW_CTX_TRY_NUMBER='1' AIRFLOW_CTX_DAG_RUN_ID='manual__2024-12-28T17:33:53.184587+00:00'
[2024-12-28T17:34:07.693+0000] {taskinstance.py:731} INFO - ::endgroup::
[2024-12-28T17:34:07.710+0000] {logging_mixin.py:190} INFO - Error fetching max date: name 'PostgresHook' is not defined
[2024-12-28T17:34:07.711+0000] {python.py:240} INFO - Done. Returned value was: 2000-01-01 00:00:00
[2024-12-28T17:34:07.743+0000] {taskinstance.py:340} INFO - ::group::Post task execution logs
[2024-12-28T17:34:07.744+0000] {taskinstance.py:352} INFO - Marking task as SUCCESS. dag_id=gold_finance_data_pipeline, task_id=fetch_max_date_task, run_id=manual__2024-12-28T17:33:53.184587+00:00, execution_date=20241228T173353, start_date=20241228T173407, end_date=20241228T173407
[2024-12-28T17:34:07.785+0000] {local_task_job_runner.py:266} INFO - Task exited with return code 0
[2024-12-28T17:34:07.838+0000] {taskinstance.py:3895} INFO - 1 downstream tasks scheduled from follow-on schedule check
[2024-12-28T17:34:07.842+0000] {local_task_job_runner.py:245} INFO - ::endgroup::
