[2024-12-26T18:56:36.997+0000] {local_task_job_runner.py:123} INFO - ::group::Pre task execution logs
[2024-12-26T18:56:37.027+0000] {taskinstance.py:2613} INFO - Dependencies all met for dep_context=non-requeueable deps ti=<TaskInstance: gold_finance_data_pipeline.create_tmp_directories manual__2024-12-26T18:56:25.713702+00:00 [queued]>
[2024-12-26T18:56:37.043+0000] {taskinstance.py:2613} INFO - Dependencies all met for dep_context=requeueable deps ti=<TaskInstance: gold_finance_data_pipeline.create_tmp_directories manual__2024-12-26T18:56:25.713702+00:00 [queued]>
[2024-12-26T18:56:37.043+0000] {taskinstance.py:2866} INFO - Starting attempt 1 of 3
[2024-12-26T18:56:37.066+0000] {taskinstance.py:2889} INFO - Executing <Task(BashOperator): create_tmp_directories> on 2024-12-26 18:56:25.713702+00:00
[2024-12-26T18:56:37.076+0000] {warnings.py:112} WARNING - /home/***/.local/lib/python3.12/site-packages/***/task/task_runner/standard_task_runner.py:70: DeprecationWarning: This process (pid=1219) is multi-threaded, use of fork() may lead to deadlocks in the child.
  pid = os.fork()

[2024-12-26T18:56:37.078+0000] {standard_task_runner.py:72} INFO - Started process 1221 to run task
[2024-12-26T18:56:37.080+0000] {standard_task_runner.py:104} INFO - Running: ['***', 'tasks', 'run', 'gold_finance_data_pipeline', 'create_tmp_directories', 'manual__2024-12-26T18:56:25.713702+00:00', '--job-id', '106', '--raw', '--subdir', 'DAGS_FOLDER/Gold_finance_etl_dags.py', '--cfg-path', '/tmp/tmpd4htk4tx']
[2024-12-26T18:56:37.084+0000] {standard_task_runner.py:105} INFO - Job 106: Subtask create_tmp_directories
[2024-12-26T18:56:37.159+0000] {task_command.py:467} INFO - Running <TaskInstance: gold_finance_data_pipeline.create_tmp_directories manual__2024-12-26T18:56:25.713702+00:00 [running]> on host 1719f7511137
[2024-12-26T18:56:37.340+0000] {taskinstance.py:3132} INFO - Exporting env vars: AIRFLOW_CTX_DAG_OWNER='***' AIRFLOW_CTX_DAG_ID='gold_finance_data_pipeline' AIRFLOW_CTX_TASK_ID='create_tmp_directories' AIRFLOW_CTX_EXECUTION_DATE='2024-12-26T18:56:25.713702+00:00' AIRFLOW_CTX_TRY_NUMBER='1' AIRFLOW_CTX_DAG_RUN_ID='manual__2024-12-26T18:56:25.713702+00:00'
[2024-12-26T18:56:37.346+0000] {taskinstance.py:731} INFO - ::endgroup::
[2024-12-26T18:56:37.401+0000] {subprocess.py:78} INFO - Tmp dir root location: /tmp
[2024-12-26T18:56:37.402+0000] {subprocess.py:88} INFO - Running command: ['/usr/bin/bash', '-c', 'mkdir -p /tmp/raw /tmp/transformed_finance_data']
[2024-12-26T18:56:37.432+0000] {subprocess.py:99} INFO - Output:
[2024-12-26T18:56:37.444+0000] {subprocess.py:110} INFO - Command exited with return code 0
[2024-12-26T18:56:37.508+0000] {taskinstance.py:340} INFO - ::group::Post task execution logs
[2024-12-26T18:56:37.509+0000] {taskinstance.py:352} INFO - Marking task as SUCCESS. dag_id=gold_finance_data_pipeline, task_id=create_tmp_directories, run_id=manual__2024-12-26T18:56:25.713702+00:00, execution_date=20241226T185625, start_date=20241226T185637, end_date=20241226T185637
[2024-12-26T18:56:37.576+0000] {local_task_job_runner.py:266} INFO - Task exited with return code 0
[2024-12-26T18:56:37.627+0000] {taskinstance.py:3895} INFO - 1 downstream tasks scheduled from follow-on schedule check
[2024-12-26T18:56:37.631+0000] {local_task_job_runner.py:245} INFO - ::endgroup::
